[1.457s] Invoking command in '/home/anoushka/ros_workspace/src/build/euler_to_quat': PYTHONPATH=/home/anoushka/ros_workspace/src/install/euler_to_quat/lib/python3.10/site-packages:${PYTHONPATH} /usr/bin/python3 setup.py develop --prefix /home/anoushka/ros_workspace/src/install/euler_to_quat --editable --build-directory /home/anoushka/ros_workspace/src/build/euler_to_quat/build --no-deps install_data --install-dir /home/anoushka/ros_workspace/src/install/euler_to_quat
[1.971s] running develop
[1.972s] /usr/lib/python3/dist-packages/setuptools/command/easy_install.py:158: EasyInstallDeprecationWarning: easy_install command is deprecated. Use build and pip and other standards-based tools.
[1.972s]   warnings.warn(
[1.973s] /usr/lib/python3/dist-packages/setuptools/command/install.py:34: SetuptoolsDeprecationWarning: setup.py install is deprecated. Use build and pip and other standards-based tools.
[1.973s]   warnings.warn(
[2.035s] /usr/lib/python3/dist-packages/pkg_resources/__init__.py:116: PkgResourcesDeprecationWarning: 1.1build1 is an invalid version and will not be supported in a future release
[2.035s]   warnings.warn(
[2.036s] /usr/lib/python3/dist-packages/pkg_resources/__init__.py:116: PkgResourcesDeprecationWarning: 0.1.43ubuntu1 is an invalid version and will not be supported in a future release
[2.036s]   warnings.warn(
[2.144s] running egg_info
[2.145s] writing euler_to_quat.egg-info/PKG-INFO
[2.145s] writing dependency_links to euler_to_quat.egg-info/dependency_links.txt
[2.145s] writing entry points to euler_to_quat.egg-info/entry_points.txt
[2.146s] writing requirements to euler_to_quat.egg-info/requires.txt
[2.146s] writing top-level names to euler_to_quat.egg-info/top_level.txt
[2.150s] reading manifest file 'euler_to_quat.egg-info/SOURCES.txt'
[2.151s] writing manifest file 'euler_to_quat.egg-info/SOURCES.txt'
[2.151s] running build_ext
[2.151s] Creating /home/anoushka/ros_workspace/src/install/euler_to_quat/lib/python3.10/site-packages/euler-to-quat.egg-link (link to .)
[2.151s] Installing listener script to /home/anoushka/ros_workspace/src/install/euler_to_quat/lib/euler_to_quat
[2.151s] 
[2.151s] Installed /home/anoushka/ros_workspace/src/build/euler_to_quat
[2.152s] running install_data
[2.189s] Invoked command in '/home/anoushka/ros_workspace/src/build/euler_to_quat' returned '0': PYTHONPATH=/home/anoushka/ros_workspace/src/install/euler_to_quat/lib/python3.10/site-packages:${PYTHONPATH} /usr/bin/python3 setup.py develop --prefix /home/anoushka/ros_workspace/src/install/euler_to_quat --editable --build-directory /home/anoushka/ros_workspace/src/build/euler_to_quat/build --no-deps install_data --install-dir /home/anoushka/ros_workspace/src/install/euler_to_quat
