[0.198s] DEBUG:colcon:Command line arguments: ['/usr/bin/colcon', 'build', '--symlink-install']
[0.198s] DEBUG:colcon:Parsed command line arguments: Namespace(log_base=None, log_level=None, verb_name='build', build_base='build', install_base='install', merge_install=False, symlink_install=True, test_result_base=None, continue_on_error=False, executor='parallel', parallel_workers=12, event_handlers=None, ignore_user_meta=False, metas=['./colcon.meta'], base_paths=['.'], packages_ignore=None, packages_ignore_regex=None, paths=None, packages_up_to=None, packages_up_to_regex=None, packages_above=None, packages_above_and_dependencies=None, packages_above_depth=None, packages_select_by_dep=None, packages_skip_by_dep=None, packages_skip_up_to=None, packages_select_build_failed=False, packages_skip_build_finished=False, packages_select_test_failures=False, packages_skip_test_passed=False, packages_select=None, packages_skip=None, packages_select_regex=None, packages_skip_regex=None, packages_start=None, packages_end=None, allow_overriding=[], cmake_args=None, cmake_target=None, cmake_target_skip_unavailable=False, cmake_clean_cache=False, cmake_clean_first=False, cmake_force_configure=False, ament_cmake_args=None, catkin_cmake_args=None, catkin_skip_building_tests=False, verb_parser=<colcon_defaults.argument_parser.defaults.DefaultArgumentsDecorator object at 0x7feb3419a680>, verb_extension=<colcon_core.verb.build.BuildVerb object at 0x7feb34ae0520>, main=<bound method BuildVerb.main of <colcon_core.verb.build.BuildVerb object at 0x7feb34ae0520>>)
[0.217s] Level 1:colcon.colcon_core.package_discovery:discover_packages(colcon_meta) check parameters
[0.217s] Level 1:colcon.colcon_core.package_discovery:discover_packages(recursive) check parameters
[0.217s] Level 1:colcon.colcon_core.package_discovery:discover_packages(ignore) check parameters
[0.217s] Level 1:colcon.colcon_core.package_discovery:discover_packages(path) check parameters
[0.217s] Level 1:colcon.colcon_core.package_discovery:discover_packages(colcon_meta) discover
[0.217s] Level 1:colcon.colcon_core.package_discovery:discover_packages(recursive) discover
[0.217s] INFO:colcon.colcon_core.package_discovery:Crawling recursively for packages in '/home/anoushka/ros_workspace/src'
[0.217s] Level 1:colcon.colcon_core.package_identification:_identify(.) by extensions ['ignore', 'ignore_ament_install']
[0.217s] Level 1:colcon.colcon_core.package_identification:_identify(.) by extension 'ignore'
[0.217s] Level 1:colcon.colcon_core.package_identification:_identify(.) by extension 'ignore_ament_install'
[0.217s] Level 1:colcon.colcon_core.package_identification:_identify(.) by extensions ['colcon_pkg']
[0.217s] Level 1:colcon.colcon_core.package_identification:_identify(.) by extension 'colcon_pkg'
[0.217s] Level 1:colcon.colcon_core.package_identification:_identify(.) by extensions ['colcon_meta']
[0.217s] Level 1:colcon.colcon_core.package_identification:_identify(.) by extension 'colcon_meta'
[0.218s] Level 1:colcon.colcon_core.package_identification:_identify(.) by extensions ['ros']
[0.218s] Level 1:colcon.colcon_core.package_identification:_identify(.) by extension 'ros'
[0.236s] Level 1:colcon.colcon_core.package_identification:_identify(.) by extensions ['cmake', 'python']
[0.237s] Level 1:colcon.colcon_core.package_identification:_identify(.) by extension 'cmake'
[0.237s] Level 1:colcon.colcon_core.package_identification:_identify(.) by extension 'python'
[0.237s] Level 1:colcon.colcon_core.package_identification:_identify(.) by extensions ['python_setup_py']
[0.237s] Level 1:colcon.colcon_core.package_identification:_identify(.) by extension 'python_setup_py'
[0.237s] Level 1:colcon.colcon_core.package_identification:_identify(build) by extensions ['ignore', 'ignore_ament_install']
[0.237s] Level 1:colcon.colcon_core.package_identification:_identify(build) by extension 'ignore'
[0.237s] Level 1:colcon.colcon_core.package_identification:_identify(build) ignored
[0.237s] Level 1:colcon.colcon_core.package_identification:_identify(euler_to_quat) by extensions ['ignore', 'ignore_ament_install']
[0.237s] Level 1:colcon.colcon_core.package_identification:_identify(euler_to_quat) by extension 'ignore'
[0.237s] Level 1:colcon.colcon_core.package_identification:_identify(euler_to_quat) by extension 'ignore_ament_install'
[0.237s] Level 1:colcon.colcon_core.package_identification:_identify(euler_to_quat) by extensions ['colcon_pkg']
[0.237s] Level 1:colcon.colcon_core.package_identification:_identify(euler_to_quat) by extension 'colcon_pkg'
[0.237s] Level 1:colcon.colcon_core.package_identification:_identify(euler_to_quat) by extensions ['colcon_meta']
[0.237s] Level 1:colcon.colcon_core.package_identification:_identify(euler_to_quat) by extension 'colcon_meta'
[0.237s] Level 1:colcon.colcon_core.package_identification:_identify(euler_to_quat) by extensions ['ros']
[0.237s] Level 1:colcon.colcon_core.package_identification:_identify(euler_to_quat) by extension 'ros'
[0.239s] DEBUG:colcon.colcon_core.package_identification:Package 'euler_to_quat' with type 'ros.ament_python' and name 'euler_to_quat'
[0.239s] Level 1:colcon.colcon_core.package_identification:_identify(install) by extensions ['ignore', 'ignore_ament_install']
[0.239s] Level 1:colcon.colcon_core.package_identification:_identify(install) by extension 'ignore'
[0.239s] Level 1:colcon.colcon_core.package_identification:_identify(install) ignored
[0.239s] Level 1:colcon.colcon_core.package_identification:_identify(log) by extensions ['ignore', 'ignore_ament_install']
[0.239s] Level 1:colcon.colcon_core.package_identification:_identify(log) by extension 'ignore'
[0.239s] Level 1:colcon.colcon_core.package_identification:_identify(log) ignored
[0.239s] Level 1:colcon.colcon_core.package_identification:_identify(my_package) by extensions ['ignore', 'ignore_ament_install']
[0.239s] Level 1:colcon.colcon_core.package_identification:_identify(my_package) by extension 'ignore'
[0.240s] Level 1:colcon.colcon_core.package_identification:_identify(my_package) by extension 'ignore_ament_install'
[0.240s] Level 1:colcon.colcon_core.package_identification:_identify(my_package) by extensions ['colcon_pkg']
[0.240s] Level 1:colcon.colcon_core.package_identification:_identify(my_package) by extension 'colcon_pkg'
[0.240s] Level 1:colcon.colcon_core.package_identification:_identify(my_package) by extensions ['colcon_meta']
[0.240s] Level 1:colcon.colcon_core.package_identification:_identify(my_package) by extension 'colcon_meta'
[0.240s] Level 1:colcon.colcon_core.package_identification:_identify(my_package) by extensions ['ros']
[0.240s] Level 1:colcon.colcon_core.package_identification:_identify(my_package) by extension 'ros'
[0.240s] DEBUG:colcon.colcon_core.package_identification:Package 'my_package' with type 'ros.ament_python' and name 'my_package'
[0.240s] Level 1:colcon.colcon_core.package_identification:_identify(opencv_test_py) by extensions ['ignore', 'ignore_ament_install']
[0.240s] Level 1:colcon.colcon_core.package_identification:_identify(opencv_test_py) by extension 'ignore'
[0.240s] Level 1:colcon.colcon_core.package_identification:_identify(opencv_test_py) by extension 'ignore_ament_install'
[0.240s] Level 1:colcon.colcon_core.package_identification:_identify(opencv_test_py) by extensions ['colcon_pkg']
[0.240s] Level 1:colcon.colcon_core.package_identification:_identify(opencv_test_py) by extension 'colcon_pkg'
[0.240s] Level 1:colcon.colcon_core.package_identification:_identify(opencv_test_py) by extensions ['colcon_meta']
[0.240s] Level 1:colcon.colcon_core.package_identification:_identify(opencv_test_py) by extension 'colcon_meta'
[0.240s] Level 1:colcon.colcon_core.package_identification:_identify(opencv_test_py) by extensions ['ros']
[0.240s] Level 1:colcon.colcon_core.package_identification:_identify(opencv_test_py) by extension 'ros'
[0.241s] DEBUG:colcon.colcon_core.package_identification:Package 'opencv_test_py' with type 'ros.ament_python' and name 'opencv_test_py'
[0.241s] Level 1:colcon.colcon_core.package_identification:_identify(rrbot_simulation_files) by extensions ['ignore', 'ignore_ament_install']
[0.241s] Level 1:colcon.colcon_core.package_identification:_identify(rrbot_simulation_files) by extension 'ignore'
[0.241s] Level 1:colcon.colcon_core.package_identification:_identify(rrbot_simulation_files) by extension 'ignore_ament_install'
[0.241s] Level 1:colcon.colcon_core.package_identification:_identify(rrbot_simulation_files) by extensions ['colcon_pkg']
[0.241s] Level 1:colcon.colcon_core.package_identification:_identify(rrbot_simulation_files) by extension 'colcon_pkg'
[0.241s] Level 1:colcon.colcon_core.package_identification:_identify(rrbot_simulation_files) by extensions ['colcon_meta']
[0.241s] Level 1:colcon.colcon_core.package_identification:_identify(rrbot_simulation_files) by extension 'colcon_meta'
[0.241s] Level 1:colcon.colcon_core.package_identification:_identify(rrbot_simulation_files) by extensions ['ros']
[0.241s] Level 1:colcon.colcon_core.package_identification:_identify(rrbot_simulation_files) by extension 'ros'
[0.241s] Level 1:colcon.colcon_core.package_identification:_identify(rrbot_simulation_files) by extensions ['cmake', 'python']
[0.241s] Level 1:colcon.colcon_core.package_identification:_identify(rrbot_simulation_files) by extension 'cmake'
[0.241s] Level 1:colcon.colcon_core.package_identification:_identify(rrbot_simulation_files) by extension 'python'
[0.241s] Level 1:colcon.colcon_core.package_identification:_identify(rrbot_simulation_files) by extensions ['python_setup_py']
[0.241s] Level 1:colcon.colcon_core.package_identification:_identify(rrbot_simulation_files) by extension 'python_setup_py'
[0.241s] Level 1:colcon.colcon_core.package_identification:_identify(rrbot_simulation_files/rrbot_description) by extensions ['ignore', 'ignore_ament_install']
[0.241s] Level 1:colcon.colcon_core.package_identification:_identify(rrbot_simulation_files/rrbot_description) by extension 'ignore'
[0.241s] Level 1:colcon.colcon_core.package_identification:_identify(rrbot_simulation_files/rrbot_description) by extension 'ignore_ament_install'
[0.241s] Level 1:colcon.colcon_core.package_identification:_identify(rrbot_simulation_files/rrbot_description) by extensions ['colcon_pkg']
[0.241s] Level 1:colcon.colcon_core.package_identification:_identify(rrbot_simulation_files/rrbot_description) by extension 'colcon_pkg'
[0.241s] Level 1:colcon.colcon_core.package_identification:_identify(rrbot_simulation_files/rrbot_description) by extensions ['colcon_meta']
[0.241s] Level 1:colcon.colcon_core.package_identification:_identify(rrbot_simulation_files/rrbot_description) by extension 'colcon_meta'
[0.241s] Level 1:colcon.colcon_core.package_identification:_identify(rrbot_simulation_files/rrbot_description) by extensions ['ros']
[0.242s] Level 1:colcon.colcon_core.package_identification:_identify(rrbot_simulation_files/rrbot_description) by extension 'ros'
[0.242s] DEBUG:colcon.colcon_core.package_identification:Package 'rrbot_simulation_files/rrbot_description' with type 'ros.ament_cmake' and name 'rrbot_description'
[0.242s] Level 1:colcon.colcon_core.package_identification:_identify(rrbot_simulation_files/rrbot_gazebo) by extensions ['ignore', 'ignore_ament_install']
[0.242s] Level 1:colcon.colcon_core.package_identification:_identify(rrbot_simulation_files/rrbot_gazebo) by extension 'ignore'
[0.242s] Level 1:colcon.colcon_core.package_identification:_identify(rrbot_simulation_files/rrbot_gazebo) by extension 'ignore_ament_install'
[0.242s] Level 1:colcon.colcon_core.package_identification:_identify(rrbot_simulation_files/rrbot_gazebo) by extensions ['colcon_pkg']
[0.242s] Level 1:colcon.colcon_core.package_identification:_identify(rrbot_simulation_files/rrbot_gazebo) by extension 'colcon_pkg'
[0.242s] Level 1:colcon.colcon_core.package_identification:_identify(rrbot_simulation_files/rrbot_gazebo) by extensions ['colcon_meta']
[0.242s] Level 1:colcon.colcon_core.package_identification:_identify(rrbot_simulation_files/rrbot_gazebo) by extension 'colcon_meta'
[0.242s] Level 1:colcon.colcon_core.package_identification:_identify(rrbot_simulation_files/rrbot_gazebo) by extensions ['ros']
[0.242s] Level 1:colcon.colcon_core.package_identification:_identify(rrbot_simulation_files/rrbot_gazebo) by extension 'ros'
[0.243s] DEBUG:colcon.colcon_core.package_identification:Package 'rrbot_simulation_files/rrbot_gazebo' with type 'ros.ament_cmake' and name 'rrbot_gazebo'
[0.243s] Level 1:colcon.colcon_core.package_discovery:discover_packages(recursive) using defaults
[0.243s] Level 1:colcon.colcon_core.package_discovery:discover_packages(ignore) discover
[0.243s] Level 1:colcon.colcon_core.package_discovery:discover_packages(ignore) using defaults
[0.243s] Level 1:colcon.colcon_core.package_discovery:discover_packages(path) discover
[0.243s] Level 1:colcon.colcon_core.package_discovery:discover_packages(path) using defaults
[0.263s] Level 1:colcon.colcon_core.package_discovery:discover_packages(prefix_path) check parameters
[0.263s] Level 1:colcon.colcon_core.package_discovery:discover_packages(prefix_path) discover
[0.266s] DEBUG:colcon.colcon_installed_package_information.package_discovery:Found 5 installed packages in /home/anoushka/ros_workspace/src/install
[0.267s] DEBUG:colcon.colcon_installed_package_information.package_discovery:Found 306 installed packages in /opt/ros/humble
[0.268s] Level 1:colcon.colcon_core.package_discovery:discover_packages(prefix_path) using defaults
[0.308s] Level 5:colcon.colcon_core.verb:set package 'euler_to_quat' build argument 'cmake_args' from command line to 'None'
[0.308s] Level 5:colcon.colcon_core.verb:set package 'euler_to_quat' build argument 'cmake_target' from command line to 'None'
[0.308s] Level 5:colcon.colcon_core.verb:set package 'euler_to_quat' build argument 'cmake_target_skip_unavailable' from command line to 'False'
[0.308s] Level 5:colcon.colcon_core.verb:set package 'euler_to_quat' build argument 'cmake_clean_cache' from command line to 'False'
[0.308s] Level 5:colcon.colcon_core.verb:set package 'euler_to_quat' build argument 'cmake_clean_first' from command line to 'False'
[0.308s] Level 5:colcon.colcon_core.verb:set package 'euler_to_quat' build argument 'cmake_force_configure' from command line to 'False'
[0.308s] Level 5:colcon.colcon_core.verb:set package 'euler_to_quat' build argument 'ament_cmake_args' from command line to 'None'
[0.308s] Level 5:colcon.colcon_core.verb:set package 'euler_to_quat' build argument 'catkin_cmake_args' from command line to 'None'
[0.308s] Level 5:colcon.colcon_core.verb:set package 'euler_to_quat' build argument 'catkin_skip_building_tests' from command line to 'False'
[0.308s] DEBUG:colcon.colcon_core.verb:Building package 'euler_to_quat' with the following arguments: {'ament_cmake_args': None, 'build_base': '/home/anoushka/ros_workspace/src/build/euler_to_quat', 'catkin_cmake_args': None, 'catkin_skip_building_tests': False, 'cmake_args': None, 'cmake_clean_cache': False, 'cmake_clean_first': False, 'cmake_force_configure': False, 'cmake_target': None, 'cmake_target_skip_unavailable': False, 'install_base': '/home/anoushka/ros_workspace/src/install/euler_to_quat', 'merge_install': False, 'path': '/home/anoushka/ros_workspace/src/euler_to_quat', 'symlink_install': True, 'test_result_base': None}
[0.309s] Level 5:colcon.colcon_core.verb:set package 'my_package' build argument 'cmake_args' from command line to 'None'
[0.309s] Level 5:colcon.colcon_core.verb:set package 'my_package' build argument 'cmake_target' from command line to 'None'
[0.309s] Level 5:colcon.colcon_core.verb:set package 'my_package' build argument 'cmake_target_skip_unavailable' from command line to 'False'
[0.309s] Level 5:colcon.colcon_core.verb:set package 'my_package' build argument 'cmake_clean_cache' from command line to 'False'
[0.309s] Level 5:colcon.colcon_core.verb:set package 'my_package' build argument 'cmake_clean_first' from command line to 'False'
[0.309s] Level 5:colcon.colcon_core.verb:set package 'my_package' build argument 'cmake_force_configure' from command line to 'False'
[0.309s] Level 5:colcon.colcon_core.verb:set package 'my_package' build argument 'ament_cmake_args' from command line to 'None'
[0.309s] Level 5:colcon.colcon_core.verb:set package 'my_package' build argument 'catkin_cmake_args' from command line to 'None'
[0.309s] Level 5:colcon.colcon_core.verb:set package 'my_package' build argument 'catkin_skip_building_tests' from command line to 'False'
[0.309s] DEBUG:colcon.colcon_core.verb:Building package 'my_package' with the following arguments: {'ament_cmake_args': None, 'build_base': '/home/anoushka/ros_workspace/src/build/my_package', 'catkin_cmake_args': None, 'catkin_skip_building_tests': False, 'cmake_args': None, 'cmake_clean_cache': False, 'cmake_clean_first': False, 'cmake_force_configure': False, 'cmake_target': None, 'cmake_target_skip_unavailable': False, 'install_base': '/home/anoushka/ros_workspace/src/install/my_package', 'merge_install': False, 'path': '/home/anoushka/ros_workspace/src/my_package', 'symlink_install': True, 'test_result_base': None}
[0.309s] Level 5:colcon.colcon_core.verb:set package 'opencv_test_py' build argument 'cmake_args' from command line to 'None'
[0.309s] Level 5:colcon.colcon_core.verb:set package 'opencv_test_py' build argument 'cmake_target' from command line to 'None'
[0.310s] Level 5:colcon.colcon_core.verb:set package 'opencv_test_py' build argument 'cmake_target_skip_unavailable' from command line to 'False'
[0.310s] Level 5:colcon.colcon_core.verb:set package 'opencv_test_py' build argument 'cmake_clean_cache' from command line to 'False'
[0.310s] Level 5:colcon.colcon_core.verb:set package 'opencv_test_py' build argument 'cmake_clean_first' from command line to 'False'
[0.310s] Level 5:colcon.colcon_core.verb:set package 'opencv_test_py' build argument 'cmake_force_configure' from command line to 'False'
[0.310s] Level 5:colcon.colcon_core.verb:set package 'opencv_test_py' build argument 'ament_cmake_args' from command line to 'None'
[0.310s] Level 5:colcon.colcon_core.verb:set package 'opencv_test_py' build argument 'catkin_cmake_args' from command line to 'None'
[0.310s] Level 5:colcon.colcon_core.verb:set package 'opencv_test_py' build argument 'catkin_skip_building_tests' from command line to 'False'
[0.310s] DEBUG:colcon.colcon_core.verb:Building package 'opencv_test_py' with the following arguments: {'ament_cmake_args': None, 'build_base': '/home/anoushka/ros_workspace/src/build/opencv_test_py', 'catkin_cmake_args': None, 'catkin_skip_building_tests': False, 'cmake_args': None, 'cmake_clean_cache': False, 'cmake_clean_first': False, 'cmake_force_configure': False, 'cmake_target': None, 'cmake_target_skip_unavailable': False, 'install_base': '/home/anoushka/ros_workspace/src/install/opencv_test_py', 'merge_install': False, 'path': '/home/anoushka/ros_workspace/src/opencv_test_py', 'symlink_install': True, 'test_result_base': None}
[0.310s] Level 5:colcon.colcon_core.verb:set package 'rrbot_description' build argument 'cmake_args' from command line to 'None'
[0.310s] Level 5:colcon.colcon_core.verb:set package 'rrbot_description' build argument 'cmake_target' from command line to 'None'
[0.310s] Level 5:colcon.colcon_core.verb:set package 'rrbot_description' build argument 'cmake_target_skip_unavailable' from command line to 'False'
[0.310s] Level 5:colcon.colcon_core.verb:set package 'rrbot_description' build argument 'cmake_clean_cache' from command line to 'False'
[0.310s] Level 5:colcon.colcon_core.verb:set package 'rrbot_description' build argument 'cmake_clean_first' from command line to 'False'
[0.310s] Level 5:colcon.colcon_core.verb:set package 'rrbot_description' build argument 'cmake_force_configure' from command line to 'False'
[0.310s] Level 5:colcon.colcon_core.verb:set package 'rrbot_description' build argument 'ament_cmake_args' from command line to 'None'
[0.310s] Level 5:colcon.colcon_core.verb:set package 'rrbot_description' build argument 'catkin_cmake_args' from command line to 'None'
[0.310s] Level 5:colcon.colcon_core.verb:set package 'rrbot_description' build argument 'catkin_skip_building_tests' from command line to 'False'
[0.310s] DEBUG:colcon.colcon_core.verb:Building package 'rrbot_description' with the following arguments: {'ament_cmake_args': None, 'build_base': '/home/anoushka/ros_workspace/src/build/rrbot_description', 'catkin_cmake_args': None, 'catkin_skip_building_tests': False, 'cmake_args': None, 'cmake_clean_cache': False, 'cmake_clean_first': False, 'cmake_force_configure': False, 'cmake_target': None, 'cmake_target_skip_unavailable': False, 'install_base': '/home/anoushka/ros_workspace/src/install/rrbot_description', 'merge_install': False, 'path': '/home/anoushka/ros_workspace/src/rrbot_simulation_files/rrbot_description', 'symlink_install': True, 'test_result_base': None}
[0.311s] Level 5:colcon.colcon_core.verb:set package 'rrbot_gazebo' build argument 'cmake_args' from command line to 'None'
[0.311s] Level 5:colcon.colcon_core.verb:set package 'rrbot_gazebo' build argument 'cmake_target' from command line to 'None'
[0.311s] Level 5:colcon.colcon_core.verb:set package 'rrbot_gazebo' build argument 'cmake_target_skip_unavailable' from command line to 'False'
[0.311s] Level 5:colcon.colcon_core.verb:set package 'rrbot_gazebo' build argument 'cmake_clean_cache' from command line to 'False'
[0.311s] Level 5:colcon.colcon_core.verb:set package 'rrbot_gazebo' build argument 'cmake_clean_first' from command line to 'False'
[0.311s] Level 5:colcon.colcon_core.verb:set package 'rrbot_gazebo' build argument 'cmake_force_configure' from command line to 'False'
[0.311s] Level 5:colcon.colcon_core.verb:set package 'rrbot_gazebo' build argument 'ament_cmake_args' from command line to 'None'
[0.311s] Level 5:colcon.colcon_core.verb:set package 'rrbot_gazebo' build argument 'catkin_cmake_args' from command line to 'None'
[0.311s] Level 5:colcon.colcon_core.verb:set package 'rrbot_gazebo' build argument 'catkin_skip_building_tests' from command line to 'False'
[0.311s] DEBUG:colcon.colcon_core.verb:Building package 'rrbot_gazebo' with the following arguments: {'ament_cmake_args': None, 'build_base': '/home/anoushka/ros_workspace/src/build/rrbot_gazebo', 'catkin_cmake_args': None, 'catkin_skip_building_tests': False, 'cmake_args': None, 'cmake_clean_cache': False, 'cmake_clean_first': False, 'cmake_force_configure': False, 'cmake_target': None, 'cmake_target_skip_unavailable': False, 'install_base': '/home/anoushka/ros_workspace/src/install/rrbot_gazebo', 'merge_install': False, 'path': '/home/anoushka/ros_workspace/src/rrbot_simulation_files/rrbot_gazebo', 'symlink_install': True, 'test_result_base': None}
[0.311s] INFO:colcon.colcon_core.executor:Executing jobs using 'parallel' executor
[0.314s] DEBUG:colcon.colcon_parallel_executor.executor.parallel:run_until_complete
[0.315s] INFO:colcon.colcon_ros.task.ament_cmake.build:Building ROS package in '/home/anoushka/ros_workspace/src/rrbot_simulation_files/rrbot_description' with build type 'ament_cmake'
[0.315s] INFO:colcon.colcon_cmake.task.cmake.build:Building CMake package in '/home/anoushka/ros_workspace/src/rrbot_simulation_files/rrbot_description'
[0.318s] INFO:colcon.colcon_core.plugin_system:Skipping extension 'colcon_core.shell.bat': Not used on non-Windows systems
[0.318s] INFO:colcon.colcon_core.shell:Skip shell extension 'powershell' for command environment: Not usable outside of PowerShell
[0.318s] DEBUG:colcon.colcon_core.shell:Skip shell extension 'dsv' for command environment
[0.321s] INFO:colcon.colcon_ros.task.ament_python.build:Building ROS package in '/home/anoushka/ros_workspace/src/euler_to_quat' with build type 'ament_python'
[0.322s] Level 1:colcon.colcon_core.shell:create_environment_hook('euler_to_quat', 'ament_prefix_path')
[0.322s] INFO:colcon.colcon_core.shell:Creating environment hook '/home/anoushka/ros_workspace/src/install/euler_to_quat/share/euler_to_quat/hook/ament_prefix_path.ps1'
[0.323s] INFO:colcon.colcon_core.shell:Creating environment descriptor '/home/anoushka/ros_workspace/src/install/euler_to_quat/share/euler_to_quat/hook/ament_prefix_path.dsv'
[0.323s] INFO:colcon.colcon_core.shell:Creating environment hook '/home/anoushka/ros_workspace/src/install/euler_to_quat/share/euler_to_quat/hook/ament_prefix_path.sh'
[0.324s] INFO:colcon.colcon_core.shell:Skip shell extension 'powershell' for command environment: Not usable outside of PowerShell
[0.325s] DEBUG:colcon.colcon_core.shell:Skip shell extension 'dsv' for command environment
[0.328s] INFO:colcon.colcon_ros.task.ament_python.build:Building ROS package in '/home/anoushka/ros_workspace/src/my_package' with build type 'ament_python'
[0.328s] Level 1:colcon.colcon_core.shell:create_environment_hook('my_package', 'ament_prefix_path')
[0.329s] INFO:colcon.colcon_core.shell:Creating environment hook '/home/anoushka/ros_workspace/src/install/my_package/share/my_package/hook/ament_prefix_path.ps1'
[0.329s] INFO:colcon.colcon_core.shell:Creating environment descriptor '/home/anoushka/ros_workspace/src/install/my_package/share/my_package/hook/ament_prefix_path.dsv'
[0.330s] INFO:colcon.colcon_core.shell:Creating environment hook '/home/anoushka/ros_workspace/src/install/my_package/share/my_package/hook/ament_prefix_path.sh'
[0.331s] INFO:colcon.colcon_core.shell:Skip shell extension 'powershell' for command environment: Not usable outside of PowerShell
[0.331s] DEBUG:colcon.colcon_core.shell:Skip shell extension 'dsv' for command environment
[0.334s] INFO:colcon.colcon_ros.task.ament_python.build:Building ROS package in '/home/anoushka/ros_workspace/src/opencv_test_py' with build type 'ament_python'
[0.334s] Level 1:colcon.colcon_core.shell:create_environment_hook('opencv_test_py', 'ament_prefix_path')
[0.336s] INFO:colcon.colcon_core.shell:Creating environment hook '/home/anoushka/ros_workspace/src/install/opencv_test_py/share/opencv_test_py/hook/ament_prefix_path.ps1'
[0.336s] INFO:colcon.colcon_core.shell:Creating environment descriptor '/home/anoushka/ros_workspace/src/install/opencv_test_py/share/opencv_test_py/hook/ament_prefix_path.dsv'
[0.337s] INFO:colcon.colcon_core.shell:Creating environment hook '/home/anoushka/ros_workspace/src/install/opencv_test_py/share/opencv_test_py/hook/ament_prefix_path.sh'
[0.339s] INFO:colcon.colcon_core.shell:Skip shell extension 'powershell' for command environment: Not usable outside of PowerShell
[0.339s] DEBUG:colcon.colcon_core.shell:Skip shell extension 'dsv' for command environment
[0.349s] DEBUG:colcon.colcon_core.event_handler.log_command:Invoking command in '/home/anoushka/ros_workspace/src/build/rrbot_description': CMAKE_PREFIX_PATH=${CMAKE_PREFIX_PATH}:/home/anoushka/ros_workspace/src/install/opencv_test_py:/home/anoushka/ros_workspace/src/install/my_package:/home/anoushka/ros_workspace/src/install/euler_to_quat:/opt/ros/humble /usr/bin/cmake --build /home/anoushka/ros_workspace/src/build/rrbot_description -- -j12 -l12
[0.530s] INFO:colcon.colcon_core.task.python.build:Building Python package in '/home/anoushka/ros_workspace/src/euler_to_quat'
[0.531s] INFO:colcon.colcon_core.shell:Skip shell extension 'powershell' for command environment: Not usable outside of PowerShell
[0.531s] DEBUG:colcon.colcon_core.shell:Skip shell extension 'dsv' for command environment
[0.706s] INFO:colcon.colcon_core.task.python.build:Building Python package in '/home/anoushka/ros_workspace/src/my_package'
[0.708s] INFO:colcon.colcon_core.shell:Skip shell extension 'powershell' for command environment: Not usable outside of PowerShell
[0.708s] DEBUG:colcon.colcon_core.shell:Skip shell extension 'dsv' for command environment
[0.883s] INFO:colcon.colcon_core.task.python.build:Building Python package in '/home/anoushka/ros_workspace/src/opencv_test_py'
[0.885s] INFO:colcon.colcon_core.shell:Skip shell extension 'powershell' for command environment: Not usable outside of PowerShell
[0.885s] DEBUG:colcon.colcon_core.shell:Skip shell extension 'dsv' for command environment
[0.891s] DEBUG:colcon.colcon_core.event_handler.log_command:Invoked command in '/home/anoushka/ros_workspace/src/build/rrbot_description' returned '0': CMAKE_PREFIX_PATH=${CMAKE_PREFIX_PATH}:/home/anoushka/ros_workspace/src/install/opencv_test_py:/home/anoushka/ros_workspace/src/install/my_package:/home/anoushka/ros_workspace/src/install/euler_to_quat:/opt/ros/humble /usr/bin/cmake --build /home/anoushka/ros_workspace/src/build/rrbot_description -- -j12 -l12
[0.919s] DEBUG:colcon.colcon_core.event_handler.log_command:Invoking command in '/home/anoushka/ros_workspace/src/build/rrbot_description': CMAKE_PREFIX_PATH=${CMAKE_PREFIX_PATH}:/home/anoushka/ros_workspace/src/install/opencv_test_py:/home/anoushka/ros_workspace/src/install/my_package:/home/anoushka/ros_workspace/src/install/euler_to_quat:/opt/ros/humble /usr/bin/cmake --install /home/anoushka/ros_workspace/src/build/rrbot_description
[0.945s] Level 1:colcon.colcon_core.environment:create_environment_scripts_only(rrbot_description)
[0.946s] DEBUG:colcon.colcon_core.event_handler.log_command:Invoked command in '/home/anoushka/ros_workspace/src/build/rrbot_description' returned '0': CMAKE_PREFIX_PATH=${CMAKE_PREFIX_PATH}:/home/anoushka/ros_workspace/src/install/opencv_test_py:/home/anoushka/ros_workspace/src/install/my_package:/home/anoushka/ros_workspace/src/install/euler_to_quat:/opt/ros/humble /usr/bin/cmake --install /home/anoushka/ros_workspace/src/build/rrbot_description
[0.951s] Level 1:colcon.colcon_core.environment:checking '/home/anoushka/ros_workspace/src/install/rrbot_description' for CMake module files
[0.952s] Level 1:colcon.colcon_core.environment:checking '/home/anoushka/ros_workspace/src/install/rrbot_description' for CMake config files
[0.953s] Level 1:colcon.colcon_core.shell:create_environment_hook('rrbot_description', 'cmake_prefix_path')
[0.954s] INFO:colcon.colcon_core.shell:Creating environment hook '/home/anoushka/ros_workspace/src/install/rrbot_description/share/rrbot_description/hook/cmake_prefix_path.ps1'
[0.955s] INFO:colcon.colcon_core.shell:Creating environment descriptor '/home/anoushka/ros_workspace/src/install/rrbot_description/share/rrbot_description/hook/cmake_prefix_path.dsv'
[0.955s] INFO:colcon.colcon_core.shell:Creating environment hook '/home/anoushka/ros_workspace/src/install/rrbot_description/share/rrbot_description/hook/cmake_prefix_path.sh'
[0.956s] Level 1:colcon.colcon_core.environment:checking '/home/anoushka/ros_workspace/src/install/rrbot_description/bin'
[0.956s] Level 1:colcon.colcon_core.environment:checking '/home/anoushka/ros_workspace/src/install/rrbot_description/lib/pkgconfig/rrbot_description.pc'
[0.957s] Level 1:colcon.colcon_core.environment:checking '/home/anoushka/ros_workspace/src/install/rrbot_description/lib/python3.10/site-packages'
[0.957s] Level 1:colcon.colcon_core.environment:checking '/home/anoushka/ros_workspace/src/install/rrbot_description/bin'
[0.959s] INFO:colcon.colcon_core.shell:Creating package script '/home/anoushka/ros_workspace/src/install/rrbot_description/share/rrbot_description/package.ps1'
[0.960s] INFO:colcon.colcon_core.shell:Creating package descriptor '/home/anoushka/ros_workspace/src/install/rrbot_description/share/rrbot_description/package.dsv'
[0.961s] INFO:colcon.colcon_core.shell:Creating package script '/home/anoushka/ros_workspace/src/install/rrbot_description/share/rrbot_description/package.sh'
[0.961s] INFO:colcon.colcon_core.shell:Creating package script '/home/anoushka/ros_workspace/src/install/rrbot_description/share/rrbot_description/package.bash'
[0.962s] INFO:colcon.colcon_core.shell:Creating package script '/home/anoushka/ros_workspace/src/install/rrbot_description/share/rrbot_description/package.zsh'
[0.963s] Level 1:colcon.colcon_core.environment:create_file_with_runtime_dependencies(/home/anoushka/ros_workspace/src/install/rrbot_description/share/colcon-core/packages/rrbot_description)
[0.986s] Level 1:colcon.colcon_core.environment:create_environment_scripts_only(rrbot_description)
[0.988s] Level 1:colcon.colcon_core.environment:checking '/home/anoushka/ros_workspace/src/install/rrbot_description' for CMake module files
[0.989s] Level 1:colcon.colcon_core.environment:checking '/home/anoushka/ros_workspace/src/install/rrbot_description' for CMake config files
[0.990s] Level 1:colcon.colcon_core.shell:create_environment_hook('rrbot_description', 'cmake_prefix_path')
[0.992s] INFO:colcon.colcon_core.shell:Creating environment hook '/home/anoushka/ros_workspace/src/install/rrbot_description/share/rrbot_description/hook/cmake_prefix_path.ps1'
[0.992s] INFO:colcon.colcon_core.shell:Creating environment descriptor '/home/anoushka/ros_workspace/src/install/rrbot_description/share/rrbot_description/hook/cmake_prefix_path.dsv'
[0.993s] INFO:colcon.colcon_core.shell:Creating environment hook '/home/anoushka/ros_workspace/src/install/rrbot_description/share/rrbot_description/hook/cmake_prefix_path.sh'
[0.993s] Level 1:colcon.colcon_core.environment:checking '/home/anoushka/ros_workspace/src/install/rrbot_description/bin'
[0.993s] Level 1:colcon.colcon_core.environment:checking '/home/anoushka/ros_workspace/src/install/rrbot_description/lib/pkgconfig/rrbot_description.pc'
[0.994s] Level 1:colcon.colcon_core.environment:checking '/home/anoushka/ros_workspace/src/install/rrbot_description/lib/python3.10/site-packages'
[0.994s] Level 1:colcon.colcon_core.environment:checking '/home/anoushka/ros_workspace/src/install/rrbot_description/bin'
[0.996s] INFO:colcon.colcon_core.shell:Creating package script '/home/anoushka/ros_workspace/src/install/rrbot_description/share/rrbot_description/package.ps1'
[0.997s] INFO:colcon.colcon_core.shell:Creating package descriptor '/home/anoushka/ros_workspace/src/install/rrbot_description/share/rrbot_description/package.dsv'
[0.997s] INFO:colcon.colcon_core.shell:Creating package script '/home/anoushka/ros_workspace/src/install/rrbot_description/share/rrbot_description/package.sh'
[0.998s] INFO:colcon.colcon_core.shell:Creating package script '/home/anoushka/ros_workspace/src/install/rrbot_description/share/rrbot_description/package.bash'
[0.998s] INFO:colcon.colcon_core.shell:Creating package script '/home/anoushka/ros_workspace/src/install/rrbot_description/share/rrbot_description/package.zsh'
[0.999s] Level 1:colcon.colcon_core.environment:create_file_with_runtime_dependencies(/home/anoushka/ros_workspace/src/install/rrbot_description/share/colcon-core/packages/rrbot_description)
[0.999s] INFO:colcon.colcon_ros.task.ament_cmake.build:Building ROS package in '/home/anoushka/ros_workspace/src/rrbot_simulation_files/rrbot_gazebo' with build type 'ament_cmake'
[0.999s] INFO:colcon.colcon_cmake.task.cmake.build:Building CMake package in '/home/anoushka/ros_workspace/src/rrbot_simulation_files/rrbot_gazebo'
[1.001s] INFO:colcon.colcon_core.shell:Skip shell extension 'powershell' for command environment: Not usable outside of PowerShell
[1.001s] DEBUG:colcon.colcon_core.shell:Skip shell extension 'dsv' for command environment
[1.013s] DEBUG:colcon.colcon_core.event_handler.log_command:Invoking command in '/home/anoushka/ros_workspace/src/build/rrbot_gazebo': CMAKE_PREFIX_PATH=/home/anoushka/ros_workspace/src/install/rrbot_description:/home/anoushka/ros_workspace/src/install/rrbot_gazebo:/home/anoushka/ros_workspace/src/install/opencv_test_py:/home/anoushka/ros_workspace/src/install/my_package:/home/anoushka/ros_workspace/src/install/euler_to_quat:/opt/ros/humble /usr/bin/cmake --build /home/anoushka/ros_workspace/src/build/rrbot_gazebo -- -j12 -l12
[1.085s] DEBUG:colcon.colcon_core.event_handler.log_command:Invoked command in '/home/anoushka/ros_workspace/src/build/rrbot_gazebo' returned '0': CMAKE_PREFIX_PATH=/home/anoushka/ros_workspace/src/install/rrbot_description:/home/anoushka/ros_workspace/src/install/rrbot_gazebo:/home/anoushka/ros_workspace/src/install/opencv_test_py:/home/anoushka/ros_workspace/src/install/my_package:/home/anoushka/ros_workspace/src/install/euler_to_quat:/opt/ros/humble /usr/bin/cmake --build /home/anoushka/ros_workspace/src/build/rrbot_gazebo -- -j12 -l12
[1.111s] DEBUG:colcon.colcon_core.event_handler.log_command:Invoking command in '/home/anoushka/ros_workspace/src/build/rrbot_gazebo': CMAKE_PREFIX_PATH=/home/anoushka/ros_workspace/src/install/rrbot_description:/home/anoushka/ros_workspace/src/install/rrbot_gazebo:/home/anoushka/ros_workspace/src/install/opencv_test_py:/home/anoushka/ros_workspace/src/install/my_package:/home/anoushka/ros_workspace/src/install/euler_to_quat:/opt/ros/humble /usr/bin/cmake --install /home/anoushka/ros_workspace/src/build/rrbot_gazebo
[1.138s] Level 1:colcon.colcon_core.environment:create_environment_scripts_only(rrbot_gazebo)
[1.141s] Level 1:colcon.colcon_core.environment:checking '/home/anoushka/ros_workspace/src/install/rrbot_gazebo' for CMake module files
[1.141s] DEBUG:colcon.colcon_core.event_handler.log_command:Invoked command in '/home/anoushka/ros_workspace/src/build/rrbot_gazebo' returned '0': CMAKE_PREFIX_PATH=/home/anoushka/ros_workspace/src/install/rrbot_description:/home/anoushka/ros_workspace/src/install/rrbot_gazebo:/home/anoushka/ros_workspace/src/install/opencv_test_py:/home/anoushka/ros_workspace/src/install/my_package:/home/anoushka/ros_workspace/src/install/euler_to_quat:/opt/ros/humble /usr/bin/cmake --install /home/anoushka/ros_workspace/src/build/rrbot_gazebo
[1.142s] Level 1:colcon.colcon_core.environment:checking '/home/anoushka/ros_workspace/src/install/rrbot_gazebo' for CMake config files
[1.143s] Level 1:colcon.colcon_core.shell:create_environment_hook('rrbot_gazebo', 'cmake_prefix_path')
[1.145s] INFO:colcon.colcon_core.shell:Creating environment hook '/home/anoushka/ros_workspace/src/install/rrbot_gazebo/share/rrbot_gazebo/hook/cmake_prefix_path.ps1'
[1.145s] INFO:colcon.colcon_core.shell:Creating environment descriptor '/home/anoushka/ros_workspace/src/install/rrbot_gazebo/share/rrbot_gazebo/hook/cmake_prefix_path.dsv'
[1.146s] INFO:colcon.colcon_core.shell:Creating environment hook '/home/anoushka/ros_workspace/src/install/rrbot_gazebo/share/rrbot_gazebo/hook/cmake_prefix_path.sh'
[1.146s] Level 1:colcon.colcon_core.environment:checking '/home/anoushka/ros_workspace/src/install/rrbot_gazebo/lib'
[1.147s] Level 1:colcon.colcon_core.environment:checking '/home/anoushka/ros_workspace/src/install/rrbot_gazebo/bin'
[1.147s] Level 1:colcon.colcon_core.environment:checking '/home/anoushka/ros_workspace/src/install/rrbot_gazebo/lib/pkgconfig/rrbot_gazebo.pc'
[1.147s] Level 1:colcon.colcon_core.environment:checking '/home/anoushka/ros_workspace/src/install/rrbot_gazebo/lib/python3.10/site-packages'
[1.147s] Level 1:colcon.colcon_core.environment:checking '/home/anoushka/ros_workspace/src/install/rrbot_gazebo/bin'
[1.149s] INFO:colcon.colcon_core.shell:Creating package script '/home/anoushka/ros_workspace/src/install/rrbot_gazebo/share/rrbot_gazebo/package.ps1'
[1.150s] INFO:colcon.colcon_core.shell:Creating package descriptor '/home/anoushka/ros_workspace/src/install/rrbot_gazebo/share/rrbot_gazebo/package.dsv'
[1.150s] INFO:colcon.colcon_core.shell:Creating package script '/home/anoushka/ros_workspace/src/install/rrbot_gazebo/share/rrbot_gazebo/package.sh'
[1.151s] INFO:colcon.colcon_core.shell:Creating package script '/home/anoushka/ros_workspace/src/install/rrbot_gazebo/share/rrbot_gazebo/package.bash'
[1.151s] INFO:colcon.colcon_core.shell:Creating package script '/home/anoushka/ros_workspace/src/install/rrbot_gazebo/share/rrbot_gazebo/package.zsh'
[1.152s] Level 1:colcon.colcon_core.environment:create_file_with_runtime_dependencies(/home/anoushka/ros_workspace/src/install/rrbot_gazebo/share/colcon-core/packages/rrbot_gazebo)
[1.180s] Level 1:colcon.colcon_core.environment:create_environment_scripts_only(rrbot_gazebo)
[1.183s] Level 1:colcon.colcon_core.environment:checking '/home/anoushka/ros_workspace/src/install/rrbot_gazebo' for CMake module files
[1.184s] Level 1:colcon.colcon_core.environment:checking '/home/anoushka/ros_workspace/src/install/rrbot_gazebo' for CMake config files
[1.184s] Level 1:colcon.colcon_core.shell:create_environment_hook('rrbot_gazebo', 'cmake_prefix_path')
[1.186s] INFO:colcon.colcon_core.shell:Creating environment hook '/home/anoushka/ros_workspace/src/install/rrbot_gazebo/share/rrbot_gazebo/hook/cmake_prefix_path.ps1'
[1.187s] INFO:colcon.colcon_core.shell:Creating environment descriptor '/home/anoushka/ros_workspace/src/install/rrbot_gazebo/share/rrbot_gazebo/hook/cmake_prefix_path.dsv'
[1.187s] INFO:colcon.colcon_core.shell:Creating environment hook '/home/anoushka/ros_workspace/src/install/rrbot_gazebo/share/rrbot_gazebo/hook/cmake_prefix_path.sh'
[1.188s] Level 1:colcon.colcon_core.environment:checking '/home/anoushka/ros_workspace/src/install/rrbot_gazebo/lib'
[1.188s] Level 1:colcon.colcon_core.environment:checking '/home/anoushka/ros_workspace/src/install/rrbot_gazebo/bin'
[1.188s] Level 1:colcon.colcon_core.environment:checking '/home/anoushka/ros_workspace/src/install/rrbot_gazebo/lib/pkgconfig/rrbot_gazebo.pc'
[1.188s] Level 1:colcon.colcon_core.environment:checking '/home/anoushka/ros_workspace/src/install/rrbot_gazebo/lib/python3.10/site-packages'
[1.189s] Level 1:colcon.colcon_core.environment:checking '/home/anoushka/ros_workspace/src/install/rrbot_gazebo/bin'
[1.191s] INFO:colcon.colcon_core.shell:Creating package script '/home/anoushka/ros_workspace/src/install/rrbot_gazebo/share/rrbot_gazebo/package.ps1'
[1.191s] INFO:colcon.colcon_core.shell:Creating package descriptor '/home/anoushka/ros_workspace/src/install/rrbot_gazebo/share/rrbot_gazebo/package.dsv'
[1.192s] INFO:colcon.colcon_core.shell:Creating package script '/home/anoushka/ros_workspace/src/install/rrbot_gazebo/share/rrbot_gazebo/package.sh'
[1.193s] INFO:colcon.colcon_core.shell:Creating package script '/home/anoushka/ros_workspace/src/install/rrbot_gazebo/share/rrbot_gazebo/package.bash'
[1.193s] INFO:colcon.colcon_core.shell:Creating package script '/home/anoushka/ros_workspace/src/install/rrbot_gazebo/share/rrbot_gazebo/package.zsh'
[1.194s] Level 1:colcon.colcon_core.environment:create_file_with_runtime_dependencies(/home/anoushka/ros_workspace/src/install/rrbot_gazebo/share/colcon-core/packages/rrbot_gazebo)
[1.197s] DEBUG:colcon.colcon_core.event_handler.log_command:Invoking command in '/home/anoushka/ros_workspace/src/build/euler_to_quat': PYTHONPATH=/home/anoushka/ros_workspace/src/install/euler_to_quat/lib/python3.10/site-packages:${PYTHONPATH} /usr/bin/python3 setup.py develop --prefix /home/anoushka/ros_workspace/src/install/euler_to_quat --editable --build-directory /home/anoushka/ros_workspace/src/build/euler_to_quat/build --no-deps install_data --install-dir /home/anoushka/ros_workspace/src/install/euler_to_quat
[1.252s] DEBUG:colcon.colcon_core.event_handler.log_command:Invoking command in '/home/anoushka/ros_workspace/src/build/opencv_test_py': PYTHONPATH=/home/anoushka/ros_workspace/src/install/opencv_test_py/lib/python3.10/site-packages:${PYTHONPATH} /usr/bin/python3 setup.py develop --prefix /home/anoushka/ros_workspace/src/install/opencv_test_py --editable --build-directory /home/anoushka/ros_workspace/src/build/opencv_test_py/build --no-deps install_data --install-dir /home/anoushka/ros_workspace/src/install/opencv_test_py
[1.318s] DEBUG:colcon.colcon_core.event_handler.log_command:Invoking command in '/home/anoushka/ros_workspace/src/build/my_package': PYTHONPATH=/home/anoushka/ros_workspace/src/install/my_package/lib/python3.10/site-packages:${PYTHONPATH} /usr/bin/python3 setup.py develop --prefix /home/anoushka/ros_workspace/src/install/my_package --editable --build-directory /home/anoushka/ros_workspace/src/build/my_package/build --no-deps install_data --install-dir /home/anoushka/ros_workspace/src/install/my_package
[1.608s] Level 1:colcon.colcon_core.shell:create_environment_hook('opencv_test_py', 'pythonpath_develop')
[1.610s] INFO:colcon.colcon_core.shell:Creating environment hook '/home/anoushka/ros_workspace/src/build/opencv_test_py/share/opencv_test_py/hook/pythonpath_develop.ps1'
[1.610s] DEBUG:colcon.colcon_core.event_handler.log_command:Invoked command in '/home/anoushka/ros_workspace/src/build/opencv_test_py' returned '0': PYTHONPATH=/home/anoushka/ros_workspace/src/install/opencv_test_py/lib/python3.10/site-packages:${PYTHONPATH} /usr/bin/python3 setup.py develop --prefix /home/anoushka/ros_workspace/src/install/opencv_test_py --editable --build-directory /home/anoushka/ros_workspace/src/build/opencv_test_py/build --no-deps install_data --install-dir /home/anoushka/ros_workspace/src/install/opencv_test_py
[1.611s] INFO:colcon.colcon_core.shell:Creating environment descriptor '/home/anoushka/ros_workspace/src/build/opencv_test_py/share/opencv_test_py/hook/pythonpath_develop.dsv'
[1.611s] INFO:colcon.colcon_core.shell:Creating environment hook '/home/anoushka/ros_workspace/src/build/opencv_test_py/share/opencv_test_py/hook/pythonpath_develop.sh'
[1.614s] Level 1:colcon.colcon_core.environment:checking '/home/anoushka/ros_workspace/src/install/opencv_test_py' for CMake module files
[1.615s] Level 1:colcon.colcon_core.environment:checking '/home/anoushka/ros_workspace/src/install/opencv_test_py' for CMake config files
[1.615s] Level 1:colcon.colcon_core.environment:checking '/home/anoushka/ros_workspace/src/install/opencv_test_py/lib'
[1.616s] Level 1:colcon.colcon_core.environment:checking '/home/anoushka/ros_workspace/src/install/opencv_test_py/bin'
[1.616s] Level 1:colcon.colcon_core.environment:checking '/home/anoushka/ros_workspace/src/install/opencv_test_py/lib/pkgconfig/opencv_test_py.pc'
[1.616s] Level 1:colcon.colcon_core.environment:checking '/home/anoushka/ros_workspace/src/install/opencv_test_py/lib/python3.10/site-packages'
[1.616s] Level 1:colcon.colcon_core.shell:create_environment_hook('opencv_test_py', 'pythonpath')
[1.618s] INFO:colcon.colcon_core.shell:Creating environment hook '/home/anoushka/ros_workspace/src/install/opencv_test_py/share/opencv_test_py/hook/pythonpath.ps1'
[1.618s] INFO:colcon.colcon_core.shell:Creating environment descriptor '/home/anoushka/ros_workspace/src/install/opencv_test_py/share/opencv_test_py/hook/pythonpath.dsv'
[1.619s] INFO:colcon.colcon_core.shell:Creating environment hook '/home/anoushka/ros_workspace/src/install/opencv_test_py/share/opencv_test_py/hook/pythonpath.sh'
[1.620s] Level 1:colcon.colcon_core.environment:checking '/home/anoushka/ros_workspace/src/install/opencv_test_py/bin'
[1.620s] Level 1:colcon.colcon_core.environment:create_environment_scripts_only(opencv_test_py)
[1.622s] INFO:colcon.colcon_core.shell:Creating package script '/home/anoushka/ros_workspace/src/install/opencv_test_py/share/opencv_test_py/package.ps1'
[1.623s] INFO:colcon.colcon_core.shell:Creating package descriptor '/home/anoushka/ros_workspace/src/install/opencv_test_py/share/opencv_test_py/package.dsv'
[1.623s] INFO:colcon.colcon_core.shell:Creating package script '/home/anoushka/ros_workspace/src/install/opencv_test_py/share/opencv_test_py/package.sh'
[1.625s] INFO:colcon.colcon_core.shell:Creating package script '/home/anoushka/ros_workspace/src/install/opencv_test_py/share/opencv_test_py/package.bash'
[1.626s] INFO:colcon.colcon_core.shell:Creating package script '/home/anoushka/ros_workspace/src/install/opencv_test_py/share/opencv_test_py/package.zsh'
[1.626s] Level 1:colcon.colcon_core.environment:create_file_with_runtime_dependencies(/home/anoushka/ros_workspace/src/install/opencv_test_py/share/colcon-core/packages/opencv_test_py)
[1.657s] Level 1:colcon.colcon_core.shell:create_environment_hook('euler_to_quat', 'pythonpath_develop')
[1.659s] INFO:colcon.colcon_core.shell:Creating environment hook '/home/anoushka/ros_workspace/src/build/euler_to_quat/share/euler_to_quat/hook/pythonpath_develop.ps1'
[1.660s] DEBUG:colcon.colcon_core.event_handler.log_command:Invoked command in '/home/anoushka/ros_workspace/src/build/euler_to_quat' returned '0': PYTHONPATH=/home/anoushka/ros_workspace/src/install/euler_to_quat/lib/python3.10/site-packages:${PYTHONPATH} /usr/bin/python3 setup.py develop --prefix /home/anoushka/ros_workspace/src/install/euler_to_quat --editable --build-directory /home/anoushka/ros_workspace/src/build/euler_to_quat/build --no-deps install_data --install-dir /home/anoushka/ros_workspace/src/install/euler_to_quat
[1.660s] INFO:colcon.colcon_core.shell:Creating environment descriptor '/home/anoushka/ros_workspace/src/build/euler_to_quat/share/euler_to_quat/hook/pythonpath_develop.dsv'
[1.660s] INFO:colcon.colcon_core.shell:Creating environment hook '/home/anoushka/ros_workspace/src/build/euler_to_quat/share/euler_to_quat/hook/pythonpath_develop.sh'
[1.662s] Level 1:colcon.colcon_core.environment:checking '/home/anoushka/ros_workspace/src/install/euler_to_quat' for CMake module files
[1.663s] Level 1:colcon.colcon_core.environment:checking '/home/anoushka/ros_workspace/src/install/euler_to_quat' for CMake config files
[1.663s] Level 1:colcon.colcon_core.environment:checking '/home/anoushka/ros_workspace/src/install/euler_to_quat/lib'
[1.663s] Level 1:colcon.colcon_core.environment:checking '/home/anoushka/ros_workspace/src/install/euler_to_quat/bin'
[1.664s] Level 1:colcon.colcon_core.environment:checking '/home/anoushka/ros_workspace/src/install/euler_to_quat/lib/pkgconfig/euler_to_quat.pc'
[1.664s] Level 1:colcon.colcon_core.environment:checking '/home/anoushka/ros_workspace/src/install/euler_to_quat/lib/python3.10/site-packages'
[1.664s] Level 1:colcon.colcon_core.shell:create_environment_hook('euler_to_quat', 'pythonpath')
[1.665s] INFO:colcon.colcon_core.shell:Creating environment hook '/home/anoushka/ros_workspace/src/install/euler_to_quat/share/euler_to_quat/hook/pythonpath.ps1'
[1.665s] INFO:colcon.colcon_core.shell:Creating environment descriptor '/home/anoushka/ros_workspace/src/install/euler_to_quat/share/euler_to_quat/hook/pythonpath.dsv'
[1.665s] INFO:colcon.colcon_core.shell:Creating environment hook '/home/anoushka/ros_workspace/src/install/euler_to_quat/share/euler_to_quat/hook/pythonpath.sh'
[1.666s] Level 1:colcon.colcon_core.environment:checking '/home/anoushka/ros_workspace/src/install/euler_to_quat/bin'
[1.666s] Level 1:colcon.colcon_core.environment:create_environment_scripts_only(euler_to_quat)
[1.667s] INFO:colcon.colcon_core.shell:Creating package script '/home/anoushka/ros_workspace/src/install/euler_to_quat/share/euler_to_quat/package.ps1'
[1.668s] INFO:colcon.colcon_core.shell:Creating package descriptor '/home/anoushka/ros_workspace/src/install/euler_to_quat/share/euler_to_quat/package.dsv'
[1.668s] INFO:colcon.colcon_core.shell:Creating package script '/home/anoushka/ros_workspace/src/install/euler_to_quat/share/euler_to_quat/package.sh'
[1.668s] INFO:colcon.colcon_core.shell:Creating package script '/home/anoushka/ros_workspace/src/install/euler_to_quat/share/euler_to_quat/package.bash'
[1.668s] INFO:colcon.colcon_core.shell:Creating package script '/home/anoushka/ros_workspace/src/install/euler_to_quat/share/euler_to_quat/package.zsh'
[1.669s] Level 1:colcon.colcon_core.environment:create_file_with_runtime_dependencies(/home/anoushka/ros_workspace/src/install/euler_to_quat/share/colcon-core/packages/euler_to_quat)
[1.803s] Level 1:colcon.colcon_core.shell:create_environment_hook('my_package', 'pythonpath_develop')
[1.804s] INFO:colcon.colcon_core.shell:Creating environment hook '/home/anoushka/ros_workspace/src/build/my_package/share/my_package/hook/pythonpath_develop.ps1'
[1.804s] DEBUG:colcon.colcon_core.event_handler.log_command:Invoked command in '/home/anoushka/ros_workspace/src/build/my_package' returned '0': PYTHONPATH=/home/anoushka/ros_workspace/src/install/my_package/lib/python3.10/site-packages:${PYTHONPATH} /usr/bin/python3 setup.py develop --prefix /home/anoushka/ros_workspace/src/install/my_package --editable --build-directory /home/anoushka/ros_workspace/src/build/my_package/build --no-deps install_data --install-dir /home/anoushka/ros_workspace/src/install/my_package
[1.805s] INFO:colcon.colcon_core.shell:Creating environment descriptor '/home/anoushka/ros_workspace/src/build/my_package/share/my_package/hook/pythonpath_develop.dsv'
[1.805s] INFO:colcon.colcon_core.shell:Creating environment hook '/home/anoushka/ros_workspace/src/build/my_package/share/my_package/hook/pythonpath_develop.sh'
[1.807s] Level 1:colcon.colcon_core.environment:checking '/home/anoushka/ros_workspace/src/install/my_package' for CMake module files
[1.807s] Level 1:colcon.colcon_core.environment:checking '/home/anoushka/ros_workspace/src/install/my_package' for CMake config files
[1.807s] Level 1:colcon.colcon_core.environment:checking '/home/anoushka/ros_workspace/src/install/my_package/lib'
[1.807s] Level 1:colcon.colcon_core.environment:checking '/home/anoushka/ros_workspace/src/install/my_package/bin'
[1.807s] Level 1:colcon.colcon_core.environment:checking '/home/anoushka/ros_workspace/src/install/my_package/lib/pkgconfig/my_package.pc'
[1.807s] Level 1:colcon.colcon_core.environment:checking '/home/anoushka/ros_workspace/src/install/my_package/lib/python3.10/site-packages'
[1.807s] Level 1:colcon.colcon_core.shell:create_environment_hook('my_package', 'pythonpath')
[1.808s] INFO:colcon.colcon_core.shell:Creating environment hook '/home/anoushka/ros_workspace/src/install/my_package/share/my_package/hook/pythonpath.ps1'
[1.809s] INFO:colcon.colcon_core.shell:Creating environment descriptor '/home/anoushka/ros_workspace/src/install/my_package/share/my_package/hook/pythonpath.dsv'
[1.809s] INFO:colcon.colcon_core.shell:Creating environment hook '/home/anoushka/ros_workspace/src/install/my_package/share/my_package/hook/pythonpath.sh'
[1.809s] Level 1:colcon.colcon_core.environment:checking '/home/anoushka/ros_workspace/src/install/my_package/bin'
[1.809s] Level 1:colcon.colcon_core.environment:create_environment_scripts_only(my_package)
[1.810s] INFO:colcon.colcon_core.shell:Creating package script '/home/anoushka/ros_workspace/src/install/my_package/share/my_package/package.ps1'
[1.811s] INFO:colcon.colcon_core.shell:Creating package descriptor '/home/anoushka/ros_workspace/src/install/my_package/share/my_package/package.dsv'
[1.811s] INFO:colcon.colcon_core.shell:Creating package script '/home/anoushka/ros_workspace/src/install/my_package/share/my_package/package.sh'
[1.811s] INFO:colcon.colcon_core.shell:Creating package script '/home/anoushka/ros_workspace/src/install/my_package/share/my_package/package.bash'
[1.811s] INFO:colcon.colcon_core.shell:Creating package script '/home/anoushka/ros_workspace/src/install/my_package/share/my_package/package.zsh'
[1.811s] Level 1:colcon.colcon_core.environment:create_file_with_runtime_dependencies(/home/anoushka/ros_workspace/src/install/my_package/share/colcon-core/packages/my_package)
[1.812s] DEBUG:colcon.colcon_parallel_executor.executor.parallel:closing loop
[1.812s] DEBUG:colcon.colcon_parallel_executor.executor.parallel:loop closed
[1.812s] DEBUG:colcon.colcon_parallel_executor.executor.parallel:run_until_complete finished with '0'
[1.812s] DEBUG:colcon.colcon_core.event_reactor:joining thread
[1.820s] INFO:colcon.colcon_core.plugin_system:Skipping extension 'colcon_notification.desktop_notification.terminal_notifier': Not used on non-Darwin systems
[1.821s] INFO:colcon.colcon_core.plugin_system:Skipping extension 'colcon_notification.desktop_notification.win32': Not used on non-Windows systems
[1.821s] INFO:colcon.colcon_notification.desktop_notification:Sending desktop notification using 'notify2'
[1.835s] DEBUG:colcon.colcon_core.event_reactor:joined thread
[1.837s] INFO:colcon.colcon_core.shell:Creating prefix script '/home/anoushka/ros_workspace/src/install/local_setup.ps1'
[1.838s] INFO:colcon.colcon_core.shell:Creating prefix util module '/home/anoushka/ros_workspace/src/install/_local_setup_util_ps1.py'
[1.840s] INFO:colcon.colcon_core.shell:Creating prefix chain script '/home/anoushka/ros_workspace/src/install/setup.ps1'
[1.841s] INFO:colcon.colcon_core.shell:Creating prefix script '/home/anoushka/ros_workspace/src/install/local_setup.sh'
[1.842s] INFO:colcon.colcon_core.shell:Creating prefix util module '/home/anoushka/ros_workspace/src/install/_local_setup_util_sh.py'
[1.843s] INFO:colcon.colcon_core.shell:Creating prefix chain script '/home/anoushka/ros_workspace/src/install/setup.sh'
[1.845s] INFO:colcon.colcon_core.shell:Creating prefix script '/home/anoushka/ros_workspace/src/install/local_setup.bash'
[1.845s] INFO:colcon.colcon_core.shell:Creating prefix chain script '/home/anoushka/ros_workspace/src/install/setup.bash'
[1.847s] INFO:colcon.colcon_core.shell:Creating prefix script '/home/anoushka/ros_workspace/src/install/local_setup.zsh'
[1.848s] INFO:colcon.colcon_core.shell:Creating prefix chain script '/home/anoushka/ros_workspace/src/install/setup.zsh'
