[0.009s] Invoking command in '/home/anoushka/ros_workspace/src/build/rrbot_gazebo': CMAKE_PREFIX_PATH=/home/anoushka/ros_workspace/src/install/rrbot_description:/home/anoushka/ros_workspace/src/install/rrbot_gazebo:/home/anoushka/ros_workspace/src/install/opencv_test_py:/home/anoushka/ros_workspace/src/install/my_package:/home/anoushka/ros_workspace/src/install/euler_to_quat:/opt/ros/humble /usr/bin/cmake /home/anoushka/ros_workspace/src/rrbot_simulation_files/rrbot_gazebo -DAMENT_CMAKE_SYMLINK_INSTALL=1 -DCMAKE_INSTALL_PREFIX=/home/anoushka/ros_workspace/src/install/rrbot_gazebo
[0.020s] -- Found ament_cmake: 1.3.2 (/opt/ros/humble/share/ament_cmake/cmake)
[0.179s] -- Override CMake install command with custom implementation using symlinks instead of copying resources
[0.186s] -- Found rclcpp: 16.0.1 (/opt/ros/humble/share/rclcpp/cmake)
[0.221s] -- Found rosidl_generator_c: 3.1.3 (/opt/ros/humble/share/rosidl_generator_c/cmake)
[0.224s] -- Found rosidl_adapter: 3.1.3 (/opt/ros/humble/share/rosidl_adapter/cmake)
[0.232s] -- Found rosidl_generator_cpp: 3.1.3 (/opt/ros/humble/share/rosidl_generator_cpp/cmake)
[0.245s] -- Using all available rosidl_typesupport_c: rosidl_typesupport_fastrtps_c;rosidl_typesupport_introspection_c
[0.264s] -- Using all available rosidl_typesupport_cpp: rosidl_typesupport_fastrtps_cpp;rosidl_typesupport_introspection_cpp
[0.335s] -- Found rmw_implementation_cmake: 6.1.0 (/opt/ros/humble/share/rmw_implementation_cmake/cmake)
[0.336s] -- Found rmw_fastrtps_cpp: 6.2.1 (/opt/ros/humble/share/rmw_fastrtps_cpp/cmake)
[0.459s] -- Using RMW implementation 'rmw_fastrtps_cpp' as default
[0.620s] -- Configuring done
[0.626s] -- Generating done
[0.626s] -- Build files have been written to: /home/anoushka/ros_workspace/src/build/rrbot_gazebo
[0.632s] Invoked command in '/home/anoushka/ros_workspace/src/build/rrbot_gazebo' returned '0': CMAKE_PREFIX_PATH=/home/anoushka/ros_workspace/src/install/rrbot_description:/home/anoushka/ros_workspace/src/install/rrbot_gazebo:/home/anoushka/ros_workspace/src/install/opencv_test_py:/home/anoushka/ros_workspace/src/install/my_package:/home/anoushka/ros_workspace/src/install/euler_to_quat:/opt/ros/humble /usr/bin/cmake /home/anoushka/ros_workspace/src/rrbot_simulation_files/rrbot_gazebo -DAMENT_CMAKE_SYMLINK_INSTALL=1 -DCMAKE_INSTALL_PREFIX=/home/anoushka/ros_workspace/src/install/rrbot_gazebo
[0.633s] Invoking command in '/home/anoushka/ros_workspace/src/build/rrbot_gazebo': CMAKE_PREFIX_PATH=/home/anoushka/ros_workspace/src/install/rrbot_description:/home/anoushka/ros_workspace/src/install/rrbot_gazebo:/home/anoushka/ros_workspace/src/install/opencv_test_py:/home/anoushka/ros_workspace/src/install/my_package:/home/anoushka/ros_workspace/src/install/euler_to_quat:/opt/ros/humble /usr/bin/cmake --build /home/anoushka/ros_workspace/src/build/rrbot_gazebo -- -j12 -l12
[0.662s] [35m[1mConsolidate compiler generated dependencies of target publisher[0m
[0.672s] [100%] Built target publisher
[0.680s] Invoked command in '/home/anoushka/ros_workspace/src/build/rrbot_gazebo' returned '0': CMAKE_PREFIX_PATH=/home/anoushka/ros_workspace/src/install/rrbot_description:/home/anoushka/ros_workspace/src/install/rrbot_gazebo:/home/anoushka/ros_workspace/src/install/opencv_test_py:/home/anoushka/ros_workspace/src/install/my_package:/home/anoushka/ros_workspace/src/install/euler_to_quat:/opt/ros/humble /usr/bin/cmake --build /home/anoushka/ros_workspace/src/build/rrbot_gazebo -- -j12 -l12
[0.696s] Invoking command in '/home/anoushka/ros_workspace/src/build/rrbot_gazebo': CMAKE_PREFIX_PATH=/home/anoushka/ros_workspace/src/install/rrbot_description:/home/anoushka/ros_workspace/src/install/rrbot_gazebo:/home/anoushka/ros_workspace/src/install/opencv_test_py:/home/anoushka/ros_workspace/src/install/my_package:/home/anoushka/ros_workspace/src/install/euler_to_quat:/opt/ros/humble /usr/bin/cmake --install /home/anoushka/ros_workspace/src/build/rrbot_gazebo
[0.701s] -- Install configuration: ""
[0.701s] -- Execute custom install script
[0.701s] -- Up-to-date symlink: /home/anoushka/ros_workspace/src/install/rrbot_gazebo/lib/rrbot_gazebo/publisher
[0.701s] -- Up-to-date symlink: /home/anoushka/ros_workspace/src/install/rrbot_gazebo/share/rrbot_gazebo/launch/object_spawn.launch.py
[0.701s] -- Up-to-date symlink: /home/anoushka/ros_workspace/src/install/rrbot_gazebo/share/rrbot_gazebo/launch/rrbot_world.launch.py
[0.702s] -- Up-to-date symlink: /home/anoushka/ros_workspace/src/install/rrbot_gazebo/share/rrbot_gazebo/worlds/rrbot.world
[0.702s] -- Up-to-date symlink: /home/anoushka/ros_workspace/src/install/rrbot_gazebo/share/rrbot_gazebo/config/controllers.yaml
[0.702s] -- Up-to-date symlink: /home/anoushka/ros_workspace/src/install/rrbot_gazebo/share/rrbot_gazebo/config/gazebo_controllers.yaml
[0.702s] -- Up-to-date symlink: /home/anoushka/ros_workspace/src/install/rrbot_gazebo/share/ament_index/resource_index/package_run_dependencies/rrbot_gazebo
[0.702s] -- Up-to-date symlink: /home/anoushka/ros_workspace/src/install/rrbot_gazebo/share/ament_index/resource_index/parent_prefix_path/rrbot_gazebo
[0.702s] -- Up-to-date symlink: /home/anoushka/ros_workspace/src/install/rrbot_gazebo/share/rrbot_gazebo/environment/ament_prefix_path.sh
[0.702s] -- Up-to-date symlink: /home/anoushka/ros_workspace/src/install/rrbot_gazebo/share/rrbot_gazebo/environment/ament_prefix_path.dsv
[0.702s] -- Up-to-date symlink: /home/anoushka/ros_workspace/src/install/rrbot_gazebo/share/rrbot_gazebo/environment/path.sh
[0.702s] -- Up-to-date symlink: /home/anoushka/ros_workspace/src/install/rrbot_gazebo/share/rrbot_gazebo/environment/path.dsv
[0.703s] -- Up-to-date symlink: /home/anoushka/ros_workspace/src/install/rrbot_gazebo/share/rrbot_gazebo/local_setup.bash
[0.703s] -- Up-to-date symlink: /home/anoushka/ros_workspace/src/install/rrbot_gazebo/share/rrbot_gazebo/local_setup.sh
[0.703s] -- Up-to-date symlink: /home/anoushka/ros_workspace/src/install/rrbot_gazebo/share/rrbot_gazebo/local_setup.zsh
[0.703s] -- Up-to-date symlink: /home/anoushka/ros_workspace/src/install/rrbot_gazebo/share/rrbot_gazebo/local_setup.dsv
[0.703s] -- Symlinking: /home/anoushka/ros_workspace/src/install/rrbot_gazebo/share/rrbot_gazebo/package.dsv
[0.709s] -- Up-to-date symlink: /home/anoushka/ros_workspace/src/install/rrbot_gazebo/share/ament_index/resource_index/packages/rrbot_gazebo
[0.709s] -- Up-to-date symlink: /home/anoushka/ros_workspace/src/install/rrbot_gazebo/share/rrbot_gazebo/cmake/rrbot_gazeboConfig.cmake
[0.709s] -- Up-to-date symlink: /home/anoushka/ros_workspace/src/install/rrbot_gazebo/share/rrbot_gazebo/cmake/rrbot_gazeboConfig-version.cmake
[0.709s] -- Up-to-date symlink: /home/anoushka/ros_workspace/src/install/rrbot_gazebo/share/rrbot_gazebo/package.xml
[0.714s] Invoked command in '/home/anoushka/ros_workspace/src/build/rrbot_gazebo' returned '0': CMAKE_PREFIX_PATH=/home/anoushka/ros_workspace/src/install/rrbot_description:/home/anoushka/ros_workspace/src/install/rrbot_gazebo:/home/anoushka/ros_workspace/src/install/opencv_test_py:/home/anoushka/ros_workspace/src/install/my_package:/home/anoushka/ros_workspace/src/install/euler_to_quat:/opt/ros/humble /usr/bin/cmake --install /home/anoushka/ros_workspace/src/build/rrbot_gazebo
