[0.682s] Invoking command in '/home/anoushka/ros_workspace/src/build/euler_to_quat': PYTHONPATH=/home/anoushka/ros_workspace/src/install/euler_to_quat/lib/python3.10/site-packages:${PYTHONPATH} /usr/bin/python3 setup.py develop --prefix /home/anoushka/ros_workspace/src/install/euler_to_quat --uninstall --editable --build-directory /home/anoushka/ros_workspace/src/build/euler_to_quat/build
[0.949s] running develop
[0.949s] /usr/lib/python3/dist-packages/setuptools/command/easy_install.py:158: EasyInstallDeprecationWarning: easy_install command is deprecated. Use build and pip and other standards-based tools.
[0.949s]   warnings.warn(
[0.950s] /usr/lib/python3/dist-packages/setuptools/command/install.py:34: SetuptoolsDeprecationWarning: setup.py install is deprecated. Use build and pip and other standards-based tools.
[0.951s]   warnings.warn(
[1.007s] /usr/lib/python3/dist-packages/pkg_resources/__init__.py:116: PkgResourcesDeprecationWarning: 1.1build1 is an invalid version and will not be supported in a future release
[1.007s]   warnings.warn(
[1.007s] /usr/lib/python3/dist-packages/pkg_resources/__init__.py:116: PkgResourcesDeprecationWarning: 0.1.43ubuntu1 is an invalid version and will not be supported in a future release
[1.007s]   warnings.warn(
[1.134s] Invoked command in '/home/anoushka/ros_workspace/src/build/euler_to_quat' returned '0': PYTHONPATH=/home/anoushka/ros_workspace/src/install/euler_to_quat/lib/python3.10/site-packages:${PYTHONPATH} /usr/bin/python3 setup.py develop --prefix /home/anoushka/ros_workspace/src/install/euler_to_quat --uninstall --editable --build-directory /home/anoushka/ros_workspace/src/build/euler_to_quat/build
[1.135s] Invoking command in '/home/anoushka/ros_workspace/src/euler_to_quat': PYTHONPATH=/home/anoushka/ros_workspace/src/install/euler_to_quat/lib/python3.10/site-packages:${PYTHONPATH} /usr/bin/python3 setup.py egg_info --egg-base ../build/euler_to_quat build --build-base /home/anoushka/ros_workspace/src/build/euler_to_quat/build install --prefix /home/anoushka/ros_workspace/src/install/euler_to_quat --record /home/anoushka/ros_workspace/src/build/euler_to_quat/install.log --single-version-externally-managed
[1.377s] running egg_info
[1.378s] writing ../build/euler_to_quat/euler_to_quat.egg-info/PKG-INFO
[1.378s] writing dependency_links to ../build/euler_to_quat/euler_to_quat.egg-info/dependency_links.txt
[1.378s] writing entry points to ../build/euler_to_quat/euler_to_quat.egg-info/entry_points.txt
[1.379s] writing requirements to ../build/euler_to_quat/euler_to_quat.egg-info/requires.txt
[1.379s] writing top-level names to ../build/euler_to_quat/euler_to_quat.egg-info/top_level.txt
[1.380s] reading manifest file '../build/euler_to_quat/euler_to_quat.egg-info/SOURCES.txt'
[1.381s] writing manifest file '../build/euler_to_quat/euler_to_quat.egg-info/SOURCES.txt'
[1.381s] running build
[1.381s] running build_py
[1.381s] copying euler_to_quat/sub_eu.py -> /home/anoushka/ros_workspace/src/build/euler_to_quat/build/lib/euler_to_quat
[1.382s] running install
[1.382s] /usr/lib/python3/dist-packages/setuptools/command/install.py:34: SetuptoolsDeprecationWarning: setup.py install is deprecated. Use build and pip and other standards-based tools.
[1.382s]   warnings.warn(
[1.382s] running install_lib
[1.382s] copying /home/anoushka/ros_workspace/src/build/euler_to_quat/build/lib/euler_to_quat/sub_eu.py -> /home/anoushka/ros_workspace/src/install/euler_to_quat/lib/python3.10/site-packages/euler_to_quat
[1.383s] byte-compiling /home/anoushka/ros_workspace/src/install/euler_to_quat/lib/python3.10/site-packages/euler_to_quat/sub_eu.py to sub_eu.cpython-310.pyc
[1.384s] running install_data
[1.384s] running install_egg_info
[1.386s] removing '/home/anoushka/ros_workspace/src/install/euler_to_quat/lib/python3.10/site-packages/euler_to_quat-0.0.0-py3.10.egg-info' (and everything under it)
[1.386s] Copying ../build/euler_to_quat/euler_to_quat.egg-info to /home/anoushka/ros_workspace/src/install/euler_to_quat/lib/python3.10/site-packages/euler_to_quat-0.0.0-py3.10.egg-info
[1.387s] running install_scripts
[1.407s] Installing listener script to /home/anoushka/ros_workspace/src/install/euler_to_quat/lib/euler_to_quat
[1.408s] writing list of installed files to '/home/anoushka/ros_workspace/src/build/euler_to_quat/install.log'
[1.434s] Invoked command in '/home/anoushka/ros_workspace/src/euler_to_quat' returned '0': PYTHONPATH=/home/anoushka/ros_workspace/src/install/euler_to_quat/lib/python3.10/site-packages:${PYTHONPATH} /usr/bin/python3 setup.py egg_info --egg-base ../build/euler_to_quat build --build-base /home/anoushka/ros_workspace/src/build/euler_to_quat/build install --prefix /home/anoushka/ros_workspace/src/install/euler_to_quat --record /home/anoushka/ros_workspace/src/build/euler_to_quat/install.log --single-version-externally-managed
