[1.197s] Invoking command in '/home/anoushka/ros_workspace/src/build/my_package': PYTHONPATH=/home/anoushka/ros_workspace/src/install/my_package/lib/python3.10/site-packages:${PYTHONPATH} /usr/bin/python3 setup.py develop --prefix /home/anoushka/ros_workspace/src/install/my_package --editable --build-directory /home/anoushka/ros_workspace/src/build/my_package/build --no-deps install_data --install-dir /home/anoushka/ros_workspace/src/install/my_package
[1.748s] running develop
[1.749s] /usr/lib/python3/dist-packages/setuptools/command/easy_install.py:158: EasyInstallDeprecationWarning: easy_install command is deprecated. Use build and pip and other standards-based tools.
[1.749s]   warnings.warn(
[1.751s] /usr/lib/python3/dist-packages/setuptools/command/install.py:34: SetuptoolsDeprecationWarning: setup.py install is deprecated. Use build and pip and other standards-based tools.
[1.752s]   warnings.warn(
[1.869s] /usr/lib/python3/dist-packages/pkg_resources/__init__.py:116: PkgResourcesDeprecationWarning: 1.1build1 is an invalid version and will not be supported in a future release
[1.869s]   warnings.warn(
[1.869s] /usr/lib/python3/dist-packages/pkg_resources/__init__.py:116: PkgResourcesDeprecationWarning: 0.1.43ubuntu1 is an invalid version and will not be supported in a future release
[1.869s]   warnings.warn(
[2.081s] running egg_info
[2.081s] writing my_package.egg-info/PKG-INFO
[2.081s] writing dependency_links to my_package.egg-info/dependency_links.txt
[2.082s] writing entry points to my_package.egg-info/entry_points.txt
[2.082s] writing requirements to my_package.egg-info/requires.txt
[2.082s] writing top-level names to my_package.egg-info/top_level.txt
[2.085s] reading manifest file 'my_package.egg-info/SOURCES.txt'
[2.087s] writing manifest file 'my_package.egg-info/SOURCES.txt'
[2.089s] running build_ext
[2.090s] Creating /home/anoushka/ros_workspace/src/install/my_package/lib/python3.10/site-packages/my-package.egg-link (link to .)
[2.091s] Installing my_node script to /home/anoushka/ros_workspace/src/install/my_package/lib/my_package
[2.092s] 
[2.092s] Installed /home/anoushka/ros_workspace/src/build/my_package
[2.092s] running install_data
[2.145s] Invoked command in '/home/anoushka/ros_workspace/src/build/my_package' returned '0': PYTHONPATH=/home/anoushka/ros_workspace/src/install/my_package/lib/python3.10/site-packages:${PYTHONPATH} /usr/bin/python3 setup.py develop --prefix /home/anoushka/ros_workspace/src/install/my_package --editable --build-directory /home/anoushka/ros_workspace/src/build/my_package/build --no-deps install_data --install-dir /home/anoushka/ros_workspace/src/install/my_package
