[1.327s] Invoking command in '/home/anoushka/ros_workspace/src/build/euler_to_quat': PYTHONPATH=/home/anoushka/ros_workspace/src/install/euler_to_quat/lib/python3.10/site-packages:${PYTHONPATH} /usr/bin/python3 setup.py develop --prefix /home/anoushka/ros_workspace/src/install/euler_to_quat --editable --build-directory /home/anoushka/ros_workspace/src/build/euler_to_quat/build --no-deps install_data --install-dir /home/anoushka/ros_workspace/src/install/euler_to_quat
[1.579s] running develop
[1.579s] /usr/lib/python3/dist-packages/setuptools/command/easy_install.py:158: EasyInstallDeprecationWarning: easy_install command is deprecated. Use build and pip and other standards-based tools.
[1.579s]   warnings.warn(
[1.580s] /usr/lib/python3/dist-packages/setuptools/command/install.py:34: SetuptoolsDeprecationWarning: setup.py install is deprecated. Use build and pip and other standards-based tools.
[1.580s]   warnings.warn(
[1.630s] /usr/lib/python3/dist-packages/pkg_resources/__init__.py:116: PkgResourcesDeprecationWarning: 1.1build1 is an invalid version and will not be supported in a future release
[1.630s]   warnings.warn(
[1.631s] /usr/lib/python3/dist-packages/pkg_resources/__init__.py:116: PkgResourcesDeprecationWarning: 0.1.43ubuntu1 is an invalid version and will not be supported in a future release
[1.631s]   warnings.warn(
[1.721s] running egg_info
[1.721s] writing euler_to_quat.egg-info/PKG-INFO
[1.721s] writing dependency_links to euler_to_quat.egg-info/dependency_links.txt
[1.721s] writing entry points to euler_to_quat.egg-info/entry_points.txt
[1.721s] writing requirements to euler_to_quat.egg-info/requires.txt
[1.722s] writing top-level names to euler_to_quat.egg-info/top_level.txt
[1.723s] reading manifest file 'euler_to_quat.egg-info/SOURCES.txt'
[1.724s] writing manifest file 'euler_to_quat.egg-info/SOURCES.txt'
[1.725s] running build_ext
[1.725s] Creating /home/anoushka/ros_workspace/src/install/euler_to_quat/lib/python3.10/site-packages/euler-to-quat.egg-link (link to .)
[1.726s] Installing listener script to /home/anoushka/ros_workspace/src/install/euler_to_quat/lib/euler_to_quat
[1.727s] 
[1.727s] Installed /home/anoushka/ros_workspace/src/build/euler_to_quat
[1.727s] running install_data
[1.759s] Invoked command in '/home/anoushka/ros_workspace/src/build/euler_to_quat' returned '0': PYTHONPATH=/home/anoushka/ros_workspace/src/install/euler_to_quat/lib/python3.10/site-packages:${PYTHONPATH} /usr/bin/python3 setup.py develop --prefix /home/anoushka/ros_workspace/src/install/euler_to_quat --editable --build-directory /home/anoushka/ros_workspace/src/build/euler_to_quat/build --no-deps install_data --install-dir /home/anoushka/ros_workspace/src/install/euler_to_quat
