running develop
Removing /home/anoushka/ros_workspace/src/install/euler_to_quat/lib/python3.10/site-packages/euler-to-quat.egg-link (link to .)
running egg_info
writing ../build/euler_to_quat/euler_to_quat.egg-info/PKG-INFO
writing dependency_links to ../build/euler_to_quat/euler_to_quat.egg-info/dependency_links.txt
writing entry points to ../build/euler_to_quat/euler_to_quat.egg-info/entry_points.txt
writing requirements to ../build/euler_to_quat/euler_to_quat.egg-info/requires.txt
writing top-level names to ../build/euler_to_quat/euler_to_quat.egg-info/top_level.txt
reading manifest file '../build/euler_to_quat/euler_to_quat.egg-info/SOURCES.txt'
writing manifest file '../build/euler_to_quat/euler_to_quat.egg-info/SOURCES.txt'
running build
running build_py
creating /home/anoushka/ros_workspace/src/build/euler_to_quat/build
creating /home/anoushka/ros_workspace/src/build/euler_to_quat/build/lib
creating /home/anoushka/ros_workspace/src/build/euler_to_quat/build/lib/euler_to_quat
copying euler_to_quat/sub_eu.py -> /home/anoushka/ros_workspace/src/build/euler_to_quat/build/lib/euler_to_quat
copying euler_to_quat/__init__.py -> /home/anoushka/ros_workspace/src/build/euler_to_quat/build/lib/euler_to_quat
running install
running install_lib
creating /home/anoushka/ros_workspace/src/install/euler_to_quat/lib/python3.10/site-packages/euler_to_quat
copying /home/anoushka/ros_workspace/src/build/euler_to_quat/build/lib/euler_to_quat/sub_eu.py -> /home/anoushka/ros_workspace/src/install/euler_to_quat/lib/python3.10/site-packages/euler_to_quat
copying /home/anoushka/ros_workspace/src/build/euler_to_quat/build/lib/euler_to_quat/__init__.py -> /home/anoushka/ros_workspace/src/install/euler_to_quat/lib/python3.10/site-packages/euler_to_quat
byte-compiling /home/anoushka/ros_workspace/src/install/euler_to_quat/lib/python3.10/site-packages/euler_to_quat/sub_eu.py to sub_eu.cpython-310.pyc
byte-compiling /home/anoushka/ros_workspace/src/install/euler_to_quat/lib/python3.10/site-packages/euler_to_quat/__init__.py to __init__.cpython-310.pyc
running install_data
running install_egg_info
Copying ../build/euler_to_quat/euler_to_quat.egg-info to /home/anoushka/ros_workspace/src/install/euler_to_quat/lib/python3.10/site-packages/euler_to_quat-0.0.0-py3.10.egg-info
running install_scripts
Installing listener script to /home/anoushka/ros_workspace/src/install/euler_to_quat/lib/euler_to_quat
writing list of installed files to '/home/anoushka/ros_workspace/src/build/euler_to_quat/install.log'
