[0.565s] Invoking command in '/home/anoushka/ros_workspace/src/build/euler_to_quat': PYTHONPATH=/home/anoushka/ros_workspace/src/install/euler_to_quat/lib/python3.10/site-packages:${PYTHONPATH} /usr/bin/python3 setup.py develop --prefix /home/anoushka/ros_workspace/src/install/euler_to_quat --uninstall --editable --build-directory /home/anoushka/ros_workspace/src/build/euler_to_quat/build
[0.729s] running develop
[0.729s] /usr/lib/python3/dist-packages/setuptools/command/easy_install.py:158: EasyInstallDeprecationWarning: easy_install command is deprecated. Use build and pip and other standards-based tools.
[0.729s]   warnings.warn(
[0.730s] /usr/lib/python3/dist-packages/setuptools/command/install.py:34: SetuptoolsDeprecationWarning: setup.py install is deprecated. Use build and pip and other standards-based tools.
[0.730s]   warnings.warn(
[0.761s] /usr/lib/python3/dist-packages/pkg_resources/__init__.py:116: PkgResourcesDeprecationWarning: 1.1build1 is an invalid version and will not be supported in a future release
[0.761s]   warnings.warn(
[0.762s] /usr/lib/python3/dist-packages/pkg_resources/__init__.py:116: PkgResourcesDeprecationWarning: 0.1.43ubuntu1 is an invalid version and will not be supported in a future release
[0.762s]   warnings.warn(
[0.817s] Removing /home/anoushka/ros_workspace/src/install/euler_to_quat/lib/python3.10/site-packages/euler-to-quat.egg-link (link to .)
[0.844s] Invoked command in '/home/anoushka/ros_workspace/src/build/euler_to_quat' returned '0': PYTHONPATH=/home/anoushka/ros_workspace/src/install/euler_to_quat/lib/python3.10/site-packages:${PYTHONPATH} /usr/bin/python3 setup.py develop --prefix /home/anoushka/ros_workspace/src/install/euler_to_quat --uninstall --editable --build-directory /home/anoushka/ros_workspace/src/build/euler_to_quat/build
[0.844s] Invoking command in '/home/anoushka/ros_workspace/src/euler_to_quat': PYTHONPATH=/home/anoushka/ros_workspace/src/install/euler_to_quat/lib/python3.10/site-packages:${PYTHONPATH} /usr/bin/python3 setup.py egg_info --egg-base ../build/euler_to_quat build --build-base /home/anoushka/ros_workspace/src/build/euler_to_quat/build install --prefix /home/anoushka/ros_workspace/src/install/euler_to_quat --record /home/anoushka/ros_workspace/src/build/euler_to_quat/install.log --single-version-externally-managed
[0.993s] running egg_info
[0.993s] writing ../build/euler_to_quat/euler_to_quat.egg-info/PKG-INFO
[0.994s] writing dependency_links to ../build/euler_to_quat/euler_to_quat.egg-info/dependency_links.txt
[0.994s] writing entry points to ../build/euler_to_quat/euler_to_quat.egg-info/entry_points.txt
[0.994s] writing requirements to ../build/euler_to_quat/euler_to_quat.egg-info/requires.txt
[0.994s] writing top-level names to ../build/euler_to_quat/euler_to_quat.egg-info/top_level.txt
[0.995s] reading manifest file '../build/euler_to_quat/euler_to_quat.egg-info/SOURCES.txt'
[0.996s] writing manifest file '../build/euler_to_quat/euler_to_quat.egg-info/SOURCES.txt'
[0.996s] running build
[0.996s] running build_py
[0.996s] creating /home/anoushka/ros_workspace/src/build/euler_to_quat/build
[0.996s] creating /home/anoushka/ros_workspace/src/build/euler_to_quat/build/lib
[0.996s] creating /home/anoushka/ros_workspace/src/build/euler_to_quat/build/lib/euler_to_quat
[0.996s] copying euler_to_quat/sub_eu.py -> /home/anoushka/ros_workspace/src/build/euler_to_quat/build/lib/euler_to_quat
[0.997s] copying euler_to_quat/__init__.py -> /home/anoushka/ros_workspace/src/build/euler_to_quat/build/lib/euler_to_quat
[0.997s] running install
[0.997s] running install_lib
[0.997s] /usr/lib/python3/dist-packages/setuptools/command/install.py:34: SetuptoolsDeprecationWarning: setup.py install is deprecated. Use build and pip and other standards-based tools.
[0.997s]   warnings.warn(
[0.997s] creating /home/anoushka/ros_workspace/src/install/euler_to_quat/lib/python3.10/site-packages/euler_to_quat
[0.997s] copying /home/anoushka/ros_workspace/src/build/euler_to_quat/build/lib/euler_to_quat/sub_eu.py -> /home/anoushka/ros_workspace/src/install/euler_to_quat/lib/python3.10/site-packages/euler_to_quat
[0.997s] copying /home/anoushka/ros_workspace/src/build/euler_to_quat/build/lib/euler_to_quat/__init__.py -> /home/anoushka/ros_workspace/src/install/euler_to_quat/lib/python3.10/site-packages/euler_to_quat
[0.997s] byte-compiling /home/anoushka/ros_workspace/src/install/euler_to_quat/lib/python3.10/site-packages/euler_to_quat/sub_eu.py to sub_eu.cpython-310.pyc
[0.998s] byte-compiling /home/anoushka/ros_workspace/src/install/euler_to_quat/lib/python3.10/site-packages/euler_to_quat/__init__.py to __init__.cpython-310.pyc
[0.998s] running install_data
[0.998s] running install_egg_info
[0.999s] Copying ../build/euler_to_quat/euler_to_quat.egg-info to /home/anoushka/ros_workspace/src/install/euler_to_quat/lib/python3.10/site-packages/euler_to_quat-0.0.0-py3.10.egg-info
[1.000s] running install_scripts
[1.015s] Installing listener script to /home/anoushka/ros_workspace/src/install/euler_to_quat/lib/euler_to_quat
[1.015s] writing list of installed files to '/home/anoushka/ros_workspace/src/build/euler_to_quat/install.log'
[1.041s] Invoked command in '/home/anoushka/ros_workspace/src/euler_to_quat' returned '0': PYTHONPATH=/home/anoushka/ros_workspace/src/install/euler_to_quat/lib/python3.10/site-packages:${PYTHONPATH} /usr/bin/python3 setup.py egg_info --egg-base ../build/euler_to_quat build --build-base /home/anoushka/ros_workspace/src/build/euler_to_quat/build install --prefix /home/anoushka/ros_workspace/src/install/euler_to_quat --record /home/anoushka/ros_workspace/src/build/euler_to_quat/install.log --single-version-externally-managed
