[1.414s] Invoking command in '/home/anoushka/ros_workspace/src/build/my_package': PYTHONPATH=/home/anoushka/ros_workspace/src/install/my_package/lib/python3.10/site-packages:${PYTHONPATH} /usr/bin/python3 setup.py develop --prefix /home/anoushka/ros_workspace/src/install/my_package --editable --build-directory /home/anoushka/ros_workspace/src/build/my_package/build --no-deps install_data --install-dir /home/anoushka/ros_workspace/src/install/my_package
[1.646s] running develop
[1.646s] /usr/lib/python3/dist-packages/setuptools/command/easy_install.py:158: EasyInstallDeprecationWarning: easy_install command is deprecated. Use build and pip and other standards-based tools.
[1.646s]   warnings.warn(
[1.647s] /usr/lib/python3/dist-packages/setuptools/command/install.py:34: SetuptoolsDeprecationWarning: setup.py install is deprecated. Use build and pip and other standards-based tools.
[1.647s]   warnings.warn(
[1.687s] /usr/lib/python3/dist-packages/pkg_resources/__init__.py:116: PkgResourcesDeprecationWarning: 1.1build1 is an invalid version and will not be supported in a future release
[1.688s]   warnings.warn(
[1.688s] /usr/lib/python3/dist-packages/pkg_resources/__init__.py:116: PkgResourcesDeprecationWarning: 0.1.43ubuntu1 is an invalid version and will not be supported in a future release
[1.688s]   warnings.warn(
[1.760s] running egg_info
[1.760s] writing my_package.egg-info/PKG-INFO
[1.761s] writing dependency_links to my_package.egg-info/dependency_links.txt
[1.761s] writing entry points to my_package.egg-info/entry_points.txt
[1.761s] writing requirements to my_package.egg-info/requires.txt
[1.761s] writing top-level names to my_package.egg-info/top_level.txt
[1.763s] reading manifest file 'my_package.egg-info/SOURCES.txt'
[1.763s] writing manifest file 'my_package.egg-info/SOURCES.txt'
[1.764s] running build_ext
[1.765s] Creating /home/anoushka/ros_workspace/src/install/my_package/lib/python3.10/site-packages/my-package.egg-link (link to .)
[1.765s] Installing my_node script to /home/anoushka/ros_workspace/src/install/my_package/lib/my_package
[1.765s] 
[1.766s] Installed /home/anoushka/ros_workspace/src/build/my_package
[1.766s] running install_data
[1.793s] Invoked command in '/home/anoushka/ros_workspace/src/build/my_package' returned '0': PYTHONPATH=/home/anoushka/ros_workspace/src/install/my_package/lib/python3.10/site-packages:${PYTHONPATH} /usr/bin/python3 setup.py develop --prefix /home/anoushka/ros_workspace/src/install/my_package --editable --build-directory /home/anoushka/ros_workspace/src/build/my_package/build --no-deps install_data --install-dir /home/anoushka/ros_workspace/src/install/my_package
