[1.990s] Invoking command in '/home/anoushka/ros_workspace/src/build/euler_to_quat': PYTHONPATH=/home/anoushka/ros_workspace/src/install/euler_to_quat/lib/python3.10/site-packages:${PYTHONPATH} /usr/bin/python3 setup.py develop --prefix /home/anoushka/ros_workspace/src/install/euler_to_quat --editable --build-directory /home/anoushka/ros_workspace/src/build/euler_to_quat/build --no-deps install_data --install-dir /home/anoushka/ros_workspace/src/install/euler_to_quat
[2.473s] running develop
[2.473s] /usr/lib/python3/dist-packages/setuptools/command/easy_install.py:158: EasyInstallDeprecationWarning: easy_install command is deprecated. Use build and pip and other standards-based tools.
[2.473s]   warnings.warn(
[2.476s] /usr/lib/python3/dist-packages/setuptools/command/install.py:34: SetuptoolsDeprecationWarning: setup.py install is deprecated. Use build and pip and other standards-based tools.
[2.476s]   warnings.warn(
[2.580s] /usr/lib/python3/dist-packages/pkg_resources/__init__.py:116: PkgResourcesDeprecationWarning: 1.1build1 is an invalid version and will not be supported in a future release
[2.580s]   warnings.warn(
[2.580s] /usr/lib/python3/dist-packages/pkg_resources/__init__.py:116: PkgResourcesDeprecationWarning: 0.1.43ubuntu1 is an invalid version and will not be supported in a future release
[2.580s]   warnings.warn(
[2.764s] running egg_info
[2.765s] writing euler_to_quat.egg-info/PKG-INFO
[2.766s] writing dependency_links to euler_to_quat.egg-info/dependency_links.txt
[2.766s] writing entry points to euler_to_quat.egg-info/entry_points.txt
[2.766s] writing requirements to euler_to_quat.egg-info/requires.txt
[2.766s] writing top-level names to euler_to_quat.egg-info/top_level.txt
[2.768s] reading manifest file 'euler_to_quat.egg-info/SOURCES.txt'
[2.770s] writing manifest file 'euler_to_quat.egg-info/SOURCES.txt'
[2.772s] running build_ext
[2.772s] Creating /home/anoushka/ros_workspace/src/install/euler_to_quat/lib/python3.10/site-packages/euler-to-quat.egg-link (link to .)
[2.774s] Installing listener script to /home/anoushka/ros_workspace/src/install/euler_to_quat/lib/euler_to_quat
[2.775s] 
[2.775s] Installed /home/anoushka/ros_workspace/src/build/euler_to_quat
[2.775s] running install_data
[2.867s] Invoked command in '/home/anoushka/ros_workspace/src/build/euler_to_quat' returned '0': PYTHONPATH=/home/anoushka/ros_workspace/src/install/euler_to_quat/lib/python3.10/site-packages:${PYTHONPATH} /usr/bin/python3 setup.py develop --prefix /home/anoushka/ros_workspace/src/install/euler_to_quat --editable --build-directory /home/anoushka/ros_workspace/src/build/euler_to_quat/build --no-deps install_data --install-dir /home/anoushka/ros_workspace/src/install/euler_to_quat
