[0.045s] Invoking command in '/home/anoushka/ros_workspace/src/build/rrbot_description': CMAKE_PREFIX_PATH=${CMAKE_PREFIX_PATH}:/home/anoushka/ros_workspace/src/install/opencv_test_py:/home/anoushka/ros_workspace/src/install/my_package:/home/anoushka/ros_workspace/src/install/euler_to_quat:/opt/ros/humble /usr/bin/cmake --build /home/anoushka/ros_workspace/src/build/rrbot_description -- -j12 -l12
[0.489s] Invoked command in '/home/anoushka/ros_workspace/src/build/rrbot_description' returned '0': CMAKE_PREFIX_PATH=${CMAKE_PREFIX_PATH}:/home/anoushka/ros_workspace/src/install/opencv_test_py:/home/anoushka/ros_workspace/src/install/my_package:/home/anoushka/ros_workspace/src/install/euler_to_quat:/opt/ros/humble /usr/bin/cmake --build /home/anoushka/ros_workspace/src/build/rrbot_description -- -j12 -l12
[0.726s] Invoking command in '/home/anoushka/ros_workspace/src/build/rrbot_description': CMAKE_PREFIX_PATH=${CMAKE_PREFIX_PATH}:/home/anoushka/ros_workspace/src/install/opencv_test_py:/home/anoushka/ros_workspace/src/install/my_package:/home/anoushka/ros_workspace/src/install/euler_to_quat:/opt/ros/humble /usr/bin/cmake --install /home/anoushka/ros_workspace/src/build/rrbot_description
[0.736s] -- Install configuration: ""
[0.736s] -- Execute custom install script
[0.737s] -- Up-to-date symlink: /home/anoushka/ros_workspace/src/install/rrbot_description/share/rrbot_description/config/rrbot.rviz
[0.737s] -- Up-to-date symlink: /home/anoushka/ros_workspace/src/install/rrbot_description/share/rrbot_description/gazebo/rrbot.gazebo.xacro
[0.737s] -- Up-to-date symlink: /home/anoushka/ros_workspace/src/install/rrbot_description/share/rrbot_description/gazebo/rrbot.materials.xacro
[0.737s] -- Up-to-date symlink: /home/anoushka/ros_workspace/src/install/rrbot_description/share/rrbot_description/meshes/hokuyo.dae
[0.738s] -- Up-to-date symlink: /home/anoushka/ros_workspace/src/install/rrbot_description/share/rrbot_description/launch/object_spawn.launch.py
[0.738s] -- Up-to-date symlink: /home/anoushka/ros_workspace/src/install/rrbot_description/share/rrbot_description/launch/view_robot.launch.py
[0.738s] -- Up-to-date symlink: /home/anoushka/ros_workspace/src/install/rrbot_description/share/rrbot_description/ros2_control/rrbot.ros2_control.xacro
[0.738s] -- Up-to-date symlink: /home/anoushka/ros_workspace/src/install/rrbot_description/share/rrbot_description/urdf/object.urdf
[0.739s] -- Up-to-date symlink: /home/anoushka/ros_workspace/src/install/rrbot_description/share/rrbot_description/urdf/rrbot.urdf.xacro
[0.739s] -- Up-to-date symlink: /home/anoushka/ros_workspace/src/install/rrbot_description/share/rrbot_description/urdf/rrbot_description.urdf.xacro
[0.739s] -- Up-to-date symlink: /home/anoushka/ros_workspace/src/install/rrbot_description/share/rrbot_description/environment/rrbot_description.dsv
[0.739s] -- Up-to-date symlink: /home/anoushka/ros_workspace/src/install/rrbot_description/share/ament_index/resource_index/package_run_dependencies/rrbot_description
[0.739s] -- Up-to-date symlink: /home/anoushka/ros_workspace/src/install/rrbot_description/share/ament_index/resource_index/parent_prefix_path/rrbot_description
[0.740s] -- Up-to-date symlink: /home/anoushka/ros_workspace/src/install/rrbot_description/share/rrbot_description/environment/ament_prefix_path.sh
[0.740s] -- Up-to-date symlink: /home/anoushka/ros_workspace/src/install/rrbot_description/share/rrbot_description/environment/ament_prefix_path.dsv
[0.740s] -- Up-to-date symlink: /home/anoushka/ros_workspace/src/install/rrbot_description/share/rrbot_description/environment/path.sh
[0.740s] -- Up-to-date symlink: /home/anoushka/ros_workspace/src/install/rrbot_description/share/rrbot_description/environment/path.dsv
[0.740s] -- Up-to-date symlink: /home/anoushka/ros_workspace/src/install/rrbot_description/share/rrbot_description/local_setup.bash
[0.740s] -- Up-to-date symlink: /home/anoushka/ros_workspace/src/install/rrbot_description/share/rrbot_description/local_setup.sh
[0.741s] -- Up-to-date symlink: /home/anoushka/ros_workspace/src/install/rrbot_description/share/rrbot_description/local_setup.zsh
[0.741s] -- Up-to-date symlink: /home/anoushka/ros_workspace/src/install/rrbot_description/share/rrbot_description/local_setup.dsv
[0.741s] -- Symlinking: /home/anoushka/ros_workspace/src/install/rrbot_description/share/rrbot_description/package.dsv
[0.751s] -- Up-to-date symlink: /home/anoushka/ros_workspace/src/install/rrbot_description/share/ament_index/resource_index/packages/rrbot_description
[0.752s] -- Up-to-date symlink: /home/anoushka/ros_workspace/src/install/rrbot_description/share/rrbot_description/cmake/rrbot_descriptionConfig.cmake
[0.752s] -- Up-to-date symlink: /home/anoushka/ros_workspace/src/install/rrbot_description/share/rrbot_description/cmake/rrbot_descriptionConfig-version.cmake
[0.752s] -- Up-to-date symlink: /home/anoushka/ros_workspace/src/install/rrbot_description/share/rrbot_description/package.xml
[0.755s] Invoked command in '/home/anoushka/ros_workspace/src/build/rrbot_description' returned '0': CMAKE_PREFIX_PATH=${CMAKE_PREFIX_PATH}:/home/anoushka/ros_workspace/src/install/opencv_test_py:/home/anoushka/ros_workspace/src/install/my_package:/home/anoushka/ros_workspace/src/install/euler_to_quat:/opt/ros/humble /usr/bin/cmake --install /home/anoushka/ros_workspace/src/build/rrbot_description
