[0.393s] DEBUG:colcon:Command line arguments: ['/usr/bin/colcon', 'build', '--symlink-install']
[0.394s] DEBUG:colcon:Parsed command line arguments: Namespace(log_base=None, log_level=None, verb_name='build', build_base='build', install_base='install', merge_install=False, symlink_install=True, test_result_base=None, continue_on_error=False, executor='parallel', parallel_workers=12, event_handlers=None, ignore_user_meta=False, metas=['./colcon.meta'], base_paths=['.'], packages_ignore=None, packages_ignore_regex=None, paths=None, packages_up_to=None, packages_up_to_regex=None, packages_above=None, packages_above_and_dependencies=None, packages_above_depth=None, packages_select_by_dep=None, packages_skip_by_dep=None, packages_skip_up_to=None, packages_select_build_failed=False, packages_skip_build_finished=False, packages_select_test_failures=False, packages_skip_test_passed=False, packages_select=None, packages_skip=None, packages_select_regex=None, packages_skip_regex=None, packages_start=None, packages_end=None, allow_overriding=[], cmake_args=None, cmake_target=None, cmake_target_skip_unavailable=False, cmake_clean_cache=False, cmake_clean_first=False, cmake_force_configure=False, ament_cmake_args=None, catkin_cmake_args=None, catkin_skip_building_tests=False, verb_parser=<colcon_defaults.argument_parser.defaults.DefaultArgumentsDecorator object at 0x7f43f263a500>, verb_extension=<colcon_core.verb.build.BuildVerb object at 0x7f43f2f80280>, main=<bound method BuildVerb.main of <colcon_core.verb.build.BuildVerb object at 0x7f43f2f80280>>)
[0.418s] Level 1:colcon.colcon_core.package_discovery:discover_packages(colcon_meta) check parameters
[0.418s] Level 1:colcon.colcon_core.package_discovery:discover_packages(recursive) check parameters
[0.418s] Level 1:colcon.colcon_core.package_discovery:discover_packages(ignore) check parameters
[0.418s] Level 1:colcon.colcon_core.package_discovery:discover_packages(path) check parameters
[0.418s] Level 1:colcon.colcon_core.package_discovery:discover_packages(colcon_meta) discover
[0.418s] Level 1:colcon.colcon_core.package_discovery:discover_packages(recursive) discover
[0.419s] INFO:colcon.colcon_core.package_discovery:Crawling recursively for packages in '/home/anoushka/ros_workspace/src'
[0.419s] Level 1:colcon.colcon_core.package_identification:_identify(.) by extensions ['ignore', 'ignore_ament_install']
[0.419s] Level 1:colcon.colcon_core.package_identification:_identify(.) by extension 'ignore'
[0.419s] Level 1:colcon.colcon_core.package_identification:_identify(.) by extension 'ignore_ament_install'
[0.419s] Level 1:colcon.colcon_core.package_identification:_identify(.) by extensions ['colcon_pkg']
[0.419s] Level 1:colcon.colcon_core.package_identification:_identify(.) by extension 'colcon_pkg'
[0.419s] Level 1:colcon.colcon_core.package_identification:_identify(.) by extensions ['colcon_meta']
[0.419s] Level 1:colcon.colcon_core.package_identification:_identify(.) by extension 'colcon_meta'
[0.419s] Level 1:colcon.colcon_core.package_identification:_identify(.) by extensions ['ros']
[0.419s] Level 1:colcon.colcon_core.package_identification:_identify(.) by extension 'ros'
[0.442s] Level 1:colcon.colcon_core.package_identification:_identify(.) by extensions ['cmake', 'python']
[0.442s] Level 1:colcon.colcon_core.package_identification:_identify(.) by extension 'cmake'
[0.442s] Level 1:colcon.colcon_core.package_identification:_identify(.) by extension 'python'
[0.442s] Level 1:colcon.colcon_core.package_identification:_identify(.) by extensions ['python_setup_py']
[0.442s] Level 1:colcon.colcon_core.package_identification:_identify(.) by extension 'python_setup_py'
[0.442s] Level 1:colcon.colcon_core.package_identification:_identify(build) by extensions ['ignore', 'ignore_ament_install']
[0.442s] Level 1:colcon.colcon_core.package_identification:_identify(build) by extension 'ignore'
[0.442s] Level 1:colcon.colcon_core.package_identification:_identify(build) ignored
[0.442s] Level 1:colcon.colcon_core.package_identification:_identify(euler_to_quat) by extensions ['ignore', 'ignore_ament_install']
[0.442s] Level 1:colcon.colcon_core.package_identification:_identify(euler_to_quat) by extension 'ignore'
[0.442s] Level 1:colcon.colcon_core.package_identification:_identify(euler_to_quat) by extension 'ignore_ament_install'
[0.442s] Level 1:colcon.colcon_core.package_identification:_identify(euler_to_quat) by extensions ['colcon_pkg']
[0.443s] Level 1:colcon.colcon_core.package_identification:_identify(euler_to_quat) by extension 'colcon_pkg'
[0.443s] Level 1:colcon.colcon_core.package_identification:_identify(euler_to_quat) by extensions ['colcon_meta']
[0.443s] Level 1:colcon.colcon_core.package_identification:_identify(euler_to_quat) by extension 'colcon_meta'
[0.443s] Level 1:colcon.colcon_core.package_identification:_identify(euler_to_quat) by extensions ['ros']
[0.443s] Level 1:colcon.colcon_core.package_identification:_identify(euler_to_quat) by extension 'ros'
[0.445s] DEBUG:colcon.colcon_core.package_identification:Package 'euler_to_quat' with type 'ros.ament_python' and name 'euler_to_quat'
[0.446s] Level 1:colcon.colcon_core.package_identification:_identify(install) by extensions ['ignore', 'ignore_ament_install']
[0.446s] Level 1:colcon.colcon_core.package_identification:_identify(install) by extension 'ignore'
[0.446s] Level 1:colcon.colcon_core.package_identification:_identify(install) ignored
[0.446s] Level 1:colcon.colcon_core.package_identification:_identify(log) by extensions ['ignore', 'ignore_ament_install']
[0.446s] Level 1:colcon.colcon_core.package_identification:_identify(log) by extension 'ignore'
[0.446s] Level 1:colcon.colcon_core.package_identification:_identify(log) ignored
[0.446s] Level 1:colcon.colcon_core.package_identification:_identify(my_package) by extensions ['ignore', 'ignore_ament_install']
[0.446s] Level 1:colcon.colcon_core.package_identification:_identify(my_package) by extension 'ignore'
[0.446s] Level 1:colcon.colcon_core.package_identification:_identify(my_package) by extension 'ignore_ament_install'
[0.446s] Level 1:colcon.colcon_core.package_identification:_identify(my_package) by extensions ['colcon_pkg']
[0.446s] Level 1:colcon.colcon_core.package_identification:_identify(my_package) by extension 'colcon_pkg'
[0.446s] Level 1:colcon.colcon_core.package_identification:_identify(my_package) by extensions ['colcon_meta']
[0.446s] Level 1:colcon.colcon_core.package_identification:_identify(my_package) by extension 'colcon_meta'
[0.446s] Level 1:colcon.colcon_core.package_identification:_identify(my_package) by extensions ['ros']
[0.446s] Level 1:colcon.colcon_core.package_identification:_identify(my_package) by extension 'ros'
[0.447s] DEBUG:colcon.colcon_core.package_identification:Package 'my_package' with type 'ros.ament_python' and name 'my_package'
[0.447s] Level 1:colcon.colcon_core.package_identification:_identify(opencv_test_py) by extensions ['ignore', 'ignore_ament_install']
[0.447s] Level 1:colcon.colcon_core.package_identification:_identify(opencv_test_py) by extension 'ignore'
[0.447s] Level 1:colcon.colcon_core.package_identification:_identify(opencv_test_py) by extension 'ignore_ament_install'
[0.447s] Level 1:colcon.colcon_core.package_identification:_identify(opencv_test_py) by extensions ['colcon_pkg']
[0.447s] Level 1:colcon.colcon_core.package_identification:_identify(opencv_test_py) by extension 'colcon_pkg'
[0.447s] Level 1:colcon.colcon_core.package_identification:_identify(opencv_test_py) by extensions ['colcon_meta']
[0.447s] Level 1:colcon.colcon_core.package_identification:_identify(opencv_test_py) by extension 'colcon_meta'
[0.447s] Level 1:colcon.colcon_core.package_identification:_identify(opencv_test_py) by extensions ['ros']
[0.447s] Level 1:colcon.colcon_core.package_identification:_identify(opencv_test_py) by extension 'ros'
[0.448s] DEBUG:colcon.colcon_core.package_identification:Package 'opencv_test_py' with type 'ros.ament_python' and name 'opencv_test_py'
[0.448s] Level 1:colcon.colcon_core.package_identification:_identify(rrbot_simulation_files) by extensions ['ignore', 'ignore_ament_install']
[0.449s] Level 1:colcon.colcon_core.package_identification:_identify(rrbot_simulation_files) by extension 'ignore'
[0.449s] Level 1:colcon.colcon_core.package_identification:_identify(rrbot_simulation_files) by extension 'ignore_ament_install'
[0.449s] Level 1:colcon.colcon_core.package_identification:_identify(rrbot_simulation_files) by extensions ['colcon_pkg']
[0.449s] Level 1:colcon.colcon_core.package_identification:_identify(rrbot_simulation_files) by extension 'colcon_pkg'
[0.449s] Level 1:colcon.colcon_core.package_identification:_identify(rrbot_simulation_files) by extensions ['colcon_meta']
[0.449s] Level 1:colcon.colcon_core.package_identification:_identify(rrbot_simulation_files) by extension 'colcon_meta'
[0.449s] Level 1:colcon.colcon_core.package_identification:_identify(rrbot_simulation_files) by extensions ['ros']
[0.449s] Level 1:colcon.colcon_core.package_identification:_identify(rrbot_simulation_files) by extension 'ros'
[0.449s] Level 1:colcon.colcon_core.package_identification:_identify(rrbot_simulation_files) by extensions ['cmake', 'python']
[0.449s] Level 1:colcon.colcon_core.package_identification:_identify(rrbot_simulation_files) by extension 'cmake'
[0.449s] Level 1:colcon.colcon_core.package_identification:_identify(rrbot_simulation_files) by extension 'python'
[0.449s] Level 1:colcon.colcon_core.package_identification:_identify(rrbot_simulation_files) by extensions ['python_setup_py']
[0.449s] Level 1:colcon.colcon_core.package_identification:_identify(rrbot_simulation_files) by extension 'python_setup_py'
[0.449s] Level 1:colcon.colcon_core.package_identification:_identify(rrbot_simulation_files/rrbot_description) by extensions ['ignore', 'ignore_ament_install']
[0.449s] Level 1:colcon.colcon_core.package_identification:_identify(rrbot_simulation_files/rrbot_description) by extension 'ignore'
[0.449s] Level 1:colcon.colcon_core.package_identification:_identify(rrbot_simulation_files/rrbot_description) by extension 'ignore_ament_install'
[0.449s] Level 1:colcon.colcon_core.package_identification:_identify(rrbot_simulation_files/rrbot_description) by extensions ['colcon_pkg']
[0.449s] Level 1:colcon.colcon_core.package_identification:_identify(rrbot_simulation_files/rrbot_description) by extension 'colcon_pkg'
[0.449s] Level 1:colcon.colcon_core.package_identification:_identify(rrbot_simulation_files/rrbot_description) by extensions ['colcon_meta']
[0.449s] Level 1:colcon.colcon_core.package_identification:_identify(rrbot_simulation_files/rrbot_description) by extension 'colcon_meta'
[0.449s] Level 1:colcon.colcon_core.package_identification:_identify(rrbot_simulation_files/rrbot_description) by extensions ['ros']
[0.449s] Level 1:colcon.colcon_core.package_identification:_identify(rrbot_simulation_files/rrbot_description) by extension 'ros'
[0.450s] DEBUG:colcon.colcon_core.package_identification:Package 'rrbot_simulation_files/rrbot_description' with type 'ros.ament_cmake' and name 'rrbot_description'
[0.450s] Level 1:colcon.colcon_core.package_identification:_identify(rrbot_simulation_files/rrbot_gazebo) by extensions ['ignore', 'ignore_ament_install']
[0.450s] Level 1:colcon.colcon_core.package_identification:_identify(rrbot_simulation_files/rrbot_gazebo) by extension 'ignore'
[0.450s] Level 1:colcon.colcon_core.package_identification:_identify(rrbot_simulation_files/rrbot_gazebo) by extension 'ignore_ament_install'
[0.450s] Level 1:colcon.colcon_core.package_identification:_identify(rrbot_simulation_files/rrbot_gazebo) by extensions ['colcon_pkg']
[0.450s] Level 1:colcon.colcon_core.package_identification:_identify(rrbot_simulation_files/rrbot_gazebo) by extension 'colcon_pkg'
[0.450s] Level 1:colcon.colcon_core.package_identification:_identify(rrbot_simulation_files/rrbot_gazebo) by extensions ['colcon_meta']
[0.450s] Level 1:colcon.colcon_core.package_identification:_identify(rrbot_simulation_files/rrbot_gazebo) by extension 'colcon_meta'
[0.450s] Level 1:colcon.colcon_core.package_identification:_identify(rrbot_simulation_files/rrbot_gazebo) by extensions ['ros']
[0.450s] Level 1:colcon.colcon_core.package_identification:_identify(rrbot_simulation_files/rrbot_gazebo) by extension 'ros'
[0.451s] DEBUG:colcon.colcon_core.package_identification:Package 'rrbot_simulation_files/rrbot_gazebo' with type 'ros.ament_cmake' and name 'rrbot_gazebo'
[0.451s] Level 1:colcon.colcon_core.package_discovery:discover_packages(recursive) using defaults
[0.451s] Level 1:colcon.colcon_core.package_discovery:discover_packages(ignore) discover
[0.451s] Level 1:colcon.colcon_core.package_discovery:discover_packages(ignore) using defaults
[0.451s] Level 1:colcon.colcon_core.package_discovery:discover_packages(path) discover
[0.451s] Level 1:colcon.colcon_core.package_discovery:discover_packages(path) using defaults
[0.479s] Level 1:colcon.colcon_core.package_discovery:discover_packages(prefix_path) check parameters
[0.479s] Level 1:colcon.colcon_core.package_discovery:discover_packages(prefix_path) discover
[0.482s] DEBUG:colcon.colcon_installed_package_information.package_discovery:Found 5 installed packages in /home/anoushka/ros_workspace/src/install
[0.483s] DEBUG:colcon.colcon_installed_package_information.package_discovery:Found 306 installed packages in /opt/ros/humble
[0.485s] Level 1:colcon.colcon_core.package_discovery:discover_packages(prefix_path) using defaults
[0.546s] Level 5:colcon.colcon_core.verb:set package 'euler_to_quat' build argument 'cmake_args' from command line to 'None'
[0.546s] Level 5:colcon.colcon_core.verb:set package 'euler_to_quat' build argument 'cmake_target' from command line to 'None'
[0.546s] Level 5:colcon.colcon_core.verb:set package 'euler_to_quat' build argument 'cmake_target_skip_unavailable' from command line to 'False'
[0.546s] Level 5:colcon.colcon_core.verb:set package 'euler_to_quat' build argument 'cmake_clean_cache' from command line to 'False'
[0.546s] Level 5:colcon.colcon_core.verb:set package 'euler_to_quat' build argument 'cmake_clean_first' from command line to 'False'
[0.546s] Level 5:colcon.colcon_core.verb:set package 'euler_to_quat' build argument 'cmake_force_configure' from command line to 'False'
[0.546s] Level 5:colcon.colcon_core.verb:set package 'euler_to_quat' build argument 'ament_cmake_args' from command line to 'None'
[0.547s] Level 5:colcon.colcon_core.verb:set package 'euler_to_quat' build argument 'catkin_cmake_args' from command line to 'None'
[0.547s] Level 5:colcon.colcon_core.verb:set package 'euler_to_quat' build argument 'catkin_skip_building_tests' from command line to 'False'
[0.547s] DEBUG:colcon.colcon_core.verb:Building package 'euler_to_quat' with the following arguments: {'ament_cmake_args': None, 'build_base': '/home/anoushka/ros_workspace/src/build/euler_to_quat', 'catkin_cmake_args': None, 'catkin_skip_building_tests': False, 'cmake_args': None, 'cmake_clean_cache': False, 'cmake_clean_first': False, 'cmake_force_configure': False, 'cmake_target': None, 'cmake_target_skip_unavailable': False, 'install_base': '/home/anoushka/ros_workspace/src/install/euler_to_quat', 'merge_install': False, 'path': '/home/anoushka/ros_workspace/src/euler_to_quat', 'symlink_install': True, 'test_result_base': None}
[0.548s] Level 5:colcon.colcon_core.verb:set package 'my_package' build argument 'cmake_args' from command line to 'None'
[0.548s] Level 5:colcon.colcon_core.verb:set package 'my_package' build argument 'cmake_target' from command line to 'None'
[0.548s] Level 5:colcon.colcon_core.verb:set package 'my_package' build argument 'cmake_target_skip_unavailable' from command line to 'False'
[0.548s] Level 5:colcon.colcon_core.verb:set package 'my_package' build argument 'cmake_clean_cache' from command line to 'False'
[0.548s] Level 5:colcon.colcon_core.verb:set package 'my_package' build argument 'cmake_clean_first' from command line to 'False'
[0.548s] Level 5:colcon.colcon_core.verb:set package 'my_package' build argument 'cmake_force_configure' from command line to 'False'
[0.548s] Level 5:colcon.colcon_core.verb:set package 'my_package' build argument 'ament_cmake_args' from command line to 'None'
[0.548s] Level 5:colcon.colcon_core.verb:set package 'my_package' build argument 'catkin_cmake_args' from command line to 'None'
[0.548s] Level 5:colcon.colcon_core.verb:set package 'my_package' build argument 'catkin_skip_building_tests' from command line to 'False'
[0.548s] DEBUG:colcon.colcon_core.verb:Building package 'my_package' with the following arguments: {'ament_cmake_args': None, 'build_base': '/home/anoushka/ros_workspace/src/build/my_package', 'catkin_cmake_args': None, 'catkin_skip_building_tests': False, 'cmake_args': None, 'cmake_clean_cache': False, 'cmake_clean_first': False, 'cmake_force_configure': False, 'cmake_target': None, 'cmake_target_skip_unavailable': False, 'install_base': '/home/anoushka/ros_workspace/src/install/my_package', 'merge_install': False, 'path': '/home/anoushka/ros_workspace/src/my_package', 'symlink_install': True, 'test_result_base': None}
[0.549s] Level 5:colcon.colcon_core.verb:set package 'opencv_test_py' build argument 'cmake_args' from command line to 'None'
[0.549s] Level 5:colcon.colcon_core.verb:set package 'opencv_test_py' build argument 'cmake_target' from command line to 'None'
[0.549s] Level 5:colcon.colcon_core.verb:set package 'opencv_test_py' build argument 'cmake_target_skip_unavailable' from command line to 'False'
[0.549s] Level 5:colcon.colcon_core.verb:set package 'opencv_test_py' build argument 'cmake_clean_cache' from command line to 'False'
[0.549s] Level 5:colcon.colcon_core.verb:set package 'opencv_test_py' build argument 'cmake_clean_first' from command line to 'False'
[0.549s] Level 5:colcon.colcon_core.verb:set package 'opencv_test_py' build argument 'cmake_force_configure' from command line to 'False'
[0.549s] Level 5:colcon.colcon_core.verb:set package 'opencv_test_py' build argument 'ament_cmake_args' from command line to 'None'
[0.549s] Level 5:colcon.colcon_core.verb:set package 'opencv_test_py' build argument 'catkin_cmake_args' from command line to 'None'
[0.549s] Level 5:colcon.colcon_core.verb:set package 'opencv_test_py' build argument 'catkin_skip_building_tests' from command line to 'False'
[0.549s] DEBUG:colcon.colcon_core.verb:Building package 'opencv_test_py' with the following arguments: {'ament_cmake_args': None, 'build_base': '/home/anoushka/ros_workspace/src/build/opencv_test_py', 'catkin_cmake_args': None, 'catkin_skip_building_tests': False, 'cmake_args': None, 'cmake_clean_cache': False, 'cmake_clean_first': False, 'cmake_force_configure': False, 'cmake_target': None, 'cmake_target_skip_unavailable': False, 'install_base': '/home/anoushka/ros_workspace/src/install/opencv_test_py', 'merge_install': False, 'path': '/home/anoushka/ros_workspace/src/opencv_test_py', 'symlink_install': True, 'test_result_base': None}
[0.550s] Level 5:colcon.colcon_core.verb:set package 'rrbot_description' build argument 'cmake_args' from command line to 'None'
[0.550s] Level 5:colcon.colcon_core.verb:set package 'rrbot_description' build argument 'cmake_target' from command line to 'None'
[0.550s] Level 5:colcon.colcon_core.verb:set package 'rrbot_description' build argument 'cmake_target_skip_unavailable' from command line to 'False'
[0.550s] Level 5:colcon.colcon_core.verb:set package 'rrbot_description' build argument 'cmake_clean_cache' from command line to 'False'
[0.550s] Level 5:colcon.colcon_core.verb:set package 'rrbot_description' build argument 'cmake_clean_first' from command line to 'False'
[0.550s] Level 5:colcon.colcon_core.verb:set package 'rrbot_description' build argument 'cmake_force_configure' from command line to 'False'
[0.550s] Level 5:colcon.colcon_core.verb:set package 'rrbot_description' build argument 'ament_cmake_args' from command line to 'None'
[0.550s] Level 5:colcon.colcon_core.verb:set package 'rrbot_description' build argument 'catkin_cmake_args' from command line to 'None'
[0.550s] Level 5:colcon.colcon_core.verb:set package 'rrbot_description' build argument 'catkin_skip_building_tests' from command line to 'False'
[0.550s] DEBUG:colcon.colcon_core.verb:Building package 'rrbot_description' with the following arguments: {'ament_cmake_args': None, 'build_base': '/home/anoushka/ros_workspace/src/build/rrbot_description', 'catkin_cmake_args': None, 'catkin_skip_building_tests': False, 'cmake_args': None, 'cmake_clean_cache': False, 'cmake_clean_first': False, 'cmake_force_configure': False, 'cmake_target': None, 'cmake_target_skip_unavailable': False, 'install_base': '/home/anoushka/ros_workspace/src/install/rrbot_description', 'merge_install': False, 'path': '/home/anoushka/ros_workspace/src/rrbot_simulation_files/rrbot_description', 'symlink_install': True, 'test_result_base': None}
[0.551s] Level 5:colcon.colcon_core.verb:set package 'rrbot_gazebo' build argument 'cmake_args' from command line to 'None'
[0.551s] Level 5:colcon.colcon_core.verb:set package 'rrbot_gazebo' build argument 'cmake_target' from command line to 'None'
[0.551s] Level 5:colcon.colcon_core.verb:set package 'rrbot_gazebo' build argument 'cmake_target_skip_unavailable' from command line to 'False'
[0.551s] Level 5:colcon.colcon_core.verb:set package 'rrbot_gazebo' build argument 'cmake_clean_cache' from command line to 'False'
[0.551s] Level 5:colcon.colcon_core.verb:set package 'rrbot_gazebo' build argument 'cmake_clean_first' from command line to 'False'
[0.551s] Level 5:colcon.colcon_core.verb:set package 'rrbot_gazebo' build argument 'cmake_force_configure' from command line to 'False'
[0.551s] Level 5:colcon.colcon_core.verb:set package 'rrbot_gazebo' build argument 'ament_cmake_args' from command line to 'None'
[0.551s] Level 5:colcon.colcon_core.verb:set package 'rrbot_gazebo' build argument 'catkin_cmake_args' from command line to 'None'
[0.551s] Level 5:colcon.colcon_core.verb:set package 'rrbot_gazebo' build argument 'catkin_skip_building_tests' from command line to 'False'
[0.551s] DEBUG:colcon.colcon_core.verb:Building package 'rrbot_gazebo' with the following arguments: {'ament_cmake_args': None, 'build_base': '/home/anoushka/ros_workspace/src/build/rrbot_gazebo', 'catkin_cmake_args': None, 'catkin_skip_building_tests': False, 'cmake_args': None, 'cmake_clean_cache': False, 'cmake_clean_first': False, 'cmake_force_configure': False, 'cmake_target': None, 'cmake_target_skip_unavailable': False, 'install_base': '/home/anoushka/ros_workspace/src/install/rrbot_gazebo', 'merge_install': False, 'path': '/home/anoushka/ros_workspace/src/rrbot_simulation_files/rrbot_gazebo', 'symlink_install': True, 'test_result_base': None}
[0.552s] INFO:colcon.colcon_core.executor:Executing jobs using 'parallel' executor
[0.556s] DEBUG:colcon.colcon_parallel_executor.executor.parallel:run_until_complete
[0.557s] INFO:colcon.colcon_ros.task.ament_cmake.build:Building ROS package in '/home/anoushka/ros_workspace/src/rrbot_simulation_files/rrbot_description' with build type 'ament_cmake'
[0.558s] INFO:colcon.colcon_cmake.task.cmake.build:Building CMake package in '/home/anoushka/ros_workspace/src/rrbot_simulation_files/rrbot_description'
[0.564s] INFO:colcon.colcon_core.plugin_system:Skipping extension 'colcon_core.shell.bat': Not used on non-Windows systems
[0.565s] INFO:colcon.colcon_core.shell:Skip shell extension 'powershell' for command environment: Not usable outside of PowerShell
[0.565s] DEBUG:colcon.colcon_core.shell:Skip shell extension 'dsv' for command environment
[0.573s] INFO:colcon.colcon_ros.task.ament_python.build:Building ROS package in '/home/anoushka/ros_workspace/src/euler_to_quat' with build type 'ament_python'
[0.573s] Level 1:colcon.colcon_core.shell:create_environment_hook('euler_to_quat', 'ament_prefix_path')
[0.576s] INFO:colcon.colcon_core.shell:Creating environment hook '/home/anoushka/ros_workspace/src/install/euler_to_quat/share/euler_to_quat/hook/ament_prefix_path.ps1'
[0.577s] INFO:colcon.colcon_core.shell:Creating environment descriptor '/home/anoushka/ros_workspace/src/install/euler_to_quat/share/euler_to_quat/hook/ament_prefix_path.dsv'
[0.578s] INFO:colcon.colcon_core.shell:Creating environment hook '/home/anoushka/ros_workspace/src/install/euler_to_quat/share/euler_to_quat/hook/ament_prefix_path.sh'
[0.580s] INFO:colcon.colcon_core.shell:Skip shell extension 'powershell' for command environment: Not usable outside of PowerShell
[0.580s] DEBUG:colcon.colcon_core.shell:Skip shell extension 'dsv' for command environment
[0.585s] INFO:colcon.colcon_ros.task.ament_python.build:Building ROS package in '/home/anoushka/ros_workspace/src/my_package' with build type 'ament_python'
[0.585s] Level 1:colcon.colcon_core.shell:create_environment_hook('my_package', 'ament_prefix_path')
[0.587s] INFO:colcon.colcon_core.shell:Creating environment hook '/home/anoushka/ros_workspace/src/install/my_package/share/my_package/hook/ament_prefix_path.ps1'
[0.589s] INFO:colcon.colcon_core.shell:Creating environment descriptor '/home/anoushka/ros_workspace/src/install/my_package/share/my_package/hook/ament_prefix_path.dsv'
[0.589s] INFO:colcon.colcon_core.shell:Creating environment hook '/home/anoushka/ros_workspace/src/install/my_package/share/my_package/hook/ament_prefix_path.sh'
[0.592s] INFO:colcon.colcon_core.shell:Skip shell extension 'powershell' for command environment: Not usable outside of PowerShell
[0.592s] DEBUG:colcon.colcon_core.shell:Skip shell extension 'dsv' for command environment
[0.600s] INFO:colcon.colcon_ros.task.ament_python.build:Building ROS package in '/home/anoushka/ros_workspace/src/opencv_test_py' with build type 'ament_python'
[0.600s] Level 1:colcon.colcon_core.shell:create_environment_hook('opencv_test_py', 'ament_prefix_path')
[0.602s] INFO:colcon.colcon_core.shell:Creating environment hook '/home/anoushka/ros_workspace/src/install/opencv_test_py/share/opencv_test_py/hook/ament_prefix_path.ps1'
[0.603s] INFO:colcon.colcon_core.shell:Creating environment descriptor '/home/anoushka/ros_workspace/src/install/opencv_test_py/share/opencv_test_py/hook/ament_prefix_path.dsv'
[0.603s] INFO:colcon.colcon_core.shell:Creating environment hook '/home/anoushka/ros_workspace/src/install/opencv_test_py/share/opencv_test_py/hook/ament_prefix_path.sh'
[0.605s] INFO:colcon.colcon_core.shell:Skip shell extension 'powershell' for command environment: Not usable outside of PowerShell
[0.605s] DEBUG:colcon.colcon_core.shell:Skip shell extension 'dsv' for command environment
[0.617s] DEBUG:colcon.colcon_core.event_handler.log_command:Invoking command in '/home/anoushka/ros_workspace/src/build/rrbot_description': CMAKE_PREFIX_PATH=${CMAKE_PREFIX_PATH}:/home/anoushka/ros_workspace/src/install/opencv_test_py:/home/anoushka/ros_workspace/src/install/my_package:/home/anoushka/ros_workspace/src/install/euler_to_quat:/opt/ros/humble /usr/bin/cmake --build /home/anoushka/ros_workspace/src/build/rrbot_description -- -j12 -l12
[0.879s] INFO:colcon.colcon_core.task.python.build:Building Python package in '/home/anoushka/ros_workspace/src/euler_to_quat'
[0.882s] INFO:colcon.colcon_core.shell:Skip shell extension 'powershell' for command environment: Not usable outside of PowerShell
[0.882s] DEBUG:colcon.colcon_core.shell:Skip shell extension 'dsv' for command environment
[1.162s] INFO:colcon.colcon_core.task.python.build:Building Python package in '/home/anoushka/ros_workspace/src/my_package'
[1.165s] INFO:colcon.colcon_core.shell:Skip shell extension 'powershell' for command environment: Not usable outside of PowerShell
[1.165s] DEBUG:colcon.colcon_core.shell:Skip shell extension 'dsv' for command environment
[1.177s] DEBUG:colcon.colcon_core.event_handler.log_command:Invoked command in '/home/anoushka/ros_workspace/src/build/rrbot_description' returned '0': CMAKE_PREFIX_PATH=${CMAKE_PREFIX_PATH}:/home/anoushka/ros_workspace/src/install/opencv_test_py:/home/anoushka/ros_workspace/src/install/my_package:/home/anoushka/ros_workspace/src/install/euler_to_quat:/opt/ros/humble /usr/bin/cmake --build /home/anoushka/ros_workspace/src/build/rrbot_description -- -j12 -l12
[1.475s] INFO:colcon.colcon_core.task.python.build:Building Python package in '/home/anoushka/ros_workspace/src/opencv_test_py'
[1.476s] INFO:colcon.colcon_core.shell:Skip shell extension 'powershell' for command environment: Not usable outside of PowerShell
[1.476s] DEBUG:colcon.colcon_core.shell:Skip shell extension 'dsv' for command environment
[1.504s] DEBUG:colcon.colcon_core.event_handler.log_command:Invoking command in '/home/anoushka/ros_workspace/src/build/rrbot_description': CMAKE_PREFIX_PATH=${CMAKE_PREFIX_PATH}:/home/anoushka/ros_workspace/src/install/opencv_test_py:/home/anoushka/ros_workspace/src/install/my_package:/home/anoushka/ros_workspace/src/install/euler_to_quat:/opt/ros/humble /usr/bin/cmake --install /home/anoushka/ros_workspace/src/build/rrbot_description
[1.542s] Level 1:colcon.colcon_core.environment:create_environment_scripts_only(rrbot_description)
[1.544s] DEBUG:colcon.colcon_core.event_handler.log_command:Invoked command in '/home/anoushka/ros_workspace/src/build/rrbot_description' returned '0': CMAKE_PREFIX_PATH=${CMAKE_PREFIX_PATH}:/home/anoushka/ros_workspace/src/install/opencv_test_py:/home/anoushka/ros_workspace/src/install/my_package:/home/anoushka/ros_workspace/src/install/euler_to_quat:/opt/ros/humble /usr/bin/cmake --install /home/anoushka/ros_workspace/src/build/rrbot_description
[1.554s] Level 1:colcon.colcon_core.environment:checking '/home/anoushka/ros_workspace/src/install/rrbot_description' for CMake module files
[1.555s] Level 1:colcon.colcon_core.environment:checking '/home/anoushka/ros_workspace/src/install/rrbot_description' for CMake config files
[1.556s] Level 1:colcon.colcon_core.shell:create_environment_hook('rrbot_description', 'cmake_prefix_path')
[1.558s] INFO:colcon.colcon_core.shell:Creating environment hook '/home/anoushka/ros_workspace/src/install/rrbot_description/share/rrbot_description/hook/cmake_prefix_path.ps1'
[1.560s] INFO:colcon.colcon_core.shell:Creating environment descriptor '/home/anoushka/ros_workspace/src/install/rrbot_description/share/rrbot_description/hook/cmake_prefix_path.dsv'
[1.560s] INFO:colcon.colcon_core.shell:Creating environment hook '/home/anoushka/ros_workspace/src/install/rrbot_description/share/rrbot_description/hook/cmake_prefix_path.sh'
[1.562s] Level 1:colcon.colcon_core.environment:checking '/home/anoushka/ros_workspace/src/install/rrbot_description/bin'
[1.562s] Level 1:colcon.colcon_core.environment:checking '/home/anoushka/ros_workspace/src/install/rrbot_description/lib/pkgconfig/rrbot_description.pc'
[1.562s] Level 1:colcon.colcon_core.environment:checking '/home/anoushka/ros_workspace/src/install/rrbot_description/lib/python3.10/site-packages'
[1.563s] Level 1:colcon.colcon_core.environment:checking '/home/anoushka/ros_workspace/src/install/rrbot_description/bin'
[1.566s] INFO:colcon.colcon_core.shell:Creating package script '/home/anoushka/ros_workspace/src/install/rrbot_description/share/rrbot_description/package.ps1'
[1.568s] INFO:colcon.colcon_core.shell:Creating package descriptor '/home/anoushka/ros_workspace/src/install/rrbot_description/share/rrbot_description/package.dsv'
[1.569s] INFO:colcon.colcon_core.shell:Creating package script '/home/anoushka/ros_workspace/src/install/rrbot_description/share/rrbot_description/package.sh'
[1.570s] INFO:colcon.colcon_core.shell:Creating package script '/home/anoushka/ros_workspace/src/install/rrbot_description/share/rrbot_description/package.bash'
[1.571s] INFO:colcon.colcon_core.shell:Creating package script '/home/anoushka/ros_workspace/src/install/rrbot_description/share/rrbot_description/package.zsh'
[1.573s] Level 1:colcon.colcon_core.environment:create_file_with_runtime_dependencies(/home/anoushka/ros_workspace/src/install/rrbot_description/share/colcon-core/packages/rrbot_description)
[1.608s] Level 1:colcon.colcon_core.environment:create_environment_scripts_only(rrbot_description)
[1.613s] Level 1:colcon.colcon_core.environment:checking '/home/anoushka/ros_workspace/src/install/rrbot_description' for CMake module files
[1.614s] Level 1:colcon.colcon_core.environment:checking '/home/anoushka/ros_workspace/src/install/rrbot_description' for CMake config files
[1.615s] Level 1:colcon.colcon_core.shell:create_environment_hook('rrbot_description', 'cmake_prefix_path')
[1.618s] INFO:colcon.colcon_core.shell:Creating environment hook '/home/anoushka/ros_workspace/src/install/rrbot_description/share/rrbot_description/hook/cmake_prefix_path.ps1'
[1.619s] INFO:colcon.colcon_core.shell:Creating environment descriptor '/home/anoushka/ros_workspace/src/install/rrbot_description/share/rrbot_description/hook/cmake_prefix_path.dsv'
[1.619s] INFO:colcon.colcon_core.shell:Creating environment hook '/home/anoushka/ros_workspace/src/install/rrbot_description/share/rrbot_description/hook/cmake_prefix_path.sh'
[1.620s] Level 1:colcon.colcon_core.environment:checking '/home/anoushka/ros_workspace/src/install/rrbot_description/bin'
[1.621s] Level 1:colcon.colcon_core.environment:checking '/home/anoushka/ros_workspace/src/install/rrbot_description/lib/pkgconfig/rrbot_description.pc'
[1.621s] Level 1:colcon.colcon_core.environment:checking '/home/anoushka/ros_workspace/src/install/rrbot_description/lib/python3.10/site-packages'
[1.622s] Level 1:colcon.colcon_core.environment:checking '/home/anoushka/ros_workspace/src/install/rrbot_description/bin'
[1.625s] INFO:colcon.colcon_core.shell:Creating package script '/home/anoushka/ros_workspace/src/install/rrbot_description/share/rrbot_description/package.ps1'
[1.626s] INFO:colcon.colcon_core.shell:Creating package descriptor '/home/anoushka/ros_workspace/src/install/rrbot_description/share/rrbot_description/package.dsv'
[1.627s] INFO:colcon.colcon_core.shell:Creating package script '/home/anoushka/ros_workspace/src/install/rrbot_description/share/rrbot_description/package.sh'
[1.628s] INFO:colcon.colcon_core.shell:Creating package script '/home/anoushka/ros_workspace/src/install/rrbot_description/share/rrbot_description/package.bash'
[1.628s] INFO:colcon.colcon_core.shell:Creating package script '/home/anoushka/ros_workspace/src/install/rrbot_description/share/rrbot_description/package.zsh'
[1.629s] Level 1:colcon.colcon_core.environment:create_file_with_runtime_dependencies(/home/anoushka/ros_workspace/src/install/rrbot_description/share/colcon-core/packages/rrbot_description)
[1.630s] INFO:colcon.colcon_ros.task.ament_cmake.build:Building ROS package in '/home/anoushka/ros_workspace/src/rrbot_simulation_files/rrbot_gazebo' with build type 'ament_cmake'
[1.630s] INFO:colcon.colcon_cmake.task.cmake.build:Building CMake package in '/home/anoushka/ros_workspace/src/rrbot_simulation_files/rrbot_gazebo'
[1.633s] INFO:colcon.colcon_core.shell:Skip shell extension 'powershell' for command environment: Not usable outside of PowerShell
[1.633s] DEBUG:colcon.colcon_core.shell:Skip shell extension 'dsv' for command environment
[1.653s] DEBUG:colcon.colcon_core.event_handler.log_command:Invoking command in '/home/anoushka/ros_workspace/src/build/rrbot_gazebo': CMAKE_PREFIX_PATH=/home/anoushka/ros_workspace/src/install/rrbot_description:/home/anoushka/ros_workspace/src/install/rrbot_gazebo:/home/anoushka/ros_workspace/src/install/opencv_test_py:/home/anoushka/ros_workspace/src/install/my_package:/home/anoushka/ros_workspace/src/install/euler_to_quat:/opt/ros/humble /usr/bin/cmake --build /home/anoushka/ros_workspace/src/build/rrbot_gazebo -- -j12 -l12
[1.767s] DEBUG:colcon.colcon_core.event_handler.log_command:Invoked command in '/home/anoushka/ros_workspace/src/build/rrbot_gazebo' returned '0': CMAKE_PREFIX_PATH=/home/anoushka/ros_workspace/src/install/rrbot_description:/home/anoushka/ros_workspace/src/install/rrbot_gazebo:/home/anoushka/ros_workspace/src/install/opencv_test_py:/home/anoushka/ros_workspace/src/install/my_package:/home/anoushka/ros_workspace/src/install/euler_to_quat:/opt/ros/humble /usr/bin/cmake --build /home/anoushka/ros_workspace/src/build/rrbot_gazebo -- -j12 -l12
[1.810s] DEBUG:colcon.colcon_core.event_handler.log_command:Invoking command in '/home/anoushka/ros_workspace/src/build/rrbot_gazebo': CMAKE_PREFIX_PATH=/home/anoushka/ros_workspace/src/install/rrbot_description:/home/anoushka/ros_workspace/src/install/rrbot_gazebo:/home/anoushka/ros_workspace/src/install/opencv_test_py:/home/anoushka/ros_workspace/src/install/my_package:/home/anoushka/ros_workspace/src/install/euler_to_quat:/opt/ros/humble /usr/bin/cmake --install /home/anoushka/ros_workspace/src/build/rrbot_gazebo
[1.850s] Level 1:colcon.colcon_core.environment:create_environment_scripts_only(rrbot_gazebo)
[1.854s] Level 1:colcon.colcon_core.environment:checking '/home/anoushka/ros_workspace/src/install/rrbot_gazebo' for CMake module files
[1.856s] DEBUG:colcon.colcon_core.event_handler.log_command:Invoked command in '/home/anoushka/ros_workspace/src/build/rrbot_gazebo' returned '0': CMAKE_PREFIX_PATH=/home/anoushka/ros_workspace/src/install/rrbot_description:/home/anoushka/ros_workspace/src/install/rrbot_gazebo:/home/anoushka/ros_workspace/src/install/opencv_test_py:/home/anoushka/ros_workspace/src/install/my_package:/home/anoushka/ros_workspace/src/install/euler_to_quat:/opt/ros/humble /usr/bin/cmake --install /home/anoushka/ros_workspace/src/build/rrbot_gazebo
[1.857s] Level 1:colcon.colcon_core.environment:checking '/home/anoushka/ros_workspace/src/install/rrbot_gazebo' for CMake config files
[1.857s] Level 1:colcon.colcon_core.shell:create_environment_hook('rrbot_gazebo', 'cmake_prefix_path')
[1.860s] INFO:colcon.colcon_core.shell:Creating environment hook '/home/anoushka/ros_workspace/src/install/rrbot_gazebo/share/rrbot_gazebo/hook/cmake_prefix_path.ps1'
[1.862s] INFO:colcon.colcon_core.shell:Creating environment descriptor '/home/anoushka/ros_workspace/src/install/rrbot_gazebo/share/rrbot_gazebo/hook/cmake_prefix_path.dsv'
[1.862s] INFO:colcon.colcon_core.shell:Creating environment hook '/home/anoushka/ros_workspace/src/install/rrbot_gazebo/share/rrbot_gazebo/hook/cmake_prefix_path.sh'
[1.864s] Level 1:colcon.colcon_core.environment:checking '/home/anoushka/ros_workspace/src/install/rrbot_gazebo/lib'
[1.864s] Level 1:colcon.colcon_core.environment:checking '/home/anoushka/ros_workspace/src/install/rrbot_gazebo/bin'
[1.864s] Level 1:colcon.colcon_core.environment:checking '/home/anoushka/ros_workspace/src/install/rrbot_gazebo/lib/pkgconfig/rrbot_gazebo.pc'
[1.865s] Level 1:colcon.colcon_core.environment:checking '/home/anoushka/ros_workspace/src/install/rrbot_gazebo/lib/python3.10/site-packages'
[1.865s] Level 1:colcon.colcon_core.environment:checking '/home/anoushka/ros_workspace/src/install/rrbot_gazebo/bin'
[1.869s] INFO:colcon.colcon_core.shell:Creating package script '/home/anoushka/ros_workspace/src/install/rrbot_gazebo/share/rrbot_gazebo/package.ps1'
[1.870s] INFO:colcon.colcon_core.shell:Creating package descriptor '/home/anoushka/ros_workspace/src/install/rrbot_gazebo/share/rrbot_gazebo/package.dsv'
[1.871s] INFO:colcon.colcon_core.shell:Creating package script '/home/anoushka/ros_workspace/src/install/rrbot_gazebo/share/rrbot_gazebo/package.sh'
[1.871s] INFO:colcon.colcon_core.shell:Creating package script '/home/anoushka/ros_workspace/src/install/rrbot_gazebo/share/rrbot_gazebo/package.bash'
[1.872s] INFO:colcon.colcon_core.shell:Creating package script '/home/anoushka/ros_workspace/src/install/rrbot_gazebo/share/rrbot_gazebo/package.zsh'
[1.873s] Level 1:colcon.colcon_core.environment:create_file_with_runtime_dependencies(/home/anoushka/ros_workspace/src/install/rrbot_gazebo/share/colcon-core/packages/rrbot_gazebo)
[1.912s] DEBUG:colcon.colcon_core.event_handler.log_command:Invoking command in '/home/anoushka/ros_workspace/src/build/euler_to_quat': PYTHONPATH=/home/anoushka/ros_workspace/src/install/euler_to_quat/lib/python3.10/site-packages:${PYTHONPATH} /usr/bin/python3 setup.py develop --prefix /home/anoushka/ros_workspace/src/install/euler_to_quat --editable --build-directory /home/anoushka/ros_workspace/src/build/euler_to_quat/build --no-deps install_data --install-dir /home/anoushka/ros_workspace/src/install/euler_to_quat
[1.916s] Level 1:colcon.colcon_core.environment:create_environment_scripts_only(rrbot_gazebo)
[1.921s] Level 1:colcon.colcon_core.environment:checking '/home/anoushka/ros_workspace/src/install/rrbot_gazebo' for CMake module files
[1.922s] Level 1:colcon.colcon_core.environment:checking '/home/anoushka/ros_workspace/src/install/rrbot_gazebo' for CMake config files
[1.923s] Level 1:colcon.colcon_core.shell:create_environment_hook('rrbot_gazebo', 'cmake_prefix_path')
[1.925s] INFO:colcon.colcon_core.shell:Creating environment hook '/home/anoushka/ros_workspace/src/install/rrbot_gazebo/share/rrbot_gazebo/hook/cmake_prefix_path.ps1'
[1.926s] INFO:colcon.colcon_core.shell:Creating environment descriptor '/home/anoushka/ros_workspace/src/install/rrbot_gazebo/share/rrbot_gazebo/hook/cmake_prefix_path.dsv'
[1.927s] INFO:colcon.colcon_core.shell:Creating environment hook '/home/anoushka/ros_workspace/src/install/rrbot_gazebo/share/rrbot_gazebo/hook/cmake_prefix_path.sh'
[1.928s] Level 1:colcon.colcon_core.environment:checking '/home/anoushka/ros_workspace/src/install/rrbot_gazebo/lib'
[1.928s] Level 1:colcon.colcon_core.environment:checking '/home/anoushka/ros_workspace/src/install/rrbot_gazebo/bin'
[1.929s] Level 1:colcon.colcon_core.environment:checking '/home/anoushka/ros_workspace/src/install/rrbot_gazebo/lib/pkgconfig/rrbot_gazebo.pc'
[1.929s] Level 1:colcon.colcon_core.environment:checking '/home/anoushka/ros_workspace/src/install/rrbot_gazebo/lib/python3.10/site-packages'
[1.930s] Level 1:colcon.colcon_core.environment:checking '/home/anoushka/ros_workspace/src/install/rrbot_gazebo/bin'
[1.933s] INFO:colcon.colcon_core.shell:Creating package script '/home/anoushka/ros_workspace/src/install/rrbot_gazebo/share/rrbot_gazebo/package.ps1'
[1.934s] INFO:colcon.colcon_core.shell:Creating package descriptor '/home/anoushka/ros_workspace/src/install/rrbot_gazebo/share/rrbot_gazebo/package.dsv'
[1.935s] INFO:colcon.colcon_core.shell:Creating package script '/home/anoushka/ros_workspace/src/install/rrbot_gazebo/share/rrbot_gazebo/package.sh'
[1.936s] INFO:colcon.colcon_core.shell:Creating package script '/home/anoushka/ros_workspace/src/install/rrbot_gazebo/share/rrbot_gazebo/package.bash'
[1.936s] INFO:colcon.colcon_core.shell:Creating package script '/home/anoushka/ros_workspace/src/install/rrbot_gazebo/share/rrbot_gazebo/package.zsh'
[1.937s] Level 1:colcon.colcon_core.environment:create_file_with_runtime_dependencies(/home/anoushka/ros_workspace/src/install/rrbot_gazebo/share/colcon-core/packages/rrbot_gazebo)
[1.995s] DEBUG:colcon.colcon_core.event_handler.log_command:Invoking command in '/home/anoushka/ros_workspace/src/build/opencv_test_py': PYTHONPATH=/home/anoushka/ros_workspace/src/install/opencv_test_py/lib/python3.10/site-packages:${PYTHONPATH} /usr/bin/python3 setup.py develop --prefix /home/anoushka/ros_workspace/src/install/opencv_test_py --editable --build-directory /home/anoushka/ros_workspace/src/build/opencv_test_py/build --no-deps install_data --install-dir /home/anoushka/ros_workspace/src/install/opencv_test_py
[2.141s] DEBUG:colcon.colcon_core.event_handler.log_command:Invoking command in '/home/anoushka/ros_workspace/src/build/my_package': PYTHONPATH=/home/anoushka/ros_workspace/src/install/my_package/lib/python3.10/site-packages:${PYTHONPATH} /usr/bin/python3 setup.py develop --prefix /home/anoushka/ros_workspace/src/install/my_package --editable --build-directory /home/anoushka/ros_workspace/src/build/my_package/build --no-deps install_data --install-dir /home/anoushka/ros_workspace/src/install/my_package
[2.504s] Level 1:colcon.colcon_core.shell:create_environment_hook('euler_to_quat', 'pythonpath_develop')
[2.505s] DEBUG:colcon.colcon_core.event_handler.log_command:Invoked command in '/home/anoushka/ros_workspace/src/build/euler_to_quat' returned '0': PYTHONPATH=/home/anoushka/ros_workspace/src/install/euler_to_quat/lib/python3.10/site-packages:${PYTHONPATH} /usr/bin/python3 setup.py develop --prefix /home/anoushka/ros_workspace/src/install/euler_to_quat --editable --build-directory /home/anoushka/ros_workspace/src/build/euler_to_quat/build --no-deps install_data --install-dir /home/anoushka/ros_workspace/src/install/euler_to_quat
[2.508s] INFO:colcon.colcon_core.shell:Creating environment hook '/home/anoushka/ros_workspace/src/build/euler_to_quat/share/euler_to_quat/hook/pythonpath_develop.ps1'
[2.509s] INFO:colcon.colcon_core.shell:Creating environment descriptor '/home/anoushka/ros_workspace/src/build/euler_to_quat/share/euler_to_quat/hook/pythonpath_develop.dsv'
[2.510s] INFO:colcon.colcon_core.shell:Creating environment hook '/home/anoushka/ros_workspace/src/build/euler_to_quat/share/euler_to_quat/hook/pythonpath_develop.sh'
[2.515s] Level 1:colcon.colcon_core.environment:checking '/home/anoushka/ros_workspace/src/install/euler_to_quat' for CMake module files
[2.516s] Level 1:colcon.colcon_core.environment:checking '/home/anoushka/ros_workspace/src/install/euler_to_quat' for CMake config files
[2.517s] Level 1:colcon.colcon_core.environment:checking '/home/anoushka/ros_workspace/src/install/euler_to_quat/lib'
[2.517s] Level 1:colcon.colcon_core.environment:checking '/home/anoushka/ros_workspace/src/install/euler_to_quat/bin'
[2.517s] Level 1:colcon.colcon_core.environment:checking '/home/anoushka/ros_workspace/src/install/euler_to_quat/lib/pkgconfig/euler_to_quat.pc'
[2.518s] Level 1:colcon.colcon_core.environment:checking '/home/anoushka/ros_workspace/src/install/euler_to_quat/lib/python3.10/site-packages'
[2.518s] Level 1:colcon.colcon_core.shell:create_environment_hook('euler_to_quat', 'pythonpath')
[2.521s] INFO:colcon.colcon_core.shell:Creating environment hook '/home/anoushka/ros_workspace/src/install/euler_to_quat/share/euler_to_quat/hook/pythonpath.ps1'
[2.522s] INFO:colcon.colcon_core.shell:Creating environment descriptor '/home/anoushka/ros_workspace/src/install/euler_to_quat/share/euler_to_quat/hook/pythonpath.dsv'
[2.523s] INFO:colcon.colcon_core.shell:Creating environment hook '/home/anoushka/ros_workspace/src/install/euler_to_quat/share/euler_to_quat/hook/pythonpath.sh'
[2.524s] Level 1:colcon.colcon_core.environment:checking '/home/anoushka/ros_workspace/src/install/euler_to_quat/bin'
[2.524s] Level 1:colcon.colcon_core.environment:create_environment_scripts_only(euler_to_quat)
[2.527s] INFO:colcon.colcon_core.shell:Creating package script '/home/anoushka/ros_workspace/src/install/euler_to_quat/share/euler_to_quat/package.ps1'
[2.528s] INFO:colcon.colcon_core.shell:Creating package descriptor '/home/anoushka/ros_workspace/src/install/euler_to_quat/share/euler_to_quat/package.dsv'
[2.530s] INFO:colcon.colcon_core.shell:Creating package script '/home/anoushka/ros_workspace/src/install/euler_to_quat/share/euler_to_quat/package.sh'
[2.531s] INFO:colcon.colcon_core.shell:Creating package script '/home/anoushka/ros_workspace/src/install/euler_to_quat/share/euler_to_quat/package.bash'
[2.531s] INFO:colcon.colcon_core.shell:Creating package script '/home/anoushka/ros_workspace/src/install/euler_to_quat/share/euler_to_quat/package.zsh'
[2.532s] Level 1:colcon.colcon_core.environment:create_file_with_runtime_dependencies(/home/anoushka/ros_workspace/src/install/euler_to_quat/share/colcon-core/packages/euler_to_quat)
[2.730s] Level 1:colcon.colcon_core.shell:create_environment_hook('my_package', 'pythonpath_develop')
[2.734s] INFO:colcon.colcon_core.shell:Creating environment hook '/home/anoushka/ros_workspace/src/build/my_package/share/my_package/hook/pythonpath_develop.ps1'
[2.734s] DEBUG:colcon.colcon_core.event_handler.log_command:Invoked command in '/home/anoushka/ros_workspace/src/build/my_package' returned '0': PYTHONPATH=/home/anoushka/ros_workspace/src/install/my_package/lib/python3.10/site-packages:${PYTHONPATH} /usr/bin/python3 setup.py develop --prefix /home/anoushka/ros_workspace/src/install/my_package --editable --build-directory /home/anoushka/ros_workspace/src/build/my_package/build --no-deps install_data --install-dir /home/anoushka/ros_workspace/src/install/my_package
[2.735s] INFO:colcon.colcon_core.shell:Creating environment descriptor '/home/anoushka/ros_workspace/src/build/my_package/share/my_package/hook/pythonpath_develop.dsv'
[2.736s] INFO:colcon.colcon_core.shell:Creating environment hook '/home/anoushka/ros_workspace/src/build/my_package/share/my_package/hook/pythonpath_develop.sh'
[2.741s] Level 1:colcon.colcon_core.environment:checking '/home/anoushka/ros_workspace/src/install/my_package' for CMake module files
[2.742s] Level 1:colcon.colcon_core.environment:checking '/home/anoushka/ros_workspace/src/install/my_package' for CMake config files
[2.743s] Level 1:colcon.colcon_core.environment:checking '/home/anoushka/ros_workspace/src/install/my_package/lib'
[2.743s] Level 1:colcon.colcon_core.environment:checking '/home/anoushka/ros_workspace/src/install/my_package/bin'
[2.743s] Level 1:colcon.colcon_core.environment:checking '/home/anoushka/ros_workspace/src/install/my_package/lib/pkgconfig/my_package.pc'
[2.744s] Level 1:colcon.colcon_core.environment:checking '/home/anoushka/ros_workspace/src/install/my_package/lib/python3.10/site-packages'
[2.744s] Level 1:colcon.colcon_core.shell:create_environment_hook('my_package', 'pythonpath')
[2.747s] INFO:colcon.colcon_core.shell:Creating environment hook '/home/anoushka/ros_workspace/src/install/my_package/share/my_package/hook/pythonpath.ps1'
[2.750s] INFO:colcon.colcon_core.shell:Creating environment descriptor '/home/anoushka/ros_workspace/src/install/my_package/share/my_package/hook/pythonpath.dsv'
[2.751s] INFO:colcon.colcon_core.shell:Creating environment hook '/home/anoushka/ros_workspace/src/install/my_package/share/my_package/hook/pythonpath.sh'
[2.752s] Level 1:colcon.colcon_core.environment:checking '/home/anoushka/ros_workspace/src/install/my_package/bin'
[2.752s] Level 1:colcon.colcon_core.environment:create_environment_scripts_only(my_package)
[2.756s] INFO:colcon.colcon_core.shell:Creating package script '/home/anoushka/ros_workspace/src/install/my_package/share/my_package/package.ps1'
[2.759s] INFO:colcon.colcon_core.shell:Creating package descriptor '/home/anoushka/ros_workspace/src/install/my_package/share/my_package/package.dsv'
[2.760s] INFO:colcon.colcon_core.shell:Creating package script '/home/anoushka/ros_workspace/src/install/my_package/share/my_package/package.sh'
[2.761s] INFO:colcon.colcon_core.shell:Creating package script '/home/anoushka/ros_workspace/src/install/my_package/share/my_package/package.bash'
[2.761s] INFO:colcon.colcon_core.shell:Creating package script '/home/anoushka/ros_workspace/src/install/my_package/share/my_package/package.zsh'
[2.762s] Level 1:colcon.colcon_core.environment:create_file_with_runtime_dependencies(/home/anoushka/ros_workspace/src/install/my_package/share/colcon-core/packages/my_package)
[2.797s] Level 1:colcon.colcon_core.shell:create_environment_hook('opencv_test_py', 'pythonpath_develop')
[2.801s] INFO:colcon.colcon_core.shell:Creating environment hook '/home/anoushka/ros_workspace/src/build/opencv_test_py/share/opencv_test_py/hook/pythonpath_develop.ps1'
[2.802s] DEBUG:colcon.colcon_core.event_handler.log_command:Invoked command in '/home/anoushka/ros_workspace/src/build/opencv_test_py' returned '0': PYTHONPATH=/home/anoushka/ros_workspace/src/install/opencv_test_py/lib/python3.10/site-packages:${PYTHONPATH} /usr/bin/python3 setup.py develop --prefix /home/anoushka/ros_workspace/src/install/opencv_test_py --editable --build-directory /home/anoushka/ros_workspace/src/build/opencv_test_py/build --no-deps install_data --install-dir /home/anoushka/ros_workspace/src/install/opencv_test_py
[2.802s] INFO:colcon.colcon_core.shell:Creating environment descriptor '/home/anoushka/ros_workspace/src/build/opencv_test_py/share/opencv_test_py/hook/pythonpath_develop.dsv'
[2.803s] INFO:colcon.colcon_core.shell:Creating environment hook '/home/anoushka/ros_workspace/src/build/opencv_test_py/share/opencv_test_py/hook/pythonpath_develop.sh'
[2.806s] Level 1:colcon.colcon_core.environment:checking '/home/anoushka/ros_workspace/src/install/opencv_test_py' for CMake module files
[2.807s] Level 1:colcon.colcon_core.environment:checking '/home/anoushka/ros_workspace/src/install/opencv_test_py' for CMake config files
[2.807s] Level 1:colcon.colcon_core.environment:checking '/home/anoushka/ros_workspace/src/install/opencv_test_py/lib'
[2.808s] Level 1:colcon.colcon_core.environment:checking '/home/anoushka/ros_workspace/src/install/opencv_test_py/bin'
[2.808s] Level 1:colcon.colcon_core.environment:checking '/home/anoushka/ros_workspace/src/install/opencv_test_py/lib/pkgconfig/opencv_test_py.pc'
[2.808s] Level 1:colcon.colcon_core.environment:checking '/home/anoushka/ros_workspace/src/install/opencv_test_py/lib/python3.10/site-packages'
[2.808s] Level 1:colcon.colcon_core.shell:create_environment_hook('opencv_test_py', 'pythonpath')
[2.810s] INFO:colcon.colcon_core.shell:Creating environment hook '/home/anoushka/ros_workspace/src/install/opencv_test_py/share/opencv_test_py/hook/pythonpath.ps1'
[2.810s] INFO:colcon.colcon_core.shell:Creating environment descriptor '/home/anoushka/ros_workspace/src/install/opencv_test_py/share/opencv_test_py/hook/pythonpath.dsv'
[2.810s] INFO:colcon.colcon_core.shell:Creating environment hook '/home/anoushka/ros_workspace/src/install/opencv_test_py/share/opencv_test_py/hook/pythonpath.sh'
[2.811s] Level 1:colcon.colcon_core.environment:checking '/home/anoushka/ros_workspace/src/install/opencv_test_py/bin'
[2.811s] Level 1:colcon.colcon_core.environment:create_environment_scripts_only(opencv_test_py)
[2.813s] INFO:colcon.colcon_core.shell:Creating package script '/home/anoushka/ros_workspace/src/install/opencv_test_py/share/opencv_test_py/package.ps1'
[2.815s] INFO:colcon.colcon_core.shell:Creating package descriptor '/home/anoushka/ros_workspace/src/install/opencv_test_py/share/opencv_test_py/package.dsv'
[2.816s] INFO:colcon.colcon_core.shell:Creating package script '/home/anoushka/ros_workspace/src/install/opencv_test_py/share/opencv_test_py/package.sh'
[2.816s] INFO:colcon.colcon_core.shell:Creating package script '/home/anoushka/ros_workspace/src/install/opencv_test_py/share/opencv_test_py/package.bash'
[2.817s] INFO:colcon.colcon_core.shell:Creating package script '/home/anoushka/ros_workspace/src/install/opencv_test_py/share/opencv_test_py/package.zsh'
[2.817s] Level 1:colcon.colcon_core.environment:create_file_with_runtime_dependencies(/home/anoushka/ros_workspace/src/install/opencv_test_py/share/colcon-core/packages/opencv_test_py)
[2.817s] DEBUG:colcon.colcon_parallel_executor.executor.parallel:closing loop
[2.818s] DEBUG:colcon.colcon_parallel_executor.executor.parallel:loop closed
[2.818s] DEBUG:colcon.colcon_parallel_executor.executor.parallel:run_until_complete finished with '0'
[2.818s] DEBUG:colcon.colcon_core.event_reactor:joining thread
[2.829s] INFO:colcon.colcon_core.plugin_system:Skipping extension 'colcon_notification.desktop_notification.terminal_notifier': Not used on non-Darwin systems
[2.829s] INFO:colcon.colcon_core.plugin_system:Skipping extension 'colcon_notification.desktop_notification.win32': Not used on non-Windows systems
[2.829s] INFO:colcon.colcon_notification.desktop_notification:Sending desktop notification using 'notify2'
[2.847s] DEBUG:colcon.colcon_core.event_reactor:joined thread
[2.850s] INFO:colcon.colcon_core.shell:Creating prefix script '/home/anoushka/ros_workspace/src/install/local_setup.ps1'
[2.852s] INFO:colcon.colcon_core.shell:Creating prefix util module '/home/anoushka/ros_workspace/src/install/_local_setup_util_ps1.py'
[2.855s] INFO:colcon.colcon_core.shell:Creating prefix chain script '/home/anoushka/ros_workspace/src/install/setup.ps1'
[2.857s] INFO:colcon.colcon_core.shell:Creating prefix script '/home/anoushka/ros_workspace/src/install/local_setup.sh'
[2.858s] INFO:colcon.colcon_core.shell:Creating prefix util module '/home/anoushka/ros_workspace/src/install/_local_setup_util_sh.py'
[2.859s] INFO:colcon.colcon_core.shell:Creating prefix chain script '/home/anoushka/ros_workspace/src/install/setup.sh'
[2.861s] INFO:colcon.colcon_core.shell:Creating prefix script '/home/anoushka/ros_workspace/src/install/local_setup.bash'
[2.861s] INFO:colcon.colcon_core.shell:Creating prefix chain script '/home/anoushka/ros_workspace/src/install/setup.bash'
[2.863s] INFO:colcon.colcon_core.shell:Creating prefix script '/home/anoushka/ros_workspace/src/install/local_setup.zsh'
[2.863s] INFO:colcon.colcon_core.shell:Creating prefix chain script '/home/anoushka/ros_workspace/src/install/setup.zsh'
