[0.580s] Invoking command in '/home/anoushka/ros_workspace/src/build/euler_to_quat': PYTHONPATH=/home/anoushka/ros_workspace/src/install/euler_to_quat/lib/python3.10/site-packages:${PYTHONPATH} /usr/bin/python3 setup.py develop --prefix /home/anoushka/ros_workspace/src/install/euler_to_quat --editable --build-directory /home/anoushka/ros_workspace/src/build/euler_to_quat/build --no-deps install_data --install-dir /home/anoushka/ros_workspace/src/install/euler_to_quat
[0.729s] /usr/lib/python3/dist-packages/setuptools/command/easy_install.py:158: EasyInstallDeprecationWarning: easy_install command is deprecated. Use build and pip and other standards-based tools.
[0.730s]   warnings.warn(
[0.730s] running develop
[0.730s] /usr/lib/python3/dist-packages/setuptools/command/install.py:34: SetuptoolsDeprecationWarning: setup.py install is deprecated. Use build and pip and other standards-based tools.
[0.730s]   warnings.warn(
[0.759s] /usr/lib/python3/dist-packages/pkg_resources/__init__.py:116: PkgResourcesDeprecationWarning: 1.1build1 is an invalid version and will not be supported in a future release
[0.759s]   warnings.warn(
[0.759s] /usr/lib/python3/dist-packages/pkg_resources/__init__.py:116: PkgResourcesDeprecationWarning: 0.1.43ubuntu1 is an invalid version and will not be supported in a future release
[0.759s]   warnings.warn(
[0.812s] running egg_info
[0.812s] creating euler_to_quat.egg-info
[0.812s] writing euler_to_quat.egg-info/PKG-INFO
[0.812s] writing dependency_links to euler_to_quat.egg-info/dependency_links.txt
[0.813s] writing entry points to euler_to_quat.egg-info/entry_points.txt
[0.813s] writing requirements to euler_to_quat.egg-info/requires.txt
[0.813s] writing top-level names to euler_to_quat.egg-info/top_level.txt
[0.813s] writing manifest file 'euler_to_quat.egg-info/SOURCES.txt'
[0.813s] reading manifest file 'euler_to_quat.egg-info/SOURCES.txt'
[0.814s] writing manifest file 'euler_to_quat.egg-info/SOURCES.txt'
[0.815s] running build_ext
[0.815s] Creating /home/anoushka/ros_workspace/src/install/euler_to_quat/lib/python3.10/site-packages/euler-to-quat.egg-link (link to .)
[0.815s] Installing listener script to /home/anoushka/ros_workspace/src/install/euler_to_quat/lib/euler_to_quat
[0.815s] 
[0.816s] Installed /home/anoushka/ros_workspace/src/build/euler_to_quat
[0.816s] running install_data
[0.816s] creating /home/anoushka/ros_workspace/src/install/euler_to_quat/share/ament_index
[0.816s] creating /home/anoushka/ros_workspace/src/install/euler_to_quat/share/ament_index/resource_index
[0.816s] creating /home/anoushka/ros_workspace/src/install/euler_to_quat/share/ament_index/resource_index/packages
[0.816s] copying resource/euler_to_quat -> /home/anoushka/ros_workspace/src/install/euler_to_quat/share/ament_index/resource_index/packages
[0.816s] copying package.xml -> /home/anoushka/ros_workspace/src/install/euler_to_quat/share/euler_to_quat
[0.838s] Invoked command in '/home/anoushka/ros_workspace/src/build/euler_to_quat' returned '0': PYTHONPATH=/home/anoushka/ros_workspace/src/install/euler_to_quat/lib/python3.10/site-packages:${PYTHONPATH} /usr/bin/python3 setup.py develop --prefix /home/anoushka/ros_workspace/src/install/euler_to_quat --editable --build-directory /home/anoushka/ros_workspace/src/build/euler_to_quat/build --no-deps install_data --install-dir /home/anoushka/ros_workspace/src/install/euler_to_quat
