[0.714s] Invoking command in '/home/anoushka/ros_workspace/src/build/euler_to_quat': PYTHONPATH=/home/anoushka/ros_workspace/src/install/euler_to_quat/lib/python3.10/site-packages:${PYTHONPATH} /usr/bin/python3 setup.py develop --prefix /home/anoushka/ros_workspace/src/install/euler_to_quat --editable --build-directory /home/anoushka/ros_workspace/src/build/euler_to_quat/build --no-deps install_data --install-dir /home/anoushka/ros_workspace/src/install/euler_to_quat
[0.872s] running develop
[0.872s] /usr/lib/python3/dist-packages/setuptools/command/easy_install.py:158: EasyInstallDeprecationWarning: easy_install command is deprecated. Use build and pip and other standards-based tools.
[0.872s]   warnings.warn(
[0.873s] /usr/lib/python3/dist-packages/setuptools/command/install.py:34: SetuptoolsDeprecationWarning: setup.py install is deprecated. Use build and pip and other standards-based tools.
[0.873s]   warnings.warn(
[0.904s] /usr/lib/python3/dist-packages/pkg_resources/__init__.py:116: PkgResourcesDeprecationWarning: 1.1build1 is an invalid version and will not be supported in a future release
[0.904s]   warnings.warn(
[0.904s] /usr/lib/python3/dist-packages/pkg_resources/__init__.py:116: PkgResourcesDeprecationWarning: 0.1.43ubuntu1 is an invalid version and will not be supported in a future release
[0.904s]   warnings.warn(
[0.959s] running egg_info
[0.959s] writing euler_to_quat.egg-info/PKG-INFO
[0.959s] writing dependency_links to euler_to_quat.egg-info/dependency_links.txt
[0.959s] writing entry points to euler_to_quat.egg-info/entry_points.txt
[0.959s] writing requirements to euler_to_quat.egg-info/requires.txt
[0.959s] writing top-level names to euler_to_quat.egg-info/top_level.txt
[0.960s] reading manifest file 'euler_to_quat.egg-info/SOURCES.txt'
[0.961s] writing manifest file 'euler_to_quat.egg-info/SOURCES.txt'
[0.962s] running build_ext
[0.962s] Creating /home/anoushka/ros_workspace/src/install/euler_to_quat/lib/python3.10/site-packages/euler-to-quat.egg-link (link to .)
[0.963s] Installing listener script to /home/anoushka/ros_workspace/src/install/euler_to_quat/lib/euler_to_quat
[0.963s] 
[0.963s] Installed /home/anoushka/ros_workspace/src/build/euler_to_quat
[0.963s] running install_data
[0.988s] Invoked command in '/home/anoushka/ros_workspace/src/build/euler_to_quat' returned '0': PYTHONPATH=/home/anoushka/ros_workspace/src/install/euler_to_quat/lib/python3.10/site-packages:${PYTHONPATH} /usr/bin/python3 setup.py develop --prefix /home/anoushka/ros_workspace/src/install/euler_to_quat --editable --build-directory /home/anoushka/ros_workspace/src/build/euler_to_quat/build --no-deps install_data --install-dir /home/anoushka/ros_workspace/src/install/euler_to_quat
