[0.027s] Invoking command in '/home/anoushka/ros_workspace/src/build/rrbot_description': CMAKE_PREFIX_PATH=${CMAKE_PREFIX_PATH}:/home/anoushka/ros_workspace/src/install/opencv_test_py:/home/anoushka/ros_workspace/src/install/my_package:/home/anoushka/ros_workspace/src/install/euler_to_quat:/opt/ros/humble /usr/bin/cmake /home/anoushka/ros_workspace/src/rrbot_simulation_files/rrbot_description -DAMENT_CMAKE_SYMLINK_INSTALL=1 -DCMAKE_INSTALL_PREFIX=/home/anoushka/ros_workspace/src/install/rrbot_description
[0.358s] -- Found ament_cmake: 1.3.2 (/opt/ros/humble/share/ament_cmake/cmake)
[0.358s] -- Override CMake install command with custom implementation using symlinks instead of copying resources
[0.358s] -- Configuring done
[0.358s] -- Generating done
[0.358s] -- Build files have been written to: /home/anoushka/ros_workspace/src/build/rrbot_description
[0.516s] Invoked command in '/home/anoushka/ros_workspace/src/build/rrbot_description' returned '0': CMAKE_PREFIX_PATH=${CMAKE_PREFIX_PATH}:/home/anoushka/ros_workspace/src/install/opencv_test_py:/home/anoushka/ros_workspace/src/install/my_package:/home/anoushka/ros_workspace/src/install/euler_to_quat:/opt/ros/humble /usr/bin/cmake /home/anoushka/ros_workspace/src/rrbot_simulation_files/rrbot_description -DAMENT_CMAKE_SYMLINK_INSTALL=1 -DCMAKE_INSTALL_PREFIX=/home/anoushka/ros_workspace/src/install/rrbot_description
[0.518s] Invoking command in '/home/anoushka/ros_workspace/src/build/rrbot_description': CMAKE_PREFIX_PATH=${CMAKE_PREFIX_PATH}:/home/anoushka/ros_workspace/src/install/opencv_test_py:/home/anoushka/ros_workspace/src/install/my_package:/home/anoushka/ros_workspace/src/install/euler_to_quat:/opt/ros/humble /usr/bin/cmake --build /home/anoushka/ros_workspace/src/build/rrbot_description -- -j12 -l12
[0.543s] Invoked command in '/home/anoushka/ros_workspace/src/build/rrbot_description' returned '0': CMAKE_PREFIX_PATH=${CMAKE_PREFIX_PATH}:/home/anoushka/ros_workspace/src/install/opencv_test_py:/home/anoushka/ros_workspace/src/install/my_package:/home/anoushka/ros_workspace/src/install/euler_to_quat:/opt/ros/humble /usr/bin/cmake --build /home/anoushka/ros_workspace/src/build/rrbot_description -- -j12 -l12
[0.562s] Invoking command in '/home/anoushka/ros_workspace/src/build/rrbot_description': CMAKE_PREFIX_PATH=${CMAKE_PREFIX_PATH}:/home/anoushka/ros_workspace/src/install/opencv_test_py:/home/anoushka/ros_workspace/src/install/my_package:/home/anoushka/ros_workspace/src/install/euler_to_quat:/opt/ros/humble /usr/bin/cmake --install /home/anoushka/ros_workspace/src/build/rrbot_description
[0.567s] -- Install configuration: ""
[0.567s] -- Execute custom install script
[0.568s] -- Up-to-date symlink: /home/anoushka/ros_workspace/src/install/rrbot_description/share/rrbot_description/config/rrbot.rviz
[0.568s] -- Up-to-date symlink: /home/anoushka/ros_workspace/src/install/rrbot_description/share/rrbot_description/gazebo/rrbot.gazebo.xacro
[0.568s] -- Up-to-date symlink: /home/anoushka/ros_workspace/src/install/rrbot_description/share/rrbot_description/gazebo/rrbot.materials.xacro
[0.568s] -- Up-to-date symlink: /home/anoushka/ros_workspace/src/install/rrbot_description/share/rrbot_description/meshes/hokuyo.dae
[0.568s] -- Up-to-date symlink: /home/anoushka/ros_workspace/src/install/rrbot_description/share/rrbot_description/launch/object_spawn.launch.py
[0.568s] -- Up-to-date symlink: /home/anoushka/ros_workspace/src/install/rrbot_description/share/rrbot_description/launch/view_robot.launch.py
[0.568s] -- Up-to-date symlink: /home/anoushka/ros_workspace/src/install/rrbot_description/share/rrbot_description/ros2_control/rrbot.ros2_control.xacro
[0.569s] -- Up-to-date symlink: /home/anoushka/ros_workspace/src/install/rrbot_description/share/rrbot_description/urdf/object.urdf
[0.569s] -- Up-to-date symlink: /home/anoushka/ros_workspace/src/install/rrbot_description/share/rrbot_description/urdf/rrbot.urdf.xacro
[0.569s] -- Up-to-date symlink: /home/anoushka/ros_workspace/src/install/rrbot_description/share/rrbot_description/urdf/rrbot_description.urdf.xacro
[0.569s] -- Up-to-date symlink: /home/anoushka/ros_workspace/src/install/rrbot_description/share/rrbot_description/environment/rrbot_description.dsv
[0.569s] -- Up-to-date symlink: /home/anoushka/ros_workspace/src/install/rrbot_description/share/ament_index/resource_index/package_run_dependencies/rrbot_description
[0.569s] -- Up-to-date symlink: /home/anoushka/ros_workspace/src/install/rrbot_description/share/ament_index/resource_index/parent_prefix_path/rrbot_description
[0.569s] -- Up-to-date symlink: /home/anoushka/ros_workspace/src/install/rrbot_description/share/rrbot_description/environment/ament_prefix_path.sh
[0.569s] -- Up-to-date symlink: /home/anoushka/ros_workspace/src/install/rrbot_description/share/rrbot_description/environment/ament_prefix_path.dsv
[0.569s] -- Up-to-date symlink: /home/anoushka/ros_workspace/src/install/rrbot_description/share/rrbot_description/environment/path.sh
[0.569s] -- Up-to-date symlink: /home/anoushka/ros_workspace/src/install/rrbot_description/share/rrbot_description/environment/path.dsv
[0.570s] -- Up-to-date symlink: /home/anoushka/ros_workspace/src/install/rrbot_description/share/rrbot_description/local_setup.bash
[0.570s] -- Up-to-date symlink: /home/anoushka/ros_workspace/src/install/rrbot_description/share/rrbot_description/local_setup.sh
[0.570s] -- Up-to-date symlink: /home/anoushka/ros_workspace/src/install/rrbot_description/share/rrbot_description/local_setup.zsh
[0.570s] -- Up-to-date symlink: /home/anoushka/ros_workspace/src/install/rrbot_description/share/rrbot_description/local_setup.dsv
[0.570s] -- Symlinking: /home/anoushka/ros_workspace/src/install/rrbot_description/share/rrbot_description/package.dsv
[0.577s] -- Up-to-date symlink: /home/anoushka/ros_workspace/src/install/rrbot_description/share/ament_index/resource_index/packages/rrbot_description
[0.577s] -- Up-to-date symlink: /home/anoushka/ros_workspace/src/install/rrbot_description/share/rrbot_description/cmake/rrbot_descriptionConfig.cmake
[0.577s] -- Up-to-date symlink: /home/anoushka/ros_workspace/src/install/rrbot_description/share/rrbot_description/cmake/rrbot_descriptionConfig-version.cmake
[0.577s] -- Up-to-date symlink: /home/anoushka/ros_workspace/src/install/rrbot_description/share/rrbot_description/package.xml
[0.579s] Invoked command in '/home/anoushka/ros_workspace/src/build/rrbot_description' returned '0': CMAKE_PREFIX_PATH=${CMAKE_PREFIX_PATH}:/home/anoushka/ros_workspace/src/install/opencv_test_py:/home/anoushka/ros_workspace/src/install/my_package:/home/anoushka/ros_workspace/src/install/euler_to_quat:/opt/ros/humble /usr/bin/cmake --install /home/anoushka/ros_workspace/src/build/rrbot_description
