[0.796s] Invoking command in '/home/anoushka/ros_workspace/src/build/my_package': PYTHONPATH=/home/anoushka/ros_workspace/src/install/my_package/lib/python3.10/site-packages:${PYTHONPATH} /usr/bin/python3 setup.py develop --prefix /home/anoushka/ros_workspace/src/install/my_package --uninstall --editable --build-directory /home/anoushka/ros_workspace/src/build/my_package/build
[0.996s] running develop
[0.997s] /usr/lib/python3/dist-packages/setuptools/command/easy_install.py:158: EasyInstallDeprecationWarning: easy_install command is deprecated. Use build and pip and other standards-based tools.
[0.997s]   warnings.warn(
[0.997s] /usr/lib/python3/dist-packages/setuptools/command/install.py:34: SetuptoolsDeprecationWarning: setup.py install is deprecated. Use build and pip and other standards-based tools.
[0.997s]   warnings.warn(
[1.027s] /usr/lib/python3/dist-packages/pkg_resources/__init__.py:116: PkgResourcesDeprecationWarning: 1.1build1 is an invalid version and will not be supported in a future release
[1.027s]   warnings.warn(
[1.027s] /usr/lib/python3/dist-packages/pkg_resources/__init__.py:116: PkgResourcesDeprecationWarning: 0.1.43ubuntu1 is an invalid version and will not be supported in a future release
[1.027s]   warnings.warn(
[1.080s] Removing /home/anoushka/ros_workspace/src/install/my_package/lib/python3.10/site-packages/my-package.egg-link (link to .)
[1.099s] Invoked command in '/home/anoushka/ros_workspace/src/build/my_package' returned '0': PYTHONPATH=/home/anoushka/ros_workspace/src/install/my_package/lib/python3.10/site-packages:${PYTHONPATH} /usr/bin/python3 setup.py develop --prefix /home/anoushka/ros_workspace/src/install/my_package --uninstall --editable --build-directory /home/anoushka/ros_workspace/src/build/my_package/build
[1.100s] Invoking command in '/home/anoushka/ros_workspace/src/my_package': PYTHONPATH=/home/anoushka/ros_workspace/src/install/my_package/lib/python3.10/site-packages:${PYTHONPATH} /usr/bin/python3 setup.py egg_info --egg-base ../build/my_package build --build-base /home/anoushka/ros_workspace/src/build/my_package/build install --prefix /home/anoushka/ros_workspace/src/install/my_package --record /home/anoushka/ros_workspace/src/build/my_package/install.log --single-version-externally-managed
[1.237s] running egg_info
[1.238s] writing ../build/my_package/my_package.egg-info/PKG-INFO
[1.238s] writing dependency_links to ../build/my_package/my_package.egg-info/dependency_links.txt
[1.238s] writing entry points to ../build/my_package/my_package.egg-info/entry_points.txt
[1.238s] writing requirements to ../build/my_package/my_package.egg-info/requires.txt
[1.238s] writing top-level names to ../build/my_package/my_package.egg-info/top_level.txt
[1.239s] reading manifest file '../build/my_package/my_package.egg-info/SOURCES.txt'
[1.240s] writing manifest file '../build/my_package/my_package.egg-info/SOURCES.txt'
[1.240s] running build
[1.240s] running build_py
[1.240s] /usr/lib/python3/dist-packages/setuptools/command/install.py:34: SetuptoolsDeprecationWarning: setup.py install is deprecated. Use build and pip and other standards-based tools.
[1.240s]   warnings.warn(
[1.240s] running install
[1.240s] running install_lib
[1.240s] creating /home/anoushka/ros_workspace/src/install/my_package/lib/python3.10/site-packages/my_package
[1.240s] copying /home/anoushka/ros_workspace/src/build/my_package/build/lib/my_package/__init__.py -> /home/anoushka/ros_workspace/src/install/my_package/lib/python3.10/site-packages/my_package
[1.241s] copying /home/anoushka/ros_workspace/src/build/my_package/build/lib/my_package/my_node.py -> /home/anoushka/ros_workspace/src/install/my_package/lib/python3.10/site-packages/my_package
[1.241s] byte-compiling /home/anoushka/ros_workspace/src/install/my_package/lib/python3.10/site-packages/my_package/__init__.py to __init__.cpython-310.pyc
[1.241s] byte-compiling /home/anoushka/ros_workspace/src/install/my_package/lib/python3.10/site-packages/my_package/my_node.py to my_node.cpython-310.pyc
[1.241s] running install_data
[1.241s] running install_egg_info
[1.242s] Copying ../build/my_package/my_package.egg-info to /home/anoushka/ros_workspace/src/install/my_package/lib/python3.10/site-packages/my_package-0.0.0-py3.10.egg-info
[1.243s] running install_scripts
[1.257s] Installing my_node script to /home/anoushka/ros_workspace/src/install/my_package/lib/my_package
[1.257s] writing list of installed files to '/home/anoushka/ros_workspace/src/build/my_package/install.log'
[1.276s] Invoked command in '/home/anoushka/ros_workspace/src/my_package' returned '0': PYTHONPATH=/home/anoushka/ros_workspace/src/install/my_package/lib/python3.10/site-packages:${PYTHONPATH} /usr/bin/python3 setup.py egg_info --egg-base ../build/my_package build --build-base /home/anoushka/ros_workspace/src/build/my_package/build install --prefix /home/anoushka/ros_workspace/src/install/my_package --record /home/anoushka/ros_workspace/src/build/my_package/install.log --single-version-externally-managed
