[1.981s] Invoking command in '/home/anoushka/ros_workspace/src/build/my_package': PYTHONPATH=/home/anoushka/ros_workspace/src/install/my_package/lib/python3.10/site-packages:${PYTHONPATH} /usr/bin/python3 setup.py develop --prefix /home/anoushka/ros_workspace/src/install/my_package --editable --build-directory /home/anoushka/ros_workspace/src/build/my_package/build --no-deps install_data --install-dir /home/anoushka/ros_workspace/src/install/my_package
[2.458s] running develop
[2.459s] /usr/lib/python3/dist-packages/setuptools/command/easy_install.py:158: EasyInstallDeprecationWarning: easy_install command is deprecated. Use build and pip and other standards-based tools.
[2.459s]   warnings.warn(
[2.461s] /usr/lib/python3/dist-packages/setuptools/command/install.py:34: SetuptoolsDeprecationWarning: setup.py install is deprecated. Use build and pip and other standards-based tools.
[2.461s]   warnings.warn(
[2.564s] /usr/lib/python3/dist-packages/pkg_resources/__init__.py:116: PkgResourcesDeprecationWarning: 1.1build1 is an invalid version and will not be supported in a future release
[2.564s]   warnings.warn(
[2.564s] /usr/lib/python3/dist-packages/pkg_resources/__init__.py:116: PkgResourcesDeprecationWarning: 0.1.43ubuntu1 is an invalid version and will not be supported in a future release
[2.565s]   warnings.warn(
[2.745s] running egg_info
[2.745s] writing my_package.egg-info/PKG-INFO
[2.745s] writing dependency_links to my_package.egg-info/dependency_links.txt
[2.746s] writing entry points to my_package.egg-info/entry_points.txt
[2.746s] writing requirements to my_package.egg-info/requires.txt
[2.746s] writing top-level names to my_package.egg-info/top_level.txt
[2.749s] reading manifest file 'my_package.egg-info/SOURCES.txt'
[2.751s] writing manifest file 'my_package.egg-info/SOURCES.txt'
[2.752s] running build_ext
[2.753s] Creating /home/anoushka/ros_workspace/src/install/my_package/lib/python3.10/site-packages/my-package.egg-link (link to .)
[2.754s] Installing my_node script to /home/anoushka/ros_workspace/src/install/my_package/lib/my_package
[2.754s] 
[2.755s] Installed /home/anoushka/ros_workspace/src/build/my_package
[2.755s] running install_data
[2.805s] Invoked command in '/home/anoushka/ros_workspace/src/build/my_package' returned '0': PYTHONPATH=/home/anoushka/ros_workspace/src/install/my_package/lib/python3.10/site-packages:${PYTHONPATH} /usr/bin/python3 setup.py develop --prefix /home/anoushka/ros_workspace/src/install/my_package --editable --build-directory /home/anoushka/ros_workspace/src/build/my_package/build --no-deps install_data --install-dir /home/anoushka/ros_workspace/src/install/my_package
