[1.440s] Invoking command in '/home/anoushka/ros_workspace/src/build/my_package': PYTHONPATH=/home/anoushka/ros_workspace/src/install/my_package/lib/python3.10/site-packages:${PYTHONPATH} /usr/bin/python3 setup.py develop --prefix /home/anoushka/ros_workspace/src/install/my_package --editable --build-directory /home/anoushka/ros_workspace/src/build/my_package/build --no-deps install_data --install-dir /home/anoushka/ros_workspace/src/install/my_package
[1.965s] running develop
[1.966s] /usr/lib/python3/dist-packages/setuptools/command/easy_install.py:158: EasyInstallDeprecationWarning: easy_install command is deprecated. Use build and pip and other standards-based tools.
[1.966s]   warnings.warn(
[1.968s] /usr/lib/python3/dist-packages/setuptools/command/install.py:34: SetuptoolsDeprecationWarning: setup.py install is deprecated. Use build and pip and other standards-based tools.
[1.968s]   warnings.warn(
[2.065s] /usr/lib/python3/dist-packages/pkg_resources/__init__.py:116: PkgResourcesDeprecationWarning: 1.1build1 is an invalid version and will not be supported in a future release
[2.066s]   warnings.warn(
[2.066s] /usr/lib/python3/dist-packages/pkg_resources/__init__.py:116: PkgResourcesDeprecationWarning: 0.1.43ubuntu1 is an invalid version and will not be supported in a future release
[2.066s]   warnings.warn(
[2.165s] running egg_info
[2.165s] writing my_package.egg-info/PKG-INFO
[2.165s] writing dependency_links to my_package.egg-info/dependency_links.txt
[2.165s] writing entry points to my_package.egg-info/entry_points.txt
[2.165s] writing requirements to my_package.egg-info/requires.txt
[2.166s] writing top-level names to my_package.egg-info/top_level.txt
[2.167s] reading manifest file 'my_package.egg-info/SOURCES.txt'
[2.168s] writing manifest file 'my_package.egg-info/SOURCES.txt'
[2.170s] running build_ext
[2.170s] Creating /home/anoushka/ros_workspace/src/install/my_package/lib/python3.10/site-packages/my-package.egg-link (link to .)
[2.171s] Installing my_node script to /home/anoushka/ros_workspace/src/install/my_package/lib/my_package
[2.171s] 
[2.171s] Installed /home/anoushka/ros_workspace/src/build/my_package
[2.171s] running install_data
[2.209s] Invoked command in '/home/anoushka/ros_workspace/src/build/my_package' returned '0': PYTHONPATH=/home/anoushka/ros_workspace/src/install/my_package/lib/python3.10/site-packages:${PYTHONPATH} /usr/bin/python3 setup.py develop --prefix /home/anoushka/ros_workspace/src/install/my_package --editable --build-directory /home/anoushka/ros_workspace/src/build/my_package/build --no-deps install_data --install-dir /home/anoushka/ros_workspace/src/install/my_package
