[1.480s] Invoking command in '/home/anoushka/ros_workspace/src/build/my_package': PYTHONPATH=/home/anoushka/ros_workspace/src/install/my_package/lib/python3.10/site-packages:${PYTHONPATH} /usr/bin/python3 setup.py develop --prefix /home/anoushka/ros_workspace/src/install/my_package --editable --build-directory /home/anoushka/ros_workspace/src/build/my_package/build --no-deps install_data --install-dir /home/anoushka/ros_workspace/src/install/my_package
[1.860s] running develop
[1.860s] /usr/lib/python3/dist-packages/setuptools/command/easy_install.py:158: EasyInstallDeprecationWarning: easy_install command is deprecated. Use build and pip and other standards-based tools.
[1.860s]   warnings.warn(
[1.862s] /usr/lib/python3/dist-packages/setuptools/command/install.py:34: SetuptoolsDeprecationWarning: setup.py install is deprecated. Use build and pip and other standards-based tools.
[1.862s]   warnings.warn(
[1.944s] /usr/lib/python3/dist-packages/pkg_resources/__init__.py:116: PkgResourcesDeprecationWarning: 1.1build1 is an invalid version and will not be supported in a future release
[1.944s]   warnings.warn(
[1.944s] /usr/lib/python3/dist-packages/pkg_resources/__init__.py:116: PkgResourcesDeprecationWarning: 0.1.43ubuntu1 is an invalid version and will not be supported in a future release
[1.945s]   warnings.warn(
[2.085s] running egg_info
[2.085s] writing my_package.egg-info/PKG-INFO
[2.085s] writing dependency_links to my_package.egg-info/dependency_links.txt
[2.086s] writing entry points to my_package.egg-info/entry_points.txt
[2.086s] writing requirements to my_package.egg-info/requires.txt
[2.086s] writing top-level names to my_package.egg-info/top_level.txt
[2.088s] reading manifest file 'my_package.egg-info/SOURCES.txt'
[2.089s] writing manifest file 'my_package.egg-info/SOURCES.txt'
[2.091s] running build_ext
[2.091s] Creating /home/anoushka/ros_workspace/src/install/my_package/lib/python3.10/site-packages/my-package.egg-link (link to .)
[2.092s] Installing my_node script to /home/anoushka/ros_workspace/src/install/my_package/lib/my_package
[2.092s] 
[2.092s] Installed /home/anoushka/ros_workspace/src/build/my_package
[2.093s] running install_data
[2.128s] Invoked command in '/home/anoushka/ros_workspace/src/build/my_package' returned '0': PYTHONPATH=/home/anoushka/ros_workspace/src/install/my_package/lib/python3.10/site-packages:${PYTHONPATH} /usr/bin/python3 setup.py develop --prefix /home/anoushka/ros_workspace/src/install/my_package --editable --build-directory /home/anoushka/ros_workspace/src/build/my_package/build --no-deps install_data --install-dir /home/anoushka/ros_workspace/src/install/my_package
