[0.745s] Invoking command in '/home/anoushka/ros_workspace/src/build/my_package': PYTHONPATH=/home/anoushka/ros_workspace/src/install/my_package/lib/python3.10/site-packages:${PYTHONPATH} /usr/bin/python3 setup.py develop --prefix /home/anoushka/ros_workspace/src/install/my_package --editable --build-directory /home/anoushka/ros_workspace/src/build/my_package/build --no-deps install_data --install-dir /home/anoushka/ros_workspace/src/install/my_package
[0.908s] running develop
[0.908s] /usr/lib/python3/dist-packages/setuptools/command/easy_install.py:158: EasyInstallDeprecationWarning: easy_install command is deprecated. Use build and pip and other standards-based tools.
[0.908s]   warnings.warn(
[0.909s] /usr/lib/python3/dist-packages/setuptools/command/install.py:34: SetuptoolsDeprecationWarning: setup.py install is deprecated. Use build and pip and other standards-based tools.
[0.909s]   warnings.warn(
[0.940s] /usr/lib/python3/dist-packages/pkg_resources/__init__.py:116: PkgResourcesDeprecationWarning: 1.1build1 is an invalid version and will not be supported in a future release
[0.940s]   warnings.warn(
[0.940s] /usr/lib/python3/dist-packages/pkg_resources/__init__.py:116: PkgResourcesDeprecationWarning: 0.1.43ubuntu1 is an invalid version and will not be supported in a future release
[0.940s]   warnings.warn(
[0.996s] running egg_info
[0.996s] writing my_package.egg-info/PKG-INFO
[0.996s] writing dependency_links to my_package.egg-info/dependency_links.txt
[0.997s] writing entry points to my_package.egg-info/entry_points.txt
[0.997s] writing requirements to my_package.egg-info/requires.txt
[0.997s] writing top-level names to my_package.egg-info/top_level.txt
[0.997s] reading manifest file 'my_package.egg-info/SOURCES.txt'
[0.998s] writing manifest file 'my_package.egg-info/SOURCES.txt'
[0.999s] running build_ext
[0.999s] Creating /home/anoushka/ros_workspace/src/install/my_package/lib/python3.10/site-packages/my-package.egg-link (link to .)
[1.000s] Installing my_node script to /home/anoushka/ros_workspace/src/install/my_package/lib/my_package
[1.000s] 
[1.000s] Installed /home/anoushka/ros_workspace/src/build/my_package
[1.000s] running install_data
[1.031s] Invoked command in '/home/anoushka/ros_workspace/src/build/my_package' returned '0': PYTHONPATH=/home/anoushka/ros_workspace/src/install/my_package/lib/python3.10/site-packages:${PYTHONPATH} /usr/bin/python3 setup.py develop --prefix /home/anoushka/ros_workspace/src/install/my_package --editable --build-directory /home/anoushka/ros_workspace/src/build/my_package/build --no-deps install_data --install-dir /home/anoushka/ros_workspace/src/install/my_package
