[0.028s] Invoking command in '/home/anoushka/ros_workspace/src/build/rrbot_description': CMAKE_PREFIX_PATH=${CMAKE_PREFIX_PATH}:/home/anoushka/ros_workspace/src/install/my_package:/home/anoushka/ros_workspace/src/install/euler_to_quat:/home/anoushka/ros_workspace/install/my_package:/home/anoushka/ros_workspace/install/euler_to_quat:/opt/ros/humble /usr/bin/cmake /home/anoushka/ros_workspace/src/rrbot_simulation_files/rrbot_description -DCMAKE_INSTALL_PREFIX=/home/anoushka/ros_workspace/src/install/rrbot_description
[0.195s] -- Found ament_cmake: 1.3.2 (/opt/ros/humble/share/ament_cmake/cmake)
[0.195s] -- Override CMake install command with custom implementation using symlinks instead of copying resources
[0.195s] -- Configuring done
[0.196s] -- Generating done
[0.197s] -- Build files have been written to: /home/anoushka/ros_workspace/src/build/rrbot_description
[0.357s] Invoked command in '/home/anoushka/ros_workspace/src/build/rrbot_description' returned '0': CMAKE_PREFIX_PATH=${CMAKE_PREFIX_PATH}:/home/anoushka/ros_workspace/src/install/my_package:/home/anoushka/ros_workspace/src/install/euler_to_quat:/home/anoushka/ros_workspace/install/my_package:/home/anoushka/ros_workspace/install/euler_to_quat:/opt/ros/humble /usr/bin/cmake /home/anoushka/ros_workspace/src/rrbot_simulation_files/rrbot_description -DCMAKE_INSTALL_PREFIX=/home/anoushka/ros_workspace/src/install/rrbot_description
[0.358s] Invoking command in '/home/anoushka/ros_workspace/src/build/rrbot_description': CMAKE_PREFIX_PATH=${CMAKE_PREFIX_PATH}:/home/anoushka/ros_workspace/src/install/my_package:/home/anoushka/ros_workspace/src/install/euler_to_quat:/home/anoushka/ros_workspace/install/my_package:/home/anoushka/ros_workspace/install/euler_to_quat:/opt/ros/humble /usr/bin/cmake --build /home/anoushka/ros_workspace/src/build/rrbot_description -- -j12 -l12
[0.384s] Invoked command in '/home/anoushka/ros_workspace/src/build/rrbot_description' returned '0': CMAKE_PREFIX_PATH=${CMAKE_PREFIX_PATH}:/home/anoushka/ros_workspace/src/install/my_package:/home/anoushka/ros_workspace/src/install/euler_to_quat:/home/anoushka/ros_workspace/install/my_package:/home/anoushka/ros_workspace/install/euler_to_quat:/opt/ros/humble /usr/bin/cmake --build /home/anoushka/ros_workspace/src/build/rrbot_description -- -j12 -l12
[0.403s] Invoking command in '/home/anoushka/ros_workspace/src/build/rrbot_description': CMAKE_PREFIX_PATH=${CMAKE_PREFIX_PATH}:/home/anoushka/ros_workspace/src/install/my_package:/home/anoushka/ros_workspace/src/install/euler_to_quat:/home/anoushka/ros_workspace/install/my_package:/home/anoushka/ros_workspace/install/euler_to_quat:/opt/ros/humble /usr/bin/cmake --install /home/anoushka/ros_workspace/src/build/rrbot_description
[0.408s] -- Install configuration: ""
[0.408s] -- Execute custom install script
[0.409s] -- Up-to-date symlink: /home/anoushka/ros_workspace/src/install/rrbot_description/share/rrbot_description/config/rrbot.rviz
[0.409s] -- Up-to-date symlink: /home/anoushka/ros_workspace/src/install/rrbot_description/share/rrbot_description/gazebo/rrbot.gazebo.xacro
[0.409s] -- Up-to-date symlink: /home/anoushka/ros_workspace/src/install/rrbot_description/share/rrbot_description/gazebo/rrbot.materials.xacro
[0.409s] -- Up-to-date symlink: /home/anoushka/ros_workspace/src/install/rrbot_description/share/rrbot_description/meshes/hokuyo.dae
[0.409s] -- Symlinking: /home/anoushka/ros_workspace/src/install/rrbot_description/share/rrbot_description/launch/object_spawn.launch.py
[0.416s] -- Up-to-date symlink: /home/anoushka/ros_workspace/src/install/rrbot_description/share/rrbot_description/launch/view_robot.launch.py
[0.416s] -- Up-to-date symlink: /home/anoushka/ros_workspace/src/install/rrbot_description/share/rrbot_description/ros2_control/rrbot.ros2_control.xacro
[0.416s] -- Symlinking: /home/anoushka/ros_workspace/src/install/rrbot_description/share/rrbot_description/urdf/object.urdf
[0.422s] -- Up-to-date symlink: /home/anoushka/ros_workspace/src/install/rrbot_description/share/rrbot_description/urdf/rrbot.urdf.xacro
[0.422s] -- Up-to-date symlink: /home/anoushka/ros_workspace/src/install/rrbot_description/share/rrbot_description/urdf/rrbot_description.urdf.xacro
[0.422s] -- Up-to-date symlink: /home/anoushka/ros_workspace/src/install/rrbot_description/share/rrbot_description/environment/rrbot_description.dsv
[0.422s] -- Up-to-date symlink: /home/anoushka/ros_workspace/src/install/rrbot_description/share/ament_index/resource_index/package_run_dependencies/rrbot_description
[0.422s] -- Up-to-date symlink: /home/anoushka/ros_workspace/src/install/rrbot_description/share/ament_index/resource_index/parent_prefix_path/rrbot_description
[0.423s] -- Up-to-date symlink: /home/anoushka/ros_workspace/src/install/rrbot_description/share/rrbot_description/environment/ament_prefix_path.sh
[0.423s] -- Up-to-date symlink: /home/anoushka/ros_workspace/src/install/rrbot_description/share/rrbot_description/environment/ament_prefix_path.dsv
[0.423s] -- Up-to-date symlink: /home/anoushka/ros_workspace/src/install/rrbot_description/share/rrbot_description/environment/path.sh
[0.423s] -- Up-to-date symlink: /home/anoushka/ros_workspace/src/install/rrbot_description/share/rrbot_description/environment/path.dsv
[0.423s] -- Up-to-date symlink: /home/anoushka/ros_workspace/src/install/rrbot_description/share/rrbot_description/local_setup.bash
[0.423s] -- Up-to-date symlink: /home/anoushka/ros_workspace/src/install/rrbot_description/share/rrbot_description/local_setup.sh
[0.423s] -- Up-to-date symlink: /home/anoushka/ros_workspace/src/install/rrbot_description/share/rrbot_description/local_setup.zsh
[0.423s] -- Up-to-date symlink: /home/anoushka/ros_workspace/src/install/rrbot_description/share/rrbot_description/local_setup.dsv
[0.424s] -- Symlinking: /home/anoushka/ros_workspace/src/install/rrbot_description/share/rrbot_description/package.dsv
[0.430s] -- Up-to-date symlink: /home/anoushka/ros_workspace/src/install/rrbot_description/share/ament_index/resource_index/packages/rrbot_description
[0.430s] -- Up-to-date symlink: /home/anoushka/ros_workspace/src/install/rrbot_description/share/rrbot_description/cmake/rrbot_descriptionConfig.cmake
[0.431s] -- Up-to-date symlink: /home/anoushka/ros_workspace/src/install/rrbot_description/share/rrbot_description/cmake/rrbot_descriptionConfig-version.cmake
[0.431s] -- Up-to-date symlink: /home/anoushka/ros_workspace/src/install/rrbot_description/share/rrbot_description/package.xml
[0.433s] Invoked command in '/home/anoushka/ros_workspace/src/build/rrbot_description' returned '0': CMAKE_PREFIX_PATH=${CMAKE_PREFIX_PATH}:/home/anoushka/ros_workspace/src/install/my_package:/home/anoushka/ros_workspace/src/install/euler_to_quat:/home/anoushka/ros_workspace/install/my_package:/home/anoushka/ros_workspace/install/euler_to_quat:/opt/ros/humble /usr/bin/cmake --install /home/anoushka/ros_workspace/src/build/rrbot_description
