[0.732s] Invoking command in '/home/anoushka/ros_workspace/src/build/my_package': PYTHONPATH=/home/anoushka/ros_workspace/src/install/my_package/lib/python3.10/site-packages:${PYTHONPATH} /usr/bin/python3 setup.py develop --prefix /home/anoushka/ros_workspace/src/install/my_package --editable --build-directory /home/anoushka/ros_workspace/src/build/my_package/build --no-deps install_data --install-dir /home/anoushka/ros_workspace/src/install/my_package
[0.904s] running develop
[0.904s] /usr/lib/python3/dist-packages/setuptools/command/easy_install.py:158: EasyInstallDeprecationWarning: easy_install command is deprecated. Use build and pip and other standards-based tools.
[0.904s]   warnings.warn(
[0.905s] /usr/lib/python3/dist-packages/setuptools/command/install.py:34: SetuptoolsDeprecationWarning: setup.py install is deprecated. Use build and pip and other standards-based tools.
[0.905s]   warnings.warn(
[0.941s] /usr/lib/python3/dist-packages/pkg_resources/__init__.py:116: PkgResourcesDeprecationWarning: 1.1build1 is an invalid version and will not be supported in a future release
[0.941s]   warnings.warn(
[0.941s] /usr/lib/python3/dist-packages/pkg_resources/__init__.py:116: PkgResourcesDeprecationWarning: 0.1.43ubuntu1 is an invalid version and will not be supported in a future release
[0.941s]   warnings.warn(
[1.002s] running egg_info
[1.003s] writing my_package.egg-info/PKG-INFO
[1.003s] writing dependency_links to my_package.egg-info/dependency_links.txt
[1.003s] writing entry points to my_package.egg-info/entry_points.txt
[1.003s] writing requirements to my_package.egg-info/requires.txt
[1.003s] writing top-level names to my_package.egg-info/top_level.txt
[1.004s] reading manifest file 'my_package.egg-info/SOURCES.txt'
[1.005s] writing manifest file 'my_package.egg-info/SOURCES.txt'
[1.006s] running build_ext
[1.006s] Creating /home/anoushka/ros_workspace/src/install/my_package/lib/python3.10/site-packages/my-package.egg-link (link to .)
[1.007s] Installing my_node script to /home/anoushka/ros_workspace/src/install/my_package/lib/my_package
[1.007s] 
[1.007s] Installed /home/anoushka/ros_workspace/src/build/my_package
[1.007s] running install_data
[1.032s] Invoked command in '/home/anoushka/ros_workspace/src/build/my_package' returned '0': PYTHONPATH=/home/anoushka/ros_workspace/src/install/my_package/lib/python3.10/site-packages:${PYTHONPATH} /usr/bin/python3 setup.py develop --prefix /home/anoushka/ros_workspace/src/install/my_package --editable --build-directory /home/anoushka/ros_workspace/src/build/my_package/build --no-deps install_data --install-dir /home/anoushka/ros_workspace/src/install/my_package
