[0.183s] DEBUG:colcon:Command line arguments: ['/usr/bin/colcon', 'build', '--symlink-install']
[0.183s] DEBUG:colcon:Parsed command line arguments: Namespace(log_base=None, log_level=None, verb_name='build', build_base='build', install_base='install', merge_install=False, symlink_install=True, test_result_base=None, continue_on_error=False, executor='parallel', parallel_workers=12, event_handlers=None, ignore_user_meta=False, metas=['./colcon.meta'], base_paths=['.'], packages_ignore=None, packages_ignore_regex=None, paths=None, packages_up_to=None, packages_up_to_regex=None, packages_above=None, packages_above_and_dependencies=None, packages_above_depth=None, packages_select_by_dep=None, packages_skip_by_dep=None, packages_skip_up_to=None, packages_select_build_failed=False, packages_skip_build_finished=False, packages_select_test_failures=False, packages_skip_test_passed=False, packages_select=None, packages_skip=None, packages_select_regex=None, packages_skip_regex=None, packages_start=None, packages_end=None, allow_overriding=[], cmake_args=None, cmake_target=None, cmake_target_skip_unavailable=False, cmake_clean_cache=False, cmake_clean_first=False, cmake_force_configure=False, ament_cmake_args=None, catkin_cmake_args=None, catkin_skip_building_tests=False, verb_parser=<colcon_defaults.argument_parser.defaults.DefaultArgumentsDecorator object at 0x7f069e56a140>, verb_extension=<colcon_core.verb.build.BuildVerb object at 0x7f069eead420>, main=<bound method BuildVerb.main of <colcon_core.verb.build.BuildVerb object at 0x7f069eead420>>)
[0.200s] Level 1:colcon.colcon_core.package_discovery:discover_packages(colcon_meta) check parameters
[0.200s] Level 1:colcon.colcon_core.package_discovery:discover_packages(recursive) check parameters
[0.200s] Level 1:colcon.colcon_core.package_discovery:discover_packages(ignore) check parameters
[0.200s] Level 1:colcon.colcon_core.package_discovery:discover_packages(path) check parameters
[0.200s] Level 1:colcon.colcon_core.package_discovery:discover_packages(colcon_meta) discover
[0.200s] Level 1:colcon.colcon_core.package_discovery:discover_packages(recursive) discover
[0.200s] INFO:colcon.colcon_core.package_discovery:Crawling recursively for packages in '/home/anoushka/ros_workspace/src'
[0.200s] Level 1:colcon.colcon_core.package_identification:_identify(.) by extensions ['ignore', 'ignore_ament_install']
[0.200s] Level 1:colcon.colcon_core.package_identification:_identify(.) by extension 'ignore'
[0.200s] Level 1:colcon.colcon_core.package_identification:_identify(.) by extension 'ignore_ament_install'
[0.200s] Level 1:colcon.colcon_core.package_identification:_identify(.) by extensions ['colcon_pkg']
[0.200s] Level 1:colcon.colcon_core.package_identification:_identify(.) by extension 'colcon_pkg'
[0.200s] Level 1:colcon.colcon_core.package_identification:_identify(.) by extensions ['colcon_meta']
[0.200s] Level 1:colcon.colcon_core.package_identification:_identify(.) by extension 'colcon_meta'
[0.200s] Level 1:colcon.colcon_core.package_identification:_identify(.) by extensions ['ros']
[0.200s] Level 1:colcon.colcon_core.package_identification:_identify(.) by extension 'ros'
[0.217s] Level 1:colcon.colcon_core.package_identification:_identify(.) by extensions ['cmake', 'python']
[0.217s] Level 1:colcon.colcon_core.package_identification:_identify(.) by extension 'cmake'
[0.217s] Level 1:colcon.colcon_core.package_identification:_identify(.) by extension 'python'
[0.217s] Level 1:colcon.colcon_core.package_identification:_identify(.) by extensions ['python_setup_py']
[0.217s] Level 1:colcon.colcon_core.package_identification:_identify(.) by extension 'python_setup_py'
[0.217s] Level 1:colcon.colcon_core.package_identification:_identify(build) by extensions ['ignore', 'ignore_ament_install']
[0.217s] Level 1:colcon.colcon_core.package_identification:_identify(build) by extension 'ignore'
[0.217s] Level 1:colcon.colcon_core.package_identification:_identify(build) ignored
[0.217s] Level 1:colcon.colcon_core.package_identification:_identify(euler_to_quat) by extensions ['ignore', 'ignore_ament_install']
[0.217s] Level 1:colcon.colcon_core.package_identification:_identify(euler_to_quat) by extension 'ignore'
[0.217s] Level 1:colcon.colcon_core.package_identification:_identify(euler_to_quat) by extension 'ignore_ament_install'
[0.217s] Level 1:colcon.colcon_core.package_identification:_identify(euler_to_quat) by extensions ['colcon_pkg']
[0.217s] Level 1:colcon.colcon_core.package_identification:_identify(euler_to_quat) by extension 'colcon_pkg'
[0.217s] Level 1:colcon.colcon_core.package_identification:_identify(euler_to_quat) by extensions ['colcon_meta']
[0.217s] Level 1:colcon.colcon_core.package_identification:_identify(euler_to_quat) by extension 'colcon_meta'
[0.217s] Level 1:colcon.colcon_core.package_identification:_identify(euler_to_quat) by extensions ['ros']
[0.218s] Level 1:colcon.colcon_core.package_identification:_identify(euler_to_quat) by extension 'ros'
[0.219s] DEBUG:colcon.colcon_core.package_identification:Package 'euler_to_quat' with type 'ros.ament_python' and name 'euler_to_quat'
[0.219s] Level 1:colcon.colcon_core.package_identification:_identify(install) by extensions ['ignore', 'ignore_ament_install']
[0.219s] Level 1:colcon.colcon_core.package_identification:_identify(install) by extension 'ignore'
[0.219s] Level 1:colcon.colcon_core.package_identification:_identify(install) ignored
[0.219s] Level 1:colcon.colcon_core.package_identification:_identify(log) by extensions ['ignore', 'ignore_ament_install']
[0.220s] Level 1:colcon.colcon_core.package_identification:_identify(log) by extension 'ignore'
[0.220s] Level 1:colcon.colcon_core.package_identification:_identify(log) ignored
[0.220s] Level 1:colcon.colcon_core.package_identification:_identify(my_package) by extensions ['ignore', 'ignore_ament_install']
[0.220s] Level 1:colcon.colcon_core.package_identification:_identify(my_package) by extension 'ignore'
[0.220s] Level 1:colcon.colcon_core.package_identification:_identify(my_package) by extension 'ignore_ament_install'
[0.220s] Level 1:colcon.colcon_core.package_identification:_identify(my_package) by extensions ['colcon_pkg']
[0.220s] Level 1:colcon.colcon_core.package_identification:_identify(my_package) by extension 'colcon_pkg'
[0.220s] Level 1:colcon.colcon_core.package_identification:_identify(my_package) by extensions ['colcon_meta']
[0.220s] Level 1:colcon.colcon_core.package_identification:_identify(my_package) by extension 'colcon_meta'
[0.220s] Level 1:colcon.colcon_core.package_identification:_identify(my_package) by extensions ['ros']
[0.220s] Level 1:colcon.colcon_core.package_identification:_identify(my_package) by extension 'ros'
[0.220s] DEBUG:colcon.colcon_core.package_identification:Package 'my_package' with type 'ros.ament_python' and name 'my_package'
[0.220s] Level 1:colcon.colcon_core.package_identification:_identify(opencv_test_py) by extensions ['ignore', 'ignore_ament_install']
[0.220s] Level 1:colcon.colcon_core.package_identification:_identify(opencv_test_py) by extension 'ignore'
[0.220s] Level 1:colcon.colcon_core.package_identification:_identify(opencv_test_py) by extension 'ignore_ament_install'
[0.220s] Level 1:colcon.colcon_core.package_identification:_identify(opencv_test_py) by extensions ['colcon_pkg']
[0.220s] Level 1:colcon.colcon_core.package_identification:_identify(opencv_test_py) by extension 'colcon_pkg'
[0.220s] Level 1:colcon.colcon_core.package_identification:_identify(opencv_test_py) by extensions ['colcon_meta']
[0.220s] Level 1:colcon.colcon_core.package_identification:_identify(opencv_test_py) by extension 'colcon_meta'
[0.220s] Level 1:colcon.colcon_core.package_identification:_identify(opencv_test_py) by extensions ['ros']
[0.220s] Level 1:colcon.colcon_core.package_identification:_identify(opencv_test_py) by extension 'ros'
[0.221s] DEBUG:colcon.colcon_core.package_identification:Package 'opencv_test_py' with type 'ros.ament_python' and name 'opencv_test_py'
[0.221s] Level 1:colcon.colcon_core.package_identification:_identify(rrbot_simulation_files) by extensions ['ignore', 'ignore_ament_install']
[0.221s] Level 1:colcon.colcon_core.package_identification:_identify(rrbot_simulation_files) by extension 'ignore'
[0.221s] Level 1:colcon.colcon_core.package_identification:_identify(rrbot_simulation_files) by extension 'ignore_ament_install'
[0.221s] Level 1:colcon.colcon_core.package_identification:_identify(rrbot_simulation_files) by extensions ['colcon_pkg']
[0.221s] Level 1:colcon.colcon_core.package_identification:_identify(rrbot_simulation_files) by extension 'colcon_pkg'
[0.221s] Level 1:colcon.colcon_core.package_identification:_identify(rrbot_simulation_files) by extensions ['colcon_meta']
[0.221s] Level 1:colcon.colcon_core.package_identification:_identify(rrbot_simulation_files) by extension 'colcon_meta'
[0.221s] Level 1:colcon.colcon_core.package_identification:_identify(rrbot_simulation_files) by extensions ['ros']
[0.221s] Level 1:colcon.colcon_core.package_identification:_identify(rrbot_simulation_files) by extension 'ros'
[0.221s] Level 1:colcon.colcon_core.package_identification:_identify(rrbot_simulation_files) by extensions ['cmake', 'python']
[0.221s] Level 1:colcon.colcon_core.package_identification:_identify(rrbot_simulation_files) by extension 'cmake'
[0.221s] Level 1:colcon.colcon_core.package_identification:_identify(rrbot_simulation_files) by extension 'python'
[0.221s] Level 1:colcon.colcon_core.package_identification:_identify(rrbot_simulation_files) by extensions ['python_setup_py']
[0.221s] Level 1:colcon.colcon_core.package_identification:_identify(rrbot_simulation_files) by extension 'python_setup_py'
[0.221s] Level 1:colcon.colcon_core.package_identification:_identify(rrbot_simulation_files/rrbot_description) by extensions ['ignore', 'ignore_ament_install']
[0.221s] Level 1:colcon.colcon_core.package_identification:_identify(rrbot_simulation_files/rrbot_description) by extension 'ignore'
[0.221s] Level 1:colcon.colcon_core.package_identification:_identify(rrbot_simulation_files/rrbot_description) by extension 'ignore_ament_install'
[0.222s] Level 1:colcon.colcon_core.package_identification:_identify(rrbot_simulation_files/rrbot_description) by extensions ['colcon_pkg']
[0.222s] Level 1:colcon.colcon_core.package_identification:_identify(rrbot_simulation_files/rrbot_description) by extension 'colcon_pkg'
[0.222s] Level 1:colcon.colcon_core.package_identification:_identify(rrbot_simulation_files/rrbot_description) by extensions ['colcon_meta']
[0.222s] Level 1:colcon.colcon_core.package_identification:_identify(rrbot_simulation_files/rrbot_description) by extension 'colcon_meta'
[0.222s] Level 1:colcon.colcon_core.package_identification:_identify(rrbot_simulation_files/rrbot_description) by extensions ['ros']
[0.222s] Level 1:colcon.colcon_core.package_identification:_identify(rrbot_simulation_files/rrbot_description) by extension 'ros'
[0.222s] DEBUG:colcon.colcon_core.package_identification:Package 'rrbot_simulation_files/rrbot_description' with type 'ros.ament_cmake' and name 'rrbot_description'
[0.222s] Level 1:colcon.colcon_core.package_identification:_identify(rrbot_simulation_files/rrbot_gazebo) by extensions ['ignore', 'ignore_ament_install']
[0.222s] Level 1:colcon.colcon_core.package_identification:_identify(rrbot_simulation_files/rrbot_gazebo) by extension 'ignore'
[0.222s] Level 1:colcon.colcon_core.package_identification:_identify(rrbot_simulation_files/rrbot_gazebo) by extension 'ignore_ament_install'
[0.222s] Level 1:colcon.colcon_core.package_identification:_identify(rrbot_simulation_files/rrbot_gazebo) by extensions ['colcon_pkg']
[0.222s] Level 1:colcon.colcon_core.package_identification:_identify(rrbot_simulation_files/rrbot_gazebo) by extension 'colcon_pkg'
[0.222s] Level 1:colcon.colcon_core.package_identification:_identify(rrbot_simulation_files/rrbot_gazebo) by extensions ['colcon_meta']
[0.222s] Level 1:colcon.colcon_core.package_identification:_identify(rrbot_simulation_files/rrbot_gazebo) by extension 'colcon_meta'
[0.222s] Level 1:colcon.colcon_core.package_identification:_identify(rrbot_simulation_files/rrbot_gazebo) by extensions ['ros']
[0.222s] Level 1:colcon.colcon_core.package_identification:_identify(rrbot_simulation_files/rrbot_gazebo) by extension 'ros'
[0.223s] DEBUG:colcon.colcon_core.package_identification:Package 'rrbot_simulation_files/rrbot_gazebo' with type 'ros.ament_cmake' and name 'rrbot_gazebo'
[0.223s] Level 1:colcon.colcon_core.package_discovery:discover_packages(recursive) using defaults
[0.223s] Level 1:colcon.colcon_core.package_discovery:discover_packages(ignore) discover
[0.223s] Level 1:colcon.colcon_core.package_discovery:discover_packages(ignore) using defaults
[0.223s] Level 1:colcon.colcon_core.package_discovery:discover_packages(path) discover
[0.223s] Level 1:colcon.colcon_core.package_discovery:discover_packages(path) using defaults
[0.243s] Level 1:colcon.colcon_core.package_discovery:discover_packages(prefix_path) check parameters
[0.243s] Level 1:colcon.colcon_core.package_discovery:discover_packages(prefix_path) discover
[0.244s] DEBUG:colcon.colcon_installed_package_information.package_discovery:Found 5 installed packages in /home/anoushka/ros_workspace/src/install
[0.245s] DEBUG:colcon.colcon_installed_package_information.package_discovery:Found 306 installed packages in /opt/ros/humble
[0.246s] Level 1:colcon.colcon_core.package_discovery:discover_packages(prefix_path) using defaults
[0.287s] Level 5:colcon.colcon_core.verb:set package 'euler_to_quat' build argument 'cmake_args' from command line to 'None'
[0.287s] Level 5:colcon.colcon_core.verb:set package 'euler_to_quat' build argument 'cmake_target' from command line to 'None'
[0.287s] Level 5:colcon.colcon_core.verb:set package 'euler_to_quat' build argument 'cmake_target_skip_unavailable' from command line to 'False'
[0.287s] Level 5:colcon.colcon_core.verb:set package 'euler_to_quat' build argument 'cmake_clean_cache' from command line to 'False'
[0.287s] Level 5:colcon.colcon_core.verb:set package 'euler_to_quat' build argument 'cmake_clean_first' from command line to 'False'
[0.287s] Level 5:colcon.colcon_core.verb:set package 'euler_to_quat' build argument 'cmake_force_configure' from command line to 'False'
[0.287s] Level 5:colcon.colcon_core.verb:set package 'euler_to_quat' build argument 'ament_cmake_args' from command line to 'None'
[0.287s] Level 5:colcon.colcon_core.verb:set package 'euler_to_quat' build argument 'catkin_cmake_args' from command line to 'None'
[0.287s] Level 5:colcon.colcon_core.verb:set package 'euler_to_quat' build argument 'catkin_skip_building_tests' from command line to 'False'
[0.287s] DEBUG:colcon.colcon_core.verb:Building package 'euler_to_quat' with the following arguments: {'ament_cmake_args': None, 'build_base': '/home/anoushka/ros_workspace/src/build/euler_to_quat', 'catkin_cmake_args': None, 'catkin_skip_building_tests': False, 'cmake_args': None, 'cmake_clean_cache': False, 'cmake_clean_first': False, 'cmake_force_configure': False, 'cmake_target': None, 'cmake_target_skip_unavailable': False, 'install_base': '/home/anoushka/ros_workspace/src/install/euler_to_quat', 'merge_install': False, 'path': '/home/anoushka/ros_workspace/src/euler_to_quat', 'symlink_install': True, 'test_result_base': None}
[0.288s] Level 5:colcon.colcon_core.verb:set package 'my_package' build argument 'cmake_args' from command line to 'None'
[0.288s] Level 5:colcon.colcon_core.verb:set package 'my_package' build argument 'cmake_target' from command line to 'None'
[0.288s] Level 5:colcon.colcon_core.verb:set package 'my_package' build argument 'cmake_target_skip_unavailable' from command line to 'False'
[0.288s] Level 5:colcon.colcon_core.verb:set package 'my_package' build argument 'cmake_clean_cache' from command line to 'False'
[0.288s] Level 5:colcon.colcon_core.verb:set package 'my_package' build argument 'cmake_clean_first' from command line to 'False'
[0.288s] Level 5:colcon.colcon_core.verb:set package 'my_package' build argument 'cmake_force_configure' from command line to 'False'
[0.288s] Level 5:colcon.colcon_core.verb:set package 'my_package' build argument 'ament_cmake_args' from command line to 'None'
[0.288s] Level 5:colcon.colcon_core.verb:set package 'my_package' build argument 'catkin_cmake_args' from command line to 'None'
[0.288s] Level 5:colcon.colcon_core.verb:set package 'my_package' build argument 'catkin_skip_building_tests' from command line to 'False'
[0.288s] DEBUG:colcon.colcon_core.verb:Building package 'my_package' with the following arguments: {'ament_cmake_args': None, 'build_base': '/home/anoushka/ros_workspace/src/build/my_package', 'catkin_cmake_args': None, 'catkin_skip_building_tests': False, 'cmake_args': None, 'cmake_clean_cache': False, 'cmake_clean_first': False, 'cmake_force_configure': False, 'cmake_target': None, 'cmake_target_skip_unavailable': False, 'install_base': '/home/anoushka/ros_workspace/src/install/my_package', 'merge_install': False, 'path': '/home/anoushka/ros_workspace/src/my_package', 'symlink_install': True, 'test_result_base': None}
[0.289s] Level 5:colcon.colcon_core.verb:set package 'opencv_test_py' build argument 'cmake_args' from command line to 'None'
[0.289s] Level 5:colcon.colcon_core.verb:set package 'opencv_test_py' build argument 'cmake_target' from command line to 'None'
[0.289s] Level 5:colcon.colcon_core.verb:set package 'opencv_test_py' build argument 'cmake_target_skip_unavailable' from command line to 'False'
[0.289s] Level 5:colcon.colcon_core.verb:set package 'opencv_test_py' build argument 'cmake_clean_cache' from command line to 'False'
[0.289s] Level 5:colcon.colcon_core.verb:set package 'opencv_test_py' build argument 'cmake_clean_first' from command line to 'False'
[0.289s] Level 5:colcon.colcon_core.verb:set package 'opencv_test_py' build argument 'cmake_force_configure' from command line to 'False'
[0.289s] Level 5:colcon.colcon_core.verb:set package 'opencv_test_py' build argument 'ament_cmake_args' from command line to 'None'
[0.289s] Level 5:colcon.colcon_core.verb:set package 'opencv_test_py' build argument 'catkin_cmake_args' from command line to 'None'
[0.289s] Level 5:colcon.colcon_core.verb:set package 'opencv_test_py' build argument 'catkin_skip_building_tests' from command line to 'False'
[0.289s] DEBUG:colcon.colcon_core.verb:Building package 'opencv_test_py' with the following arguments: {'ament_cmake_args': None, 'build_base': '/home/anoushka/ros_workspace/src/build/opencv_test_py', 'catkin_cmake_args': None, 'catkin_skip_building_tests': False, 'cmake_args': None, 'cmake_clean_cache': False, 'cmake_clean_first': False, 'cmake_force_configure': False, 'cmake_target': None, 'cmake_target_skip_unavailable': False, 'install_base': '/home/anoushka/ros_workspace/src/install/opencv_test_py', 'merge_install': False, 'path': '/home/anoushka/ros_workspace/src/opencv_test_py', 'symlink_install': True, 'test_result_base': None}
[0.289s] Level 5:colcon.colcon_core.verb:set package 'rrbot_description' build argument 'cmake_args' from command line to 'None'
[0.289s] Level 5:colcon.colcon_core.verb:set package 'rrbot_description' build argument 'cmake_target' from command line to 'None'
[0.289s] Level 5:colcon.colcon_core.verb:set package 'rrbot_description' build argument 'cmake_target_skip_unavailable' from command line to 'False'
[0.289s] Level 5:colcon.colcon_core.verb:set package 'rrbot_description' build argument 'cmake_clean_cache' from command line to 'False'
[0.289s] Level 5:colcon.colcon_core.verb:set package 'rrbot_description' build argument 'cmake_clean_first' from command line to 'False'
[0.289s] Level 5:colcon.colcon_core.verb:set package 'rrbot_description' build argument 'cmake_force_configure' from command line to 'False'
[0.289s] Level 5:colcon.colcon_core.verb:set package 'rrbot_description' build argument 'ament_cmake_args' from command line to 'None'
[0.289s] Level 5:colcon.colcon_core.verb:set package 'rrbot_description' build argument 'catkin_cmake_args' from command line to 'None'
[0.289s] Level 5:colcon.colcon_core.verb:set package 'rrbot_description' build argument 'catkin_skip_building_tests' from command line to 'False'
[0.289s] DEBUG:colcon.colcon_core.verb:Building package 'rrbot_description' with the following arguments: {'ament_cmake_args': None, 'build_base': '/home/anoushka/ros_workspace/src/build/rrbot_description', 'catkin_cmake_args': None, 'catkin_skip_building_tests': False, 'cmake_args': None, 'cmake_clean_cache': False, 'cmake_clean_first': False, 'cmake_force_configure': False, 'cmake_target': None, 'cmake_target_skip_unavailable': False, 'install_base': '/home/anoushka/ros_workspace/src/install/rrbot_description', 'merge_install': False, 'path': '/home/anoushka/ros_workspace/src/rrbot_simulation_files/rrbot_description', 'symlink_install': True, 'test_result_base': None}
[0.290s] Level 5:colcon.colcon_core.verb:set package 'rrbot_gazebo' build argument 'cmake_args' from command line to 'None'
[0.290s] Level 5:colcon.colcon_core.verb:set package 'rrbot_gazebo' build argument 'cmake_target' from command line to 'None'
[0.290s] Level 5:colcon.colcon_core.verb:set package 'rrbot_gazebo' build argument 'cmake_target_skip_unavailable' from command line to 'False'
[0.290s] Level 5:colcon.colcon_core.verb:set package 'rrbot_gazebo' build argument 'cmake_clean_cache' from command line to 'False'
[0.290s] Level 5:colcon.colcon_core.verb:set package 'rrbot_gazebo' build argument 'cmake_clean_first' from command line to 'False'
[0.290s] Level 5:colcon.colcon_core.verb:set package 'rrbot_gazebo' build argument 'cmake_force_configure' from command line to 'False'
[0.290s] Level 5:colcon.colcon_core.verb:set package 'rrbot_gazebo' build argument 'ament_cmake_args' from command line to 'None'
[0.290s] Level 5:colcon.colcon_core.verb:set package 'rrbot_gazebo' build argument 'catkin_cmake_args' from command line to 'None'
[0.290s] Level 5:colcon.colcon_core.verb:set package 'rrbot_gazebo' build argument 'catkin_skip_building_tests' from command line to 'False'
[0.290s] DEBUG:colcon.colcon_core.verb:Building package 'rrbot_gazebo' with the following arguments: {'ament_cmake_args': None, 'build_base': '/home/anoushka/ros_workspace/src/build/rrbot_gazebo', 'catkin_cmake_args': None, 'catkin_skip_building_tests': False, 'cmake_args': None, 'cmake_clean_cache': False, 'cmake_clean_first': False, 'cmake_force_configure': False, 'cmake_target': None, 'cmake_target_skip_unavailable': False, 'install_base': '/home/anoushka/ros_workspace/src/install/rrbot_gazebo', 'merge_install': False, 'path': '/home/anoushka/ros_workspace/src/rrbot_simulation_files/rrbot_gazebo', 'symlink_install': True, 'test_result_base': None}
[0.291s] INFO:colcon.colcon_core.executor:Executing jobs using 'parallel' executor
[0.295s] DEBUG:colcon.colcon_parallel_executor.executor.parallel:run_until_complete
[0.295s] INFO:colcon.colcon_ros.task.ament_cmake.build:Building ROS package in '/home/anoushka/ros_workspace/src/rrbot_simulation_files/rrbot_description' with build type 'ament_cmake'
[0.295s] INFO:colcon.colcon_cmake.task.cmake.build:Building CMake package in '/home/anoushka/ros_workspace/src/rrbot_simulation_files/rrbot_description'
[0.298s] INFO:colcon.colcon_core.plugin_system:Skipping extension 'colcon_core.shell.bat': Not used on non-Windows systems
[0.298s] INFO:colcon.colcon_core.shell:Skip shell extension 'powershell' for command environment: Not usable outside of PowerShell
[0.298s] DEBUG:colcon.colcon_core.shell:Skip shell extension 'dsv' for command environment
[0.301s] INFO:colcon.colcon_ros.task.ament_python.build:Building ROS package in '/home/anoushka/ros_workspace/src/euler_to_quat' with build type 'ament_python'
[0.302s] Level 1:colcon.colcon_core.shell:create_environment_hook('euler_to_quat', 'ament_prefix_path')
[0.303s] INFO:colcon.colcon_core.shell:Creating environment hook '/home/anoushka/ros_workspace/src/install/euler_to_quat/share/euler_to_quat/hook/ament_prefix_path.ps1'
[0.304s] INFO:colcon.colcon_core.shell:Creating environment descriptor '/home/anoushka/ros_workspace/src/install/euler_to_quat/share/euler_to_quat/hook/ament_prefix_path.dsv'
[0.304s] INFO:colcon.colcon_core.shell:Creating environment hook '/home/anoushka/ros_workspace/src/install/euler_to_quat/share/euler_to_quat/hook/ament_prefix_path.sh'
[0.306s] INFO:colcon.colcon_core.shell:Skip shell extension 'powershell' for command environment: Not usable outside of PowerShell
[0.306s] DEBUG:colcon.colcon_core.shell:Skip shell extension 'dsv' for command environment
[0.309s] INFO:colcon.colcon_ros.task.ament_python.build:Building ROS package in '/home/anoushka/ros_workspace/src/my_package' with build type 'ament_python'
[0.309s] Level 1:colcon.colcon_core.shell:create_environment_hook('my_package', 'ament_prefix_path')
[0.310s] INFO:colcon.colcon_core.shell:Creating environment hook '/home/anoushka/ros_workspace/src/install/my_package/share/my_package/hook/ament_prefix_path.ps1'
[0.310s] INFO:colcon.colcon_core.shell:Creating environment descriptor '/home/anoushka/ros_workspace/src/install/my_package/share/my_package/hook/ament_prefix_path.dsv'
[0.311s] INFO:colcon.colcon_core.shell:Creating environment hook '/home/anoushka/ros_workspace/src/install/my_package/share/my_package/hook/ament_prefix_path.sh'
[0.312s] INFO:colcon.colcon_core.shell:Skip shell extension 'powershell' for command environment: Not usable outside of PowerShell
[0.312s] DEBUG:colcon.colcon_core.shell:Skip shell extension 'dsv' for command environment
[0.314s] INFO:colcon.colcon_ros.task.ament_python.build:Building ROS package in '/home/anoushka/ros_workspace/src/opencv_test_py' with build type 'ament_python'
[0.314s] Level 1:colcon.colcon_core.shell:create_environment_hook('opencv_test_py', 'ament_prefix_path')
[0.315s] INFO:colcon.colcon_core.shell:Creating environment hook '/home/anoushka/ros_workspace/src/install/opencv_test_py/share/opencv_test_py/hook/ament_prefix_path.ps1'
[0.315s] INFO:colcon.colcon_core.shell:Creating environment descriptor '/home/anoushka/ros_workspace/src/install/opencv_test_py/share/opencv_test_py/hook/ament_prefix_path.dsv'
[0.316s] INFO:colcon.colcon_core.shell:Creating environment hook '/home/anoushka/ros_workspace/src/install/opencv_test_py/share/opencv_test_py/hook/ament_prefix_path.sh'
[0.316s] INFO:colcon.colcon_core.shell:Skip shell extension 'powershell' for command environment: Not usable outside of PowerShell
[0.316s] DEBUG:colcon.colcon_core.shell:Skip shell extension 'dsv' for command environment
[0.323s] DEBUG:colcon.colcon_core.event_handler.log_command:Invoking command in '/home/anoushka/ros_workspace/src/build/rrbot_description': CMAKE_PREFIX_PATH=${CMAKE_PREFIX_PATH}:/home/anoushka/ros_workspace/src/install/opencv_test_py:/home/anoushka/ros_workspace/src/install/my_package:/home/anoushka/ros_workspace/src/install/euler_to_quat:/opt/ros/humble /usr/bin/cmake --build /home/anoushka/ros_workspace/src/build/rrbot_description -- -j12 -l12
[0.479s] INFO:colcon.colcon_core.task.python.build:Building Python package in '/home/anoushka/ros_workspace/src/euler_to_quat'
[0.480s] INFO:colcon.colcon_core.shell:Skip shell extension 'powershell' for command environment: Not usable outside of PowerShell
[0.480s] DEBUG:colcon.colcon_core.shell:Skip shell extension 'dsv' for command environment
[0.638s] INFO:colcon.colcon_core.task.python.build:Building Python package in '/home/anoushka/ros_workspace/src/my_package'
[0.640s] INFO:colcon.colcon_core.shell:Skip shell extension 'powershell' for command environment: Not usable outside of PowerShell
[0.640s] DEBUG:colcon.colcon_core.shell:Skip shell extension 'dsv' for command environment
[0.800s] INFO:colcon.colcon_core.task.python.build:Building Python package in '/home/anoushka/ros_workspace/src/opencv_test_py'
[0.802s] INFO:colcon.colcon_core.shell:Skip shell extension 'powershell' for command environment: Not usable outside of PowerShell
[0.802s] DEBUG:colcon.colcon_core.shell:Skip shell extension 'dsv' for command environment
[0.816s] DEBUG:colcon.colcon_core.event_handler.log_command:Invoked command in '/home/anoushka/ros_workspace/src/build/rrbot_description' returned '0': CMAKE_PREFIX_PATH=${CMAKE_PREFIX_PATH}:/home/anoushka/ros_workspace/src/install/opencv_test_py:/home/anoushka/ros_workspace/src/install/my_package:/home/anoushka/ros_workspace/src/install/euler_to_quat:/opt/ros/humble /usr/bin/cmake --build /home/anoushka/ros_workspace/src/build/rrbot_description -- -j12 -l12
[0.844s] DEBUG:colcon.colcon_core.event_handler.log_command:Invoking command in '/home/anoushka/ros_workspace/src/build/rrbot_description': CMAKE_PREFIX_PATH=${CMAKE_PREFIX_PATH}:/home/anoushka/ros_workspace/src/install/opencv_test_py:/home/anoushka/ros_workspace/src/install/my_package:/home/anoushka/ros_workspace/src/install/euler_to_quat:/opt/ros/humble /usr/bin/cmake --install /home/anoushka/ros_workspace/src/build/rrbot_description
[0.867s] Level 1:colcon.colcon_core.environment:create_environment_scripts_only(rrbot_description)
[0.868s] DEBUG:colcon.colcon_core.event_handler.log_command:Invoked command in '/home/anoushka/ros_workspace/src/build/rrbot_description' returned '0': CMAKE_PREFIX_PATH=${CMAKE_PREFIX_PATH}:/home/anoushka/ros_workspace/src/install/opencv_test_py:/home/anoushka/ros_workspace/src/install/my_package:/home/anoushka/ros_workspace/src/install/euler_to_quat:/opt/ros/humble /usr/bin/cmake --install /home/anoushka/ros_workspace/src/build/rrbot_description
[0.872s] Level 1:colcon.colcon_core.environment:checking '/home/anoushka/ros_workspace/src/install/rrbot_description' for CMake module files
[0.873s] Level 1:colcon.colcon_core.environment:checking '/home/anoushka/ros_workspace/src/install/rrbot_description' for CMake config files
[0.873s] Level 1:colcon.colcon_core.shell:create_environment_hook('rrbot_description', 'cmake_prefix_path')
[0.875s] INFO:colcon.colcon_core.shell:Creating environment hook '/home/anoushka/ros_workspace/src/install/rrbot_description/share/rrbot_description/hook/cmake_prefix_path.ps1'
[0.875s] INFO:colcon.colcon_core.shell:Creating environment descriptor '/home/anoushka/ros_workspace/src/install/rrbot_description/share/rrbot_description/hook/cmake_prefix_path.dsv'
[0.876s] INFO:colcon.colcon_core.shell:Creating environment hook '/home/anoushka/ros_workspace/src/install/rrbot_description/share/rrbot_description/hook/cmake_prefix_path.sh'
[0.876s] Level 1:colcon.colcon_core.environment:checking '/home/anoushka/ros_workspace/src/install/rrbot_description/bin'
[0.876s] Level 1:colcon.colcon_core.environment:checking '/home/anoushka/ros_workspace/src/install/rrbot_description/lib/pkgconfig/rrbot_description.pc'
[0.877s] Level 1:colcon.colcon_core.environment:checking '/home/anoushka/ros_workspace/src/install/rrbot_description/lib/python3.10/site-packages'
[0.877s] Level 1:colcon.colcon_core.environment:checking '/home/anoushka/ros_workspace/src/install/rrbot_description/bin'
[0.878s] INFO:colcon.colcon_core.shell:Creating package script '/home/anoushka/ros_workspace/src/install/rrbot_description/share/rrbot_description/package.ps1'
[0.879s] INFO:colcon.colcon_core.shell:Creating package descriptor '/home/anoushka/ros_workspace/src/install/rrbot_description/share/rrbot_description/package.dsv'
[0.880s] INFO:colcon.colcon_core.shell:Creating package script '/home/anoushka/ros_workspace/src/install/rrbot_description/share/rrbot_description/package.sh'
[0.881s] INFO:colcon.colcon_core.shell:Creating package script '/home/anoushka/ros_workspace/src/install/rrbot_description/share/rrbot_description/package.bash'
[0.881s] INFO:colcon.colcon_core.shell:Creating package script '/home/anoushka/ros_workspace/src/install/rrbot_description/share/rrbot_description/package.zsh'
[0.882s] Level 1:colcon.colcon_core.environment:create_file_with_runtime_dependencies(/home/anoushka/ros_workspace/src/install/rrbot_description/share/colcon-core/packages/rrbot_description)
[0.902s] Level 1:colcon.colcon_core.environment:create_environment_scripts_only(rrbot_description)
[0.904s] Level 1:colcon.colcon_core.environment:checking '/home/anoushka/ros_workspace/src/install/rrbot_description' for CMake module files
[0.905s] Level 1:colcon.colcon_core.environment:checking '/home/anoushka/ros_workspace/src/install/rrbot_description' for CMake config files
[0.906s] Level 1:colcon.colcon_core.shell:create_environment_hook('rrbot_description', 'cmake_prefix_path')
[0.907s] INFO:colcon.colcon_core.shell:Creating environment hook '/home/anoushka/ros_workspace/src/install/rrbot_description/share/rrbot_description/hook/cmake_prefix_path.ps1'
[0.907s] INFO:colcon.colcon_core.shell:Creating environment descriptor '/home/anoushka/ros_workspace/src/install/rrbot_description/share/rrbot_description/hook/cmake_prefix_path.dsv'
[0.908s] INFO:colcon.colcon_core.shell:Creating environment hook '/home/anoushka/ros_workspace/src/install/rrbot_description/share/rrbot_description/hook/cmake_prefix_path.sh'
[0.908s] Level 1:colcon.colcon_core.environment:checking '/home/anoushka/ros_workspace/src/install/rrbot_description/bin'
[0.908s] Level 1:colcon.colcon_core.environment:checking '/home/anoushka/ros_workspace/src/install/rrbot_description/lib/pkgconfig/rrbot_description.pc'
[0.909s] Level 1:colcon.colcon_core.environment:checking '/home/anoushka/ros_workspace/src/install/rrbot_description/lib/python3.10/site-packages'
[0.909s] Level 1:colcon.colcon_core.environment:checking '/home/anoushka/ros_workspace/src/install/rrbot_description/bin'
[0.910s] INFO:colcon.colcon_core.shell:Creating package script '/home/anoushka/ros_workspace/src/install/rrbot_description/share/rrbot_description/package.ps1'
[0.911s] INFO:colcon.colcon_core.shell:Creating package descriptor '/home/anoushka/ros_workspace/src/install/rrbot_description/share/rrbot_description/package.dsv'
[0.912s] INFO:colcon.colcon_core.shell:Creating package script '/home/anoushka/ros_workspace/src/install/rrbot_description/share/rrbot_description/package.sh'
[0.912s] INFO:colcon.colcon_core.shell:Creating package script '/home/anoushka/ros_workspace/src/install/rrbot_description/share/rrbot_description/package.bash'
[0.913s] INFO:colcon.colcon_core.shell:Creating package script '/home/anoushka/ros_workspace/src/install/rrbot_description/share/rrbot_description/package.zsh'
[0.913s] Level 1:colcon.colcon_core.environment:create_file_with_runtime_dependencies(/home/anoushka/ros_workspace/src/install/rrbot_description/share/colcon-core/packages/rrbot_description)
[0.913s] INFO:colcon.colcon_ros.task.ament_cmake.build:Building ROS package in '/home/anoushka/ros_workspace/src/rrbot_simulation_files/rrbot_gazebo' with build type 'ament_cmake'
[0.914s] INFO:colcon.colcon_cmake.task.cmake.build:Building CMake package in '/home/anoushka/ros_workspace/src/rrbot_simulation_files/rrbot_gazebo'
[0.915s] INFO:colcon.colcon_core.shell:Skip shell extension 'powershell' for command environment: Not usable outside of PowerShell
[0.915s] DEBUG:colcon.colcon_core.shell:Skip shell extension 'dsv' for command environment
[0.926s] DEBUG:colcon.colcon_core.event_handler.log_command:Invoking command in '/home/anoushka/ros_workspace/src/build/rrbot_gazebo': CMAKE_PREFIX_PATH=/home/anoushka/ros_workspace/src/install/rrbot_description:/home/anoushka/ros_workspace/src/install/rrbot_gazebo:/home/anoushka/ros_workspace/src/install/opencv_test_py:/home/anoushka/ros_workspace/src/install/my_package:/home/anoushka/ros_workspace/src/install/euler_to_quat:/opt/ros/humble /usr/bin/cmake --build /home/anoushka/ros_workspace/src/build/rrbot_gazebo -- -j12 -l12
[0.988s] DEBUG:colcon.colcon_core.event_handler.log_command:Invoked command in '/home/anoushka/ros_workspace/src/build/rrbot_gazebo' returned '0': CMAKE_PREFIX_PATH=/home/anoushka/ros_workspace/src/install/rrbot_description:/home/anoushka/ros_workspace/src/install/rrbot_gazebo:/home/anoushka/ros_workspace/src/install/opencv_test_py:/home/anoushka/ros_workspace/src/install/my_package:/home/anoushka/ros_workspace/src/install/euler_to_quat:/opt/ros/humble /usr/bin/cmake --build /home/anoushka/ros_workspace/src/build/rrbot_gazebo -- -j12 -l12
[1.012s] DEBUG:colcon.colcon_core.event_handler.log_command:Invoking command in '/home/anoushka/ros_workspace/src/build/rrbot_gazebo': CMAKE_PREFIX_PATH=/home/anoushka/ros_workspace/src/install/rrbot_description:/home/anoushka/ros_workspace/src/install/rrbot_gazebo:/home/anoushka/ros_workspace/src/install/opencv_test_py:/home/anoushka/ros_workspace/src/install/my_package:/home/anoushka/ros_workspace/src/install/euler_to_quat:/opt/ros/humble /usr/bin/cmake --install /home/anoushka/ros_workspace/src/build/rrbot_gazebo
[1.033s] Level 1:colcon.colcon_core.environment:create_environment_scripts_only(rrbot_gazebo)
[1.036s] Level 1:colcon.colcon_core.environment:checking '/home/anoushka/ros_workspace/src/install/rrbot_gazebo' for CMake module files
[1.037s] Level 1:colcon.colcon_core.environment:checking '/home/anoushka/ros_workspace/src/install/rrbot_gazebo' for CMake config files
[1.037s] DEBUG:colcon.colcon_core.event_handler.log_command:Invoking command in '/home/anoushka/ros_workspace/src/build/euler_to_quat': PYTHONPATH=/home/anoushka/ros_workspace/src/install/euler_to_quat/lib/python3.10/site-packages:${PYTHONPATH} /usr/bin/python3 setup.py develop --prefix /home/anoushka/ros_workspace/src/install/euler_to_quat --editable --build-directory /home/anoushka/ros_workspace/src/build/euler_to_quat/build --no-deps install_data --install-dir /home/anoushka/ros_workspace/src/install/euler_to_quat
[1.037s] DEBUG:colcon.colcon_core.event_handler.log_command:Invoked command in '/home/anoushka/ros_workspace/src/build/rrbot_gazebo' returned '0': CMAKE_PREFIX_PATH=/home/anoushka/ros_workspace/src/install/rrbot_description:/home/anoushka/ros_workspace/src/install/rrbot_gazebo:/home/anoushka/ros_workspace/src/install/opencv_test_py:/home/anoushka/ros_workspace/src/install/my_package:/home/anoushka/ros_workspace/src/install/euler_to_quat:/opt/ros/humble /usr/bin/cmake --install /home/anoushka/ros_workspace/src/build/rrbot_gazebo
[1.038s] Level 1:colcon.colcon_core.shell:create_environment_hook('rrbot_gazebo', 'cmake_prefix_path')
[1.039s] INFO:colcon.colcon_core.shell:Creating environment hook '/home/anoushka/ros_workspace/src/install/rrbot_gazebo/share/rrbot_gazebo/hook/cmake_prefix_path.ps1'
[1.040s] INFO:colcon.colcon_core.shell:Creating environment descriptor '/home/anoushka/ros_workspace/src/install/rrbot_gazebo/share/rrbot_gazebo/hook/cmake_prefix_path.dsv'
[1.040s] INFO:colcon.colcon_core.shell:Creating environment hook '/home/anoushka/ros_workspace/src/install/rrbot_gazebo/share/rrbot_gazebo/hook/cmake_prefix_path.sh'
[1.040s] Level 1:colcon.colcon_core.environment:checking '/home/anoushka/ros_workspace/src/install/rrbot_gazebo/lib'
[1.041s] Level 1:colcon.colcon_core.environment:checking '/home/anoushka/ros_workspace/src/install/rrbot_gazebo/bin'
[1.041s] Level 1:colcon.colcon_core.environment:checking '/home/anoushka/ros_workspace/src/install/rrbot_gazebo/lib/pkgconfig/rrbot_gazebo.pc'
[1.041s] Level 1:colcon.colcon_core.environment:checking '/home/anoushka/ros_workspace/src/install/rrbot_gazebo/lib/python3.10/site-packages'
[1.041s] Level 1:colcon.colcon_core.environment:checking '/home/anoushka/ros_workspace/src/install/rrbot_gazebo/bin'
[1.043s] INFO:colcon.colcon_core.shell:Creating package script '/home/anoushka/ros_workspace/src/install/rrbot_gazebo/share/rrbot_gazebo/package.ps1'
[1.044s] INFO:colcon.colcon_core.shell:Creating package descriptor '/home/anoushka/ros_workspace/src/install/rrbot_gazebo/share/rrbot_gazebo/package.dsv'
[1.044s] INFO:colcon.colcon_core.shell:Creating package script '/home/anoushka/ros_workspace/src/install/rrbot_gazebo/share/rrbot_gazebo/package.sh'
[1.045s] INFO:colcon.colcon_core.shell:Creating package script '/home/anoushka/ros_workspace/src/install/rrbot_gazebo/share/rrbot_gazebo/package.bash'
[1.045s] INFO:colcon.colcon_core.shell:Creating package script '/home/anoushka/ros_workspace/src/install/rrbot_gazebo/share/rrbot_gazebo/package.zsh'
[1.045s] Level 1:colcon.colcon_core.environment:create_file_with_runtime_dependencies(/home/anoushka/ros_workspace/src/install/rrbot_gazebo/share/colcon-core/packages/rrbot_gazebo)
[1.068s] Level 1:colcon.colcon_core.environment:create_environment_scripts_only(rrbot_gazebo)
[1.070s] Level 1:colcon.colcon_core.environment:checking '/home/anoushka/ros_workspace/src/install/rrbot_gazebo' for CMake module files
[1.071s] Level 1:colcon.colcon_core.environment:checking '/home/anoushka/ros_workspace/src/install/rrbot_gazebo' for CMake config files
[1.071s] Level 1:colcon.colcon_core.shell:create_environment_hook('rrbot_gazebo', 'cmake_prefix_path')
[1.073s] INFO:colcon.colcon_core.shell:Creating environment hook '/home/anoushka/ros_workspace/src/install/rrbot_gazebo/share/rrbot_gazebo/hook/cmake_prefix_path.ps1'
[1.073s] INFO:colcon.colcon_core.shell:Creating environment descriptor '/home/anoushka/ros_workspace/src/install/rrbot_gazebo/share/rrbot_gazebo/hook/cmake_prefix_path.dsv'
[1.073s] INFO:colcon.colcon_core.shell:Creating environment hook '/home/anoushka/ros_workspace/src/install/rrbot_gazebo/share/rrbot_gazebo/hook/cmake_prefix_path.sh'
[1.074s] Level 1:colcon.colcon_core.environment:checking '/home/anoushka/ros_workspace/src/install/rrbot_gazebo/lib'
[1.074s] Level 1:colcon.colcon_core.environment:checking '/home/anoushka/ros_workspace/src/install/rrbot_gazebo/bin'
[1.074s] Level 1:colcon.colcon_core.environment:checking '/home/anoushka/ros_workspace/src/install/rrbot_gazebo/lib/pkgconfig/rrbot_gazebo.pc'
[1.074s] Level 1:colcon.colcon_core.environment:checking '/home/anoushka/ros_workspace/src/install/rrbot_gazebo/lib/python3.10/site-packages'
[1.075s] Level 1:colcon.colcon_core.environment:checking '/home/anoushka/ros_workspace/src/install/rrbot_gazebo/bin'
[1.076s] INFO:colcon.colcon_core.shell:Creating package script '/home/anoushka/ros_workspace/src/install/rrbot_gazebo/share/rrbot_gazebo/package.ps1'
[1.077s] INFO:colcon.colcon_core.shell:Creating package descriptor '/home/anoushka/ros_workspace/src/install/rrbot_gazebo/share/rrbot_gazebo/package.dsv'
[1.077s] INFO:colcon.colcon_core.shell:Creating package script '/home/anoushka/ros_workspace/src/install/rrbot_gazebo/share/rrbot_gazebo/package.sh'
[1.078s] INFO:colcon.colcon_core.shell:Creating package script '/home/anoushka/ros_workspace/src/install/rrbot_gazebo/share/rrbot_gazebo/package.bash'
[1.078s] INFO:colcon.colcon_core.shell:Creating package script '/home/anoushka/ros_workspace/src/install/rrbot_gazebo/share/rrbot_gazebo/package.zsh'
[1.079s] Level 1:colcon.colcon_core.environment:create_file_with_runtime_dependencies(/home/anoushka/ros_workspace/src/install/rrbot_gazebo/share/colcon-core/packages/rrbot_gazebo)
[1.126s] DEBUG:colcon.colcon_core.event_handler.log_command:Invoking command in '/home/anoushka/ros_workspace/src/build/my_package': PYTHONPATH=/home/anoushka/ros_workspace/src/install/my_package/lib/python3.10/site-packages:${PYTHONPATH} /usr/bin/python3 setup.py develop --prefix /home/anoushka/ros_workspace/src/install/my_package --editable --build-directory /home/anoushka/ros_workspace/src/build/my_package/build --no-deps install_data --install-dir /home/anoushka/ros_workspace/src/install/my_package
[1.179s] DEBUG:colcon.colcon_core.event_handler.log_command:Invoking command in '/home/anoushka/ros_workspace/src/build/opencv_test_py': PYTHONPATH=/home/anoushka/ros_workspace/src/install/opencv_test_py/lib/python3.10/site-packages:${PYTHONPATH} /usr/bin/python3 setup.py develop --prefix /home/anoushka/ros_workspace/src/install/opencv_test_py --editable --build-directory /home/anoushka/ros_workspace/src/build/opencv_test_py/build --no-deps install_data --install-dir /home/anoushka/ros_workspace/src/install/opencv_test_py
[1.353s] Level 1:colcon.colcon_core.shell:create_environment_hook('euler_to_quat', 'pythonpath_develop')
[1.354s] INFO:colcon.colcon_core.shell:Creating environment hook '/home/anoushka/ros_workspace/src/build/euler_to_quat/share/euler_to_quat/hook/pythonpath_develop.ps1'
[1.355s] DEBUG:colcon.colcon_core.event_handler.log_command:Invoked command in '/home/anoushka/ros_workspace/src/build/euler_to_quat' returned '0': PYTHONPATH=/home/anoushka/ros_workspace/src/install/euler_to_quat/lib/python3.10/site-packages:${PYTHONPATH} /usr/bin/python3 setup.py develop --prefix /home/anoushka/ros_workspace/src/install/euler_to_quat --editable --build-directory /home/anoushka/ros_workspace/src/build/euler_to_quat/build --no-deps install_data --install-dir /home/anoushka/ros_workspace/src/install/euler_to_quat
[1.355s] INFO:colcon.colcon_core.shell:Creating environment descriptor '/home/anoushka/ros_workspace/src/build/euler_to_quat/share/euler_to_quat/hook/pythonpath_develop.dsv'
[1.356s] INFO:colcon.colcon_core.shell:Creating environment hook '/home/anoushka/ros_workspace/src/build/euler_to_quat/share/euler_to_quat/hook/pythonpath_develop.sh'
[1.358s] Level 1:colcon.colcon_core.environment:checking '/home/anoushka/ros_workspace/src/install/euler_to_quat' for CMake module files
[1.359s] Level 1:colcon.colcon_core.environment:checking '/home/anoushka/ros_workspace/src/install/euler_to_quat' for CMake config files
[1.359s] Level 1:colcon.colcon_core.environment:checking '/home/anoushka/ros_workspace/src/install/euler_to_quat/lib'
[1.359s] Level 1:colcon.colcon_core.environment:checking '/home/anoushka/ros_workspace/src/install/euler_to_quat/bin'
[1.360s] Level 1:colcon.colcon_core.environment:checking '/home/anoushka/ros_workspace/src/install/euler_to_quat/lib/pkgconfig/euler_to_quat.pc'
[1.360s] Level 1:colcon.colcon_core.environment:checking '/home/anoushka/ros_workspace/src/install/euler_to_quat/lib/python3.10/site-packages'
[1.360s] Level 1:colcon.colcon_core.shell:create_environment_hook('euler_to_quat', 'pythonpath')
[1.361s] INFO:colcon.colcon_core.shell:Creating environment hook '/home/anoushka/ros_workspace/src/install/euler_to_quat/share/euler_to_quat/hook/pythonpath.ps1'
[1.362s] INFO:colcon.colcon_core.shell:Creating environment descriptor '/home/anoushka/ros_workspace/src/install/euler_to_quat/share/euler_to_quat/hook/pythonpath.dsv'
[1.362s] INFO:colcon.colcon_core.shell:Creating environment hook '/home/anoushka/ros_workspace/src/install/euler_to_quat/share/euler_to_quat/hook/pythonpath.sh'
[1.363s] Level 1:colcon.colcon_core.environment:checking '/home/anoushka/ros_workspace/src/install/euler_to_quat/bin'
[1.363s] Level 1:colcon.colcon_core.environment:create_environment_scripts_only(euler_to_quat)
[1.364s] INFO:colcon.colcon_core.shell:Creating package script '/home/anoushka/ros_workspace/src/install/euler_to_quat/share/euler_to_quat/package.ps1'
[1.365s] INFO:colcon.colcon_core.shell:Creating package descriptor '/home/anoushka/ros_workspace/src/install/euler_to_quat/share/euler_to_quat/package.dsv'
[1.366s] INFO:colcon.colcon_core.shell:Creating package script '/home/anoushka/ros_workspace/src/install/euler_to_quat/share/euler_to_quat/package.sh'
[1.366s] INFO:colcon.colcon_core.shell:Creating package script '/home/anoushka/ros_workspace/src/install/euler_to_quat/share/euler_to_quat/package.bash'
[1.366s] INFO:colcon.colcon_core.shell:Creating package script '/home/anoushka/ros_workspace/src/install/euler_to_quat/share/euler_to_quat/package.zsh'
[1.367s] Level 1:colcon.colcon_core.environment:create_file_with_runtime_dependencies(/home/anoushka/ros_workspace/src/install/euler_to_quat/share/colcon-core/packages/euler_to_quat)
[1.510s] Level 1:colcon.colcon_core.shell:create_environment_hook('my_package', 'pythonpath_develop')
[1.512s] INFO:colcon.colcon_core.shell:Creating environment hook '/home/anoushka/ros_workspace/src/build/my_package/share/my_package/hook/pythonpath_develop.ps1'
[1.513s] DEBUG:colcon.colcon_core.event_handler.log_command:Invoked command in '/home/anoushka/ros_workspace/src/build/my_package' returned '0': PYTHONPATH=/home/anoushka/ros_workspace/src/install/my_package/lib/python3.10/site-packages:${PYTHONPATH} /usr/bin/python3 setup.py develop --prefix /home/anoushka/ros_workspace/src/install/my_package --editable --build-directory /home/anoushka/ros_workspace/src/build/my_package/build --no-deps install_data --install-dir /home/anoushka/ros_workspace/src/install/my_package
[1.513s] INFO:colcon.colcon_core.shell:Creating environment descriptor '/home/anoushka/ros_workspace/src/build/my_package/share/my_package/hook/pythonpath_develop.dsv'
[1.513s] INFO:colcon.colcon_core.shell:Creating environment hook '/home/anoushka/ros_workspace/src/build/my_package/share/my_package/hook/pythonpath_develop.sh'
[1.516s] Level 1:colcon.colcon_core.environment:checking '/home/anoushka/ros_workspace/src/install/my_package' for CMake module files
[1.516s] Level 1:colcon.colcon_core.environment:checking '/home/anoushka/ros_workspace/src/install/my_package' for CMake config files
[1.517s] Level 1:colcon.colcon_core.environment:checking '/home/anoushka/ros_workspace/src/install/my_package/lib'
[1.517s] Level 1:colcon.colcon_core.environment:checking '/home/anoushka/ros_workspace/src/install/my_package/bin'
[1.517s] Level 1:colcon.colcon_core.environment:checking '/home/anoushka/ros_workspace/src/install/my_package/lib/pkgconfig/my_package.pc'
[1.517s] Level 1:colcon.colcon_core.environment:checking '/home/anoushka/ros_workspace/src/install/my_package/lib/python3.10/site-packages'
[1.517s] Level 1:colcon.colcon_core.shell:create_environment_hook('my_package', 'pythonpath')
[1.518s] INFO:colcon.colcon_core.shell:Creating environment hook '/home/anoushka/ros_workspace/src/install/my_package/share/my_package/hook/pythonpath.ps1'
[1.519s] INFO:colcon.colcon_core.shell:Creating environment descriptor '/home/anoushka/ros_workspace/src/install/my_package/share/my_package/hook/pythonpath.dsv'
[1.519s] INFO:colcon.colcon_core.shell:Creating environment hook '/home/anoushka/ros_workspace/src/install/my_package/share/my_package/hook/pythonpath.sh'
[1.520s] Level 1:colcon.colcon_core.environment:checking '/home/anoushka/ros_workspace/src/install/my_package/bin'
[1.520s] Level 1:colcon.colcon_core.environment:create_environment_scripts_only(my_package)
[1.521s] INFO:colcon.colcon_core.shell:Creating package script '/home/anoushka/ros_workspace/src/install/my_package/share/my_package/package.ps1'
[1.522s] INFO:colcon.colcon_core.shell:Creating package descriptor '/home/anoushka/ros_workspace/src/install/my_package/share/my_package/package.dsv'
[1.523s] INFO:colcon.colcon_core.shell:Creating package script '/home/anoushka/ros_workspace/src/install/my_package/share/my_package/package.sh'
[1.523s] INFO:colcon.colcon_core.shell:Creating package script '/home/anoushka/ros_workspace/src/install/my_package/share/my_package/package.bash'
[1.523s] INFO:colcon.colcon_core.shell:Creating package script '/home/anoushka/ros_workspace/src/install/my_package/share/my_package/package.zsh'
[1.524s] Level 1:colcon.colcon_core.environment:create_file_with_runtime_dependencies(/home/anoushka/ros_workspace/src/install/my_package/share/colcon-core/packages/my_package)
[1.634s] Level 1:colcon.colcon_core.shell:create_environment_hook('opencv_test_py', 'pythonpath_develop')
[1.636s] INFO:colcon.colcon_core.shell:Creating environment hook '/home/anoushka/ros_workspace/src/build/opencv_test_py/share/opencv_test_py/hook/pythonpath_develop.ps1'
[1.637s] DEBUG:colcon.colcon_core.event_handler.log_command:Invoked command in '/home/anoushka/ros_workspace/src/build/opencv_test_py' returned '0': PYTHONPATH=/home/anoushka/ros_workspace/src/install/opencv_test_py/lib/python3.10/site-packages:${PYTHONPATH} /usr/bin/python3 setup.py develop --prefix /home/anoushka/ros_workspace/src/install/opencv_test_py --editable --build-directory /home/anoushka/ros_workspace/src/build/opencv_test_py/build --no-deps install_data --install-dir /home/anoushka/ros_workspace/src/install/opencv_test_py
[1.637s] INFO:colcon.colcon_core.shell:Creating environment descriptor '/home/anoushka/ros_workspace/src/build/opencv_test_py/share/opencv_test_py/hook/pythonpath_develop.dsv'
[1.637s] INFO:colcon.colcon_core.shell:Creating environment hook '/home/anoushka/ros_workspace/src/build/opencv_test_py/share/opencv_test_py/hook/pythonpath_develop.sh'
[1.640s] Level 1:colcon.colcon_core.environment:checking '/home/anoushka/ros_workspace/src/install/opencv_test_py' for CMake module files
[1.640s] Level 1:colcon.colcon_core.environment:checking '/home/anoushka/ros_workspace/src/install/opencv_test_py' for CMake config files
[1.641s] Level 1:colcon.colcon_core.environment:checking '/home/anoushka/ros_workspace/src/install/opencv_test_py/lib'
[1.641s] Level 1:colcon.colcon_core.environment:checking '/home/anoushka/ros_workspace/src/install/opencv_test_py/bin'
[1.641s] Level 1:colcon.colcon_core.environment:checking '/home/anoushka/ros_workspace/src/install/opencv_test_py/lib/pkgconfig/opencv_test_py.pc'
[1.641s] Level 1:colcon.colcon_core.environment:checking '/home/anoushka/ros_workspace/src/install/opencv_test_py/lib/python3.10/site-packages'
[1.641s] Level 1:colcon.colcon_core.shell:create_environment_hook('opencv_test_py', 'pythonpath')
[1.643s] INFO:colcon.colcon_core.shell:Creating environment hook '/home/anoushka/ros_workspace/src/install/opencv_test_py/share/opencv_test_py/hook/pythonpath.ps1'
[1.643s] INFO:colcon.colcon_core.shell:Creating environment descriptor '/home/anoushka/ros_workspace/src/install/opencv_test_py/share/opencv_test_py/hook/pythonpath.dsv'
[1.643s] INFO:colcon.colcon_core.shell:Creating environment hook '/home/anoushka/ros_workspace/src/install/opencv_test_py/share/opencv_test_py/hook/pythonpath.sh'
[1.644s] Level 1:colcon.colcon_core.environment:checking '/home/anoushka/ros_workspace/src/install/opencv_test_py/bin'
[1.644s] Level 1:colcon.colcon_core.environment:create_environment_scripts_only(opencv_test_py)
[1.646s] INFO:colcon.colcon_core.shell:Creating package script '/home/anoushka/ros_workspace/src/install/opencv_test_py/share/opencv_test_py/package.ps1'
[1.646s] INFO:colcon.colcon_core.shell:Creating package descriptor '/home/anoushka/ros_workspace/src/install/opencv_test_py/share/opencv_test_py/package.dsv'
[1.647s] INFO:colcon.colcon_core.shell:Creating package script '/home/anoushka/ros_workspace/src/install/opencv_test_py/share/opencv_test_py/package.sh'
[1.647s] INFO:colcon.colcon_core.shell:Creating package script '/home/anoushka/ros_workspace/src/install/opencv_test_py/share/opencv_test_py/package.bash'
[1.647s] INFO:colcon.colcon_core.shell:Creating package script '/home/anoushka/ros_workspace/src/install/opencv_test_py/share/opencv_test_py/package.zsh'
[1.648s] Level 1:colcon.colcon_core.environment:create_file_with_runtime_dependencies(/home/anoushka/ros_workspace/src/install/opencv_test_py/share/colcon-core/packages/opencv_test_py)
[1.648s] DEBUG:colcon.colcon_parallel_executor.executor.parallel:closing loop
[1.648s] DEBUG:colcon.colcon_parallel_executor.executor.parallel:loop closed
[1.649s] DEBUG:colcon.colcon_parallel_executor.executor.parallel:run_until_complete finished with '0'
[1.649s] DEBUG:colcon.colcon_core.event_reactor:joining thread
[1.656s] INFO:colcon.colcon_core.plugin_system:Skipping extension 'colcon_notification.desktop_notification.terminal_notifier': Not used on non-Darwin systems
[1.656s] INFO:colcon.colcon_core.plugin_system:Skipping extension 'colcon_notification.desktop_notification.win32': Not used on non-Windows systems
[1.656s] INFO:colcon.colcon_notification.desktop_notification:Sending desktop notification using 'notify2'
[1.670s] DEBUG:colcon.colcon_core.event_reactor:joined thread
[1.672s] INFO:colcon.colcon_core.shell:Creating prefix script '/home/anoushka/ros_workspace/src/install/local_setup.ps1'
[1.672s] INFO:colcon.colcon_core.shell:Creating prefix util module '/home/anoushka/ros_workspace/src/install/_local_setup_util_ps1.py'
[1.673s] INFO:colcon.colcon_core.shell:Creating prefix chain script '/home/anoushka/ros_workspace/src/install/setup.ps1'
[1.674s] INFO:colcon.colcon_core.shell:Creating prefix script '/home/anoushka/ros_workspace/src/install/local_setup.sh'
[1.675s] INFO:colcon.colcon_core.shell:Creating prefix util module '/home/anoushka/ros_workspace/src/install/_local_setup_util_sh.py'
[1.675s] INFO:colcon.colcon_core.shell:Creating prefix chain script '/home/anoushka/ros_workspace/src/install/setup.sh'
[1.676s] INFO:colcon.colcon_core.shell:Creating prefix script '/home/anoushka/ros_workspace/src/install/local_setup.bash'
[1.676s] INFO:colcon.colcon_core.shell:Creating prefix chain script '/home/anoushka/ros_workspace/src/install/setup.bash'
[1.677s] INFO:colcon.colcon_core.shell:Creating prefix script '/home/anoushka/ros_workspace/src/install/local_setup.zsh'
[1.677s] INFO:colcon.colcon_core.shell:Creating prefix chain script '/home/anoushka/ros_workspace/src/install/setup.zsh'
