[0.873s] Invoking command in '/home/anoushka/ros_workspace/src/build/euler_to_quat': PYTHONPATH=/home/anoushka/ros_workspace/src/install/euler_to_quat/lib/python3.10/site-packages:${PYTHONPATH} /usr/bin/python3 setup.py develop --prefix /home/anoushka/ros_workspace/src/install/euler_to_quat --editable --build-directory /home/anoushka/ros_workspace/src/build/euler_to_quat/build --no-deps install_data --install-dir /home/anoushka/ros_workspace/src/install/euler_to_quat
[1.237s] running develop
[1.237s] /usr/lib/python3/dist-packages/setuptools/command/easy_install.py:158: EasyInstallDeprecationWarning: easy_install command is deprecated. Use build and pip and other standards-based tools.
[1.238s]   warnings.warn(
[1.239s] /usr/lib/python3/dist-packages/setuptools/command/install.py:34: SetuptoolsDeprecationWarning: setup.py install is deprecated. Use build and pip and other standards-based tools.
[1.239s]   warnings.warn(
[1.319s] /usr/lib/python3/dist-packages/pkg_resources/__init__.py:116: PkgResourcesDeprecationWarning: 1.1build1 is an invalid version and will not be supported in a future release
[1.319s]   warnings.warn(
[1.320s] /usr/lib/python3/dist-packages/pkg_resources/__init__.py:116: PkgResourcesDeprecationWarning: 0.1.43ubuntu1 is an invalid version and will not be supported in a future release
[1.320s]   warnings.warn(
[1.403s] running egg_info
[1.404s] writing euler_to_quat.egg-info/PKG-INFO
[1.404s] writing dependency_links to euler_to_quat.egg-info/dependency_links.txt
[1.404s] writing entry points to euler_to_quat.egg-info/entry_points.txt
[1.404s] writing requirements to euler_to_quat.egg-info/requires.txt
[1.404s] writing top-level names to euler_to_quat.egg-info/top_level.txt
[1.405s] reading manifest file 'euler_to_quat.egg-info/SOURCES.txt'
[1.406s] writing manifest file 'euler_to_quat.egg-info/SOURCES.txt'
[1.407s] running build_ext
[1.407s] Creating /home/anoushka/ros_workspace/src/install/euler_to_quat/lib/python3.10/site-packages/euler-to-quat.egg-link (link to .)
[1.408s] Installing listener script to /home/anoushka/ros_workspace/src/install/euler_to_quat/lib/euler_to_quat
[1.408s] 
[1.408s] Installed /home/anoushka/ros_workspace/src/build/euler_to_quat
[1.408s] running install_data
[1.440s] Invoked command in '/home/anoushka/ros_workspace/src/build/euler_to_quat' returned '0': PYTHONPATH=/home/anoushka/ros_workspace/src/install/euler_to_quat/lib/python3.10/site-packages:${PYTHONPATH} /usr/bin/python3 setup.py develop --prefix /home/anoushka/ros_workspace/src/install/euler_to_quat --editable --build-directory /home/anoushka/ros_workspace/src/build/euler_to_quat/build --no-deps install_data --install-dir /home/anoushka/ros_workspace/src/install/euler_to_quat
