[0.827s] Invoking command in '/home/anoushka/ros_workspace/src/build/euler_to_quat': PYTHONPATH=/home/anoushka/ros_workspace/src/install/euler_to_quat/lib/python3.10/site-packages:${PYTHONPATH} /usr/bin/python3 setup.py develop --prefix /home/anoushka/ros_workspace/src/install/euler_to_quat --editable --build-directory /home/anoushka/ros_workspace/src/build/euler_to_quat/build --no-deps install_data --install-dir /home/anoushka/ros_workspace/src/install/euler_to_quat
[0.994s] running develop
[0.994s] /usr/lib/python3/dist-packages/setuptools/command/easy_install.py:158: EasyInstallDeprecationWarning: easy_install command is deprecated. Use build and pip and other standards-based tools.
[0.994s]   warnings.warn(
[0.995s] /usr/lib/python3/dist-packages/setuptools/command/install.py:34: SetuptoolsDeprecationWarning: setup.py install is deprecated. Use build and pip and other standards-based tools.
[0.995s]   warnings.warn(
[1.027s] /usr/lib/python3/dist-packages/pkg_resources/__init__.py:116: PkgResourcesDeprecationWarning: 1.1build1 is an invalid version and will not be supported in a future release
[1.028s]   warnings.warn(
[1.028s] /usr/lib/python3/dist-packages/pkg_resources/__init__.py:116: PkgResourcesDeprecationWarning: 0.1.43ubuntu1 is an invalid version and will not be supported in a future release
[1.028s]   warnings.warn(
[1.085s] running egg_info
[1.086s] writing euler_to_quat.egg-info/PKG-INFO
[1.086s] writing dependency_links to euler_to_quat.egg-info/dependency_links.txt
[1.086s] writing entry points to euler_to_quat.egg-info/entry_points.txt
[1.086s] writing requirements to euler_to_quat.egg-info/requires.txt
[1.086s] writing top-level names to euler_to_quat.egg-info/top_level.txt
[1.087s] reading manifest file 'euler_to_quat.egg-info/SOURCES.txt'
[1.088s] writing manifest file 'euler_to_quat.egg-info/SOURCES.txt'
[1.088s] running build_ext
[1.089s] Creating /home/anoushka/ros_workspace/src/install/euler_to_quat/lib/python3.10/site-packages/euler-to-quat.egg-link (link to .)
[1.089s] Installing listener script to /home/anoushka/ros_workspace/src/install/euler_to_quat/lib/euler_to_quat
[1.089s] 
[1.089s] Installed /home/anoushka/ros_workspace/src/build/euler_to_quat
[1.090s] running install_data
[1.116s] Invoked command in '/home/anoushka/ros_workspace/src/build/euler_to_quat' returned '0': PYTHONPATH=/home/anoushka/ros_workspace/src/install/euler_to_quat/lib/python3.10/site-packages:${PYTHONPATH} /usr/bin/python3 setup.py develop --prefix /home/anoushka/ros_workspace/src/install/euler_to_quat --editable --build-directory /home/anoushka/ros_workspace/src/build/euler_to_quat/build --no-deps install_data --install-dir /home/anoushka/ros_workspace/src/install/euler_to_quat
