[0.008s] Invoking command in '/home/anoushka/ros_workspace/src/build/rrbot_gazebo': CMAKE_PREFIX_PATH=/home/anoushka/ros_workspace/src/install/rrbot_description:/home/anoushka/ros_workspace/src/install/rrbot_gazebo:/home/anoushka/ros_workspace/src/install/opencv_test_py:/home/anoushka/ros_workspace/src/install/my_package:/home/anoushka/ros_workspace/src/install/euler_to_quat:/opt/ros/humble /usr/bin/cmake /home/anoushka/ros_workspace/src/rrbot_simulation_files/rrbot_gazebo -DAMENT_CMAKE_SYMLINK_INSTALL=1 -DCMAKE_INSTALL_PREFIX=/home/anoushka/ros_workspace/src/install/rrbot_gazebo
[0.019s] -- Found ament_cmake: 1.3.2 (/opt/ros/humble/share/ament_cmake/cmake)
[0.166s] -- Override CMake install command with custom implementation using symlinks instead of copying resources
[0.173s] -- Found rclcpp: 16.0.1 (/opt/ros/humble/share/rclcpp/cmake)
[0.206s] -- Found rosidl_generator_c: 3.1.3 (/opt/ros/humble/share/rosidl_generator_c/cmake)
[0.209s] -- Found rosidl_adapter: 3.1.3 (/opt/ros/humble/share/rosidl_adapter/cmake)
[0.215s] -- Found rosidl_generator_cpp: 3.1.3 (/opt/ros/humble/share/rosidl_generator_cpp/cmake)
[0.228s] -- Using all available rosidl_typesupport_c: rosidl_typesupport_fastrtps_c;rosidl_typesupport_introspection_c
[0.245s] -- Using all available rosidl_typesupport_cpp: rosidl_typesupport_fastrtps_cpp;rosidl_typesupport_introspection_cpp
[0.313s] -- Found rmw_implementation_cmake: 6.1.0 (/opt/ros/humble/share/rmw_implementation_cmake/cmake)
[0.314s] -- Found rmw_fastrtps_cpp: 6.2.1 (/opt/ros/humble/share/rmw_fastrtps_cpp/cmake)
[0.414s] -- Using RMW implementation 'rmw_fastrtps_cpp' as default
[0.561s] -- Configuring done
[0.569s] -- Generating done
[0.570s] -- Build files have been written to: /home/anoushka/ros_workspace/src/build/rrbot_gazebo
[0.577s] Invoked command in '/home/anoushka/ros_workspace/src/build/rrbot_gazebo' returned '0': CMAKE_PREFIX_PATH=/home/anoushka/ros_workspace/src/install/rrbot_description:/home/anoushka/ros_workspace/src/install/rrbot_gazebo:/home/anoushka/ros_workspace/src/install/opencv_test_py:/home/anoushka/ros_workspace/src/install/my_package:/home/anoushka/ros_workspace/src/install/euler_to_quat:/opt/ros/humble /usr/bin/cmake /home/anoushka/ros_workspace/src/rrbot_simulation_files/rrbot_gazebo -DAMENT_CMAKE_SYMLINK_INSTALL=1 -DCMAKE_INSTALL_PREFIX=/home/anoushka/ros_workspace/src/install/rrbot_gazebo
[0.578s] Invoking command in '/home/anoushka/ros_workspace/src/build/rrbot_gazebo': CMAKE_PREFIX_PATH=/home/anoushka/ros_workspace/src/install/rrbot_description:/home/anoushka/ros_workspace/src/install/rrbot_gazebo:/home/anoushka/ros_workspace/src/install/opencv_test_py:/home/anoushka/ros_workspace/src/install/my_package:/home/anoushka/ros_workspace/src/install/euler_to_quat:/opt/ros/humble /usr/bin/cmake --build /home/anoushka/ros_workspace/src/build/rrbot_gazebo -- -j12 -l12
[0.601s] [35m[1mConsolidate compiler generated dependencies of target publisher[0m
[0.610s] [100%] Built target publisher
[0.617s] Invoked command in '/home/anoushka/ros_workspace/src/build/rrbot_gazebo' returned '0': CMAKE_PREFIX_PATH=/home/anoushka/ros_workspace/src/install/rrbot_description:/home/anoushka/ros_workspace/src/install/rrbot_gazebo:/home/anoushka/ros_workspace/src/install/opencv_test_py:/home/anoushka/ros_workspace/src/install/my_package:/home/anoushka/ros_workspace/src/install/euler_to_quat:/opt/ros/humble /usr/bin/cmake --build /home/anoushka/ros_workspace/src/build/rrbot_gazebo -- -j12 -l12
[0.630s] Invoking command in '/home/anoushka/ros_workspace/src/build/rrbot_gazebo': CMAKE_PREFIX_PATH=/home/anoushka/ros_workspace/src/install/rrbot_description:/home/anoushka/ros_workspace/src/install/rrbot_gazebo:/home/anoushka/ros_workspace/src/install/opencv_test_py:/home/anoushka/ros_workspace/src/install/my_package:/home/anoushka/ros_workspace/src/install/euler_to_quat:/opt/ros/humble /usr/bin/cmake --install /home/anoushka/ros_workspace/src/build/rrbot_gazebo
[0.634s] -- Install configuration: ""
[0.634s] -- Execute custom install script
[0.634s] -- Up-to-date symlink: /home/anoushka/ros_workspace/src/install/rrbot_gazebo/lib/rrbot_gazebo/publisher
[0.635s] -- Up-to-date symlink: /home/anoushka/ros_workspace/src/install/rrbot_gazebo/share/rrbot_gazebo/launch/object_spawn.launch.py
[0.635s] -- Up-to-date symlink: /home/anoushka/ros_workspace/src/install/rrbot_gazebo/share/rrbot_gazebo/launch/rrbot_world.launch.py
[0.635s] -- Up-to-date symlink: /home/anoushka/ros_workspace/src/install/rrbot_gazebo/share/rrbot_gazebo/worlds/rrbot.world
[0.635s] -- Up-to-date symlink: /home/anoushka/ros_workspace/src/install/rrbot_gazebo/share/rrbot_gazebo/config/controllers.yaml
[0.635s] -- Up-to-date symlink: /home/anoushka/ros_workspace/src/install/rrbot_gazebo/share/rrbot_gazebo/config/gazebo_controllers.yaml
[0.635s] -- Up-to-date symlink: /home/anoushka/ros_workspace/src/install/rrbot_gazebo/share/ament_index/resource_index/package_run_dependencies/rrbot_gazebo
[0.635s] -- Up-to-date symlink: /home/anoushka/ros_workspace/src/install/rrbot_gazebo/share/ament_index/resource_index/parent_prefix_path/rrbot_gazebo
[0.635s] -- Up-to-date symlink: /home/anoushka/ros_workspace/src/install/rrbot_gazebo/share/rrbot_gazebo/environment/ament_prefix_path.sh
[0.635s] -- Up-to-date symlink: /home/anoushka/ros_workspace/src/install/rrbot_gazebo/share/rrbot_gazebo/environment/ament_prefix_path.dsv
[0.635s] -- Up-to-date symlink: /home/anoushka/ros_workspace/src/install/rrbot_gazebo/share/rrbot_gazebo/environment/path.sh
[0.636s] -- Up-to-date symlink: /home/anoushka/ros_workspace/src/install/rrbot_gazebo/share/rrbot_gazebo/environment/path.dsv
[0.636s] -- Up-to-date symlink: /home/anoushka/ros_workspace/src/install/rrbot_gazebo/share/rrbot_gazebo/local_setup.bash
[0.636s] -- Up-to-date symlink: /home/anoushka/ros_workspace/src/install/rrbot_gazebo/share/rrbot_gazebo/local_setup.sh
[0.636s] -- Up-to-date symlink: /home/anoushka/ros_workspace/src/install/rrbot_gazebo/share/rrbot_gazebo/local_setup.zsh
[0.636s] -- Up-to-date symlink: /home/anoushka/ros_workspace/src/install/rrbot_gazebo/share/rrbot_gazebo/local_setup.dsv
[0.636s] -- Symlinking: /home/anoushka/ros_workspace/src/install/rrbot_gazebo/share/rrbot_gazebo/package.dsv
[0.640s] -- Up-to-date symlink: /home/anoushka/ros_workspace/src/install/rrbot_gazebo/share/ament_index/resource_index/packages/rrbot_gazebo
[0.640s] -- Up-to-date symlink: /home/anoushka/ros_workspace/src/install/rrbot_gazebo/share/rrbot_gazebo/cmake/rrbot_gazeboConfig.cmake
[0.640s] -- Up-to-date symlink: /home/anoushka/ros_workspace/src/install/rrbot_gazebo/share/rrbot_gazebo/cmake/rrbot_gazeboConfig-version.cmake
[0.641s] -- Up-to-date symlink: /home/anoushka/ros_workspace/src/install/rrbot_gazebo/share/rrbot_gazebo/package.xml
[0.643s] Invoked command in '/home/anoushka/ros_workspace/src/build/rrbot_gazebo' returned '0': CMAKE_PREFIX_PATH=/home/anoushka/ros_workspace/src/install/rrbot_description:/home/anoushka/ros_workspace/src/install/rrbot_gazebo:/home/anoushka/ros_workspace/src/install/opencv_test_py:/home/anoushka/ros_workspace/src/install/my_package:/home/anoushka/ros_workspace/src/install/euler_to_quat:/opt/ros/humble /usr/bin/cmake --install /home/anoushka/ros_workspace/src/build/rrbot_gazebo
