[0.332s] Invoking command in '/home/anoushka/ros_workspace/src/my_package': PYTHONPATH=/home/anoushka/ros_workspace/src/install/my_package/lib/python3.10/site-packages:${PYTHONPATH} /usr/bin/python3 setup.py egg_info --egg-base ../build/my_package build --build-base /home/anoushka/ros_workspace/src/build/my_package/build install --prefix /home/anoushka/ros_workspace/src/install/my_package --record /home/anoushka/ros_workspace/src/build/my_package/install.log --single-version-externally-managed
[0.459s] running egg_info
[0.459s] creating ../build/my_package/my_package.egg-info
[0.459s] writing ../build/my_package/my_package.egg-info/PKG-INFO
[0.459s] writing dependency_links to ../build/my_package/my_package.egg-info/dependency_links.txt
[0.460s] writing entry points to ../build/my_package/my_package.egg-info/entry_points.txt
[0.460s] writing requirements to ../build/my_package/my_package.egg-info/requires.txt
[0.460s] writing top-level names to ../build/my_package/my_package.egg-info/top_level.txt
[0.460s] writing manifest file '../build/my_package/my_package.egg-info/SOURCES.txt'
[0.461s] reading manifest file '../build/my_package/my_package.egg-info/SOURCES.txt'
[0.461s] writing manifest file '../build/my_package/my_package.egg-info/SOURCES.txt'
[0.461s] running build
[0.461s] running build_py
[0.461s] creating /home/anoushka/ros_workspace/src/build/my_package/build
[0.461s] creating /home/anoushka/ros_workspace/src/build/my_package/build/lib
[0.461s] creating /home/anoushka/ros_workspace/src/build/my_package/build/lib/my_package
[0.461s] copying my_package/__init__.py -> /home/anoushka/ros_workspace/src/build/my_package/build/lib/my_package
[0.461s] copying my_package/my_node.py -> /home/anoushka/ros_workspace/src/build/my_package/build/lib/my_package
[0.461s] running install
[0.461s] /usr/lib/python3/dist-packages/setuptools/command/install.py:34: SetuptoolsDeprecationWarning: setup.py install is deprecated. Use build and pip and other standards-based tools.
[0.461s]   warnings.warn(
[0.462s] running install_lib
[0.462s] creating /home/anoushka/ros_workspace/src/install/my_package/lib/python3.10/site-packages/my_package
[0.462s] copying /home/anoushka/ros_workspace/src/build/my_package/build/lib/my_package/__init__.py -> /home/anoushka/ros_workspace/src/install/my_package/lib/python3.10/site-packages/my_package
[0.462s] copying /home/anoushka/ros_workspace/src/build/my_package/build/lib/my_package/my_node.py -> /home/anoushka/ros_workspace/src/install/my_package/lib/python3.10/site-packages/my_package
[0.462s] byte-compiling /home/anoushka/ros_workspace/src/install/my_package/lib/python3.10/site-packages/my_package/__init__.py to __init__.cpython-310.pyc
[0.462s] byte-compiling /home/anoushka/ros_workspace/src/install/my_package/lib/python3.10/site-packages/my_package/my_node.py to my_node.cpython-310.pyc
[0.462s] running install_data
[0.463s] creating /home/anoushka/ros_workspace/src/install/my_package/share/ament_index
[0.463s] creating /home/anoushka/ros_workspace/src/install/my_package/share/ament_index/resource_index
[0.463s] creating /home/anoushka/ros_workspace/src/install/my_package/share/ament_index/resource_index/packages
[0.463s] copying resource/my_package -> /home/anoushka/ros_workspace/src/install/my_package/share/ament_index/resource_index/packages
[0.463s] copying package.xml -> /home/anoushka/ros_workspace/src/install/my_package/share/my_package
[0.463s] running install_egg_info
[0.464s] Copying ../build/my_package/my_package.egg-info to /home/anoushka/ros_workspace/src/install/my_package/lib/python3.10/site-packages/my_package-0.0.0-py3.10.egg-info
[0.464s] running install_scripts
[0.477s] Installing my_node script to /home/anoushka/ros_workspace/src/install/my_package/lib/my_package
[0.477s] writing list of installed files to '/home/anoushka/ros_workspace/src/build/my_package/install.log'
[0.492s] Invoked command in '/home/anoushka/ros_workspace/src/my_package' returned '0': PYTHONPATH=/home/anoushka/ros_workspace/src/install/my_package/lib/python3.10/site-packages:${PYTHONPATH} /usr/bin/python3 setup.py egg_info --egg-base ../build/my_package build --build-base /home/anoushka/ros_workspace/src/build/my_package/build install --prefix /home/anoushka/ros_workspace/src/install/my_package --record /home/anoushka/ros_workspace/src/build/my_package/install.log --single-version-externally-managed
