[1.183s] Invoking command in '/home/anoushka/ros_workspace/src/build/euler_to_quat': PYTHONPATH=/home/anoushka/ros_workspace/src/install/euler_to_quat/lib/python3.10/site-packages:${PYTHONPATH} /usr/bin/python3 setup.py develop --prefix /home/anoushka/ros_workspace/src/install/euler_to_quat --editable --build-directory /home/anoushka/ros_workspace/src/build/euler_to_quat/build --no-deps install_data --install-dir /home/anoushka/ros_workspace/src/install/euler_to_quat
[1.492s] running develop
[1.492s] /usr/lib/python3/dist-packages/setuptools/command/easy_install.py:158: EasyInstallDeprecationWarning: easy_install command is deprecated. Use build and pip and other standards-based tools.
[1.492s]   warnings.warn(
[1.494s] /usr/lib/python3/dist-packages/setuptools/command/install.py:34: SetuptoolsDeprecationWarning: setup.py install is deprecated. Use build and pip and other standards-based tools.
[1.494s]   warnings.warn(
[1.554s] /usr/lib/python3/dist-packages/pkg_resources/__init__.py:116: PkgResourcesDeprecationWarning: 1.1build1 is an invalid version and will not be supported in a future release
[1.554s]   warnings.warn(
[1.555s] /usr/lib/python3/dist-packages/pkg_resources/__init__.py:116: PkgResourcesDeprecationWarning: 0.1.43ubuntu1 is an invalid version and will not be supported in a future release
[1.555s]   warnings.warn(
[1.665s] running egg_info
[1.665s] writing euler_to_quat.egg-info/PKG-INFO
[1.665s] writing dependency_links to euler_to_quat.egg-info/dependency_links.txt
[1.665s] writing entry points to euler_to_quat.egg-info/entry_points.txt
[1.666s] writing requirements to euler_to_quat.egg-info/requires.txt
[1.666s] writing top-level names to euler_to_quat.egg-info/top_level.txt
[1.668s] reading manifest file 'euler_to_quat.egg-info/SOURCES.txt'
[1.668s] writing manifest file 'euler_to_quat.egg-info/SOURCES.txt'
[1.670s] running build_ext
[1.670s] Creating /home/anoushka/ros_workspace/src/install/euler_to_quat/lib/python3.10/site-packages/euler-to-quat.egg-link (link to .)
[1.671s] Installing listener script to /home/anoushka/ros_workspace/src/install/euler_to_quat/lib/euler_to_quat
[1.671s] 
[1.672s] Installed /home/anoushka/ros_workspace/src/build/euler_to_quat
[1.672s] running install_data
[1.712s] Invoked command in '/home/anoushka/ros_workspace/src/build/euler_to_quat' returned '0': PYTHONPATH=/home/anoushka/ros_workspace/src/install/euler_to_quat/lib/python3.10/site-packages:${PYTHONPATH} /usr/bin/python3 setup.py develop --prefix /home/anoushka/ros_workspace/src/install/euler_to_quat --editable --build-directory /home/anoushka/ros_workspace/src/build/euler_to_quat/build --no-deps install_data --install-dir /home/anoushka/ros_workspace/src/install/euler_to_quat
